#
# A fatal error has been detected by the Java Runtime Environment:
#
#  EXCEPTION_ACCESS_VIOLATION (0xc0000005) at pc=0x00007ffb928e1f0f, pid=16976, tid=12444
#
# JRE version: Java(TM) SE Runtime Environment (18.0.1+10) (build 18.0.1+10-24)
# Java VM: Java HotSpot(TM) 64-Bit Server VM (18.0.1+10-24, mixed mode, sharing, tiered, compressed oops, compressed class ptrs, g1 gc, windows-amd64)
# Problematic frame:
# C  [AEB0.tmp+0x1f0f]
#
# No core dump will be written. Minidumps are not enabled by default on client versions of Windows
#
# If you would like to submit a bug report, please visit:
#   https://bugreport.java.com/bugreport/crash.jsp
#

---------------  S U M M A R Y ------------

Command Line: -javaagent:D:\Programe Files\IntelliJ IDEA Community Edition 2022.3.3\lib\idea_rt.jar=60937:D:\Programe Files\IntelliJ IDEA Community Edition 2022.3.3\bin -Dfile.encoding=UTF-8 -Dsun.stdout.encoding=UTF-8 -Dsun.stderr.encoding=UTF-8 VoiceTypingApp

Host: Intel(R) Core(TM) i5-4570 CPU @ 3.20GHz, 4 cores, 23G,  Windows 10 , 64 bit Build 19041 (10.0.19041.2788)
Time: Sat May  6 19:15:42 2023 India Standard Time elapsed time: 977.815488 seconds (0d 0h 16m 17s)

---------------  T H R E A D  ---------------

Current thread (0x000002005fea8f80):  VMThread "VM Thread" [stack: 0x000000a0c3f00000,0x000000a0c4000000] [id=12444]

Stack: [0x000000a0c3f00000,0x000000a0c4000000],  sp=0x000000a0c3fff510,  free space=1021k
Native frames: (J=compiled Java code, j=interpreted, Vv=VM code, C=native code)
C  [AEB0.tmp+0x1f0f]


siginfo: EXCEPTION_ACCESS_VIOLATION (0xc0000005), reading address 0x00007ffbca279dd0


Register to memory mapping:

RIP=0x00007ffb928e1f0f AEB0.tmp
RAX=0x00007ffbca279dc0 is an unknown value
RBX=0x000000007ffe0385 points into unknown readable memory: 00 00 00
RCX=0x000002006502bb08 points into unknown readable memory: 0x00007ffbca279dc0 | c0 9d 27 ca fb 7f 00 00
RDX=0x0 is NULL
RSP=0x000000a0c3fff510 points into unknown readable memory: 0x0000000002360fb8 | b8 0f 36 02 00 00 00 00
RBP=0x000000a0c3fff7e0 points into unknown readable memory: 0x000002005fea4c00 | 00 4c ea 5f 00 02 00 00
RSI=0x00007ffb928e0000 AEB0.tmp
RDI=0x0 is NULL
R8 =0x0000000000000001 is an unknown value
R9 =0x0000000000000001 is an unknown value
R10=0x000000007ffe0384 points into unknown readable memory: 00 00 00 00
R11=0x000000a0c3fff580 points into unknown readable memory: 0x00007ffb928e0000 | 00 00 8e 92 fb 7f 00 00
R12=0x00007ffb928e22e4 AEB0.tmp
R13=0x00007ffb3ae7fc00 jvm.dll
R14=0x0000000000000001 is an unknown value
R15=0x0000000000000001 is an unknown value


Registers:
RAX=0x00007ffbca279dc0, RBX=0x000000007ffe0385, RCX=0x000002006502bb08, RDX=0x0000000000000000
RSP=0x000000a0c3fff510, RBP=0x000000a0c3fff7e0, RSI=0x00007ffb928e0000, RDI=0x0000000000000000
R8 =0x0000000000000001, R9 =0x0000000000000001, R10=0x000000007ffe0384, R11=0x000000a0c3fff580
R12=0x00007ffb928e22e4, R13=0x00007ffb3ae7fc00, R14=0x0000000000000001, R15=0x0000000000000001
RIP=0x00007ffb928e1f0f, EFLAGS=0x0000000000010246

Top of Stack: (sp=0x000000a0c3fff510)
0x000000a0c3fff510:   0000000002360fb8 00007ffba0470000
0x000000a0c3fff520:   0000000000000001 00007ffbd8449993
0x000000a0c3fff530:   0000000000000001 00007ffb928e21f9
0x000000a0c3fff540:   0000000000000001 0000000000000000
0x000000a0c3fff550:   0000000000000000 0000000000000001
0x000000a0c3fff560:   0000000000000000 0000000000000000
0x000000a0c3fff570:   0000000000000001 0000f50be47fff7c
0x000000a0c3fff580:   00007ffb928e0000 000000007ffe0384
0x000000a0c3fff590:   0000000000000000 00007ffbd8449a1d
0x000000a0c3fff5a0:   00007ffb928e0000 0000000000000000
0x000000a0c3fff5b0:   0000000000000001 000000007ffe0385
0x000000a0c3fff5c0:   0000000002360fb8 000000a0c3fff7e0
0x000000a0c3fff5d0:   0000f50b00000000 0000000000000014
0x000000a0c3fff5e0:   0000000000000000 00007ffb928e22e4
0x000000a0c3fff5f0:   00007ffb3abedfb8 000002006443f520
0x000000a0c3fff600:   000000a0c38ff300 00007ffbd848dcec 

Instructions: (pc=0x00007ffb928e1f0f)
0x00007ffb928e1e0f:   50 49 83 38 00 75 4a b8 ff ff 00 00 66 41 39 40
0x00007ffb928e1e1f:   0a 75 3e 49 8b 48 18 48 83 ca ff e8 31 f9 ff ff
0x00007ffb928e1e2f:   eb 2f 2d 21 01 00 00 74 14 83 f8 04 75 23 49 8b
0x00007ffb928e1e3f:   50 08 49 8b 48 18 e8 16 f9 ff ff eb 14 49 83 78
0x00007ffb928e1e4f:   08 02 75 0d 48 83 ca ff 49 8b 48 18 e8 e0 f5 ff
0x00007ffb928e1e5f:   ff 4c 8b cb 4c 8b c6 8b d7 33 c9 48 8b 5c 24 30
0x00007ffb928e1e6f:   48 8b 74 24 38 48 83 c4 20 5f 48 ff 25 f8 f3 00
0x00007ffb928e1e7f:   00 48 89 5c 24 08 48 89 74 24 10 57 48 83 ec 20
0x00007ffb928e1e8f:   49 8b d8 48 8b f2 8b f9 85 c9 75 16 41 81 78 08
0x00007ffb928e1e9f:   12 01 00 00 75 0c 49 8b 10 49 8b 48 10 e8 4f fc
0x00007ffb928e1eaf:   ff ff 4c 8b cb 4c 8b c6 8b d7 33 c9 48 8b 5c 24
0x00007ffb928e1ebf:   30 48 8b 74 24 38 48 83 c4 20 5f 48 ff 25 a7 f3
0x00007ffb928e1ecf:   00 00 cc cc cc cc cc cc cc cc cc cc cc cc cc cc
0x00007ffb928e1edf:   cc 48 83 ec 28 83 fa 01 75 0f e8 62 f4 ff ff b8
0x00007ffb928e1eef:   01 00 00 00 48 83 c4 28 c3 85 d2 75 3a 83 3d 11
0x00007ffb928e1eff:   ac 01 00 01 75 31 48 8b 0d fc ab 01 00 48 8b 01
0x00007ffb928e1f0f:   ff 50 10 48 8b 0d ff ab 01 00 48 8b 01 ff 50 10
0x00007ffb928e1f1f:   48 8b 0d da ab 01 00 48 8b 01 ff 50 10 c7 05 de
0x00007ffb928e1f2f:   ab 01 00 00 00 00 00 b8 01 00 00 00 48 83 c4 28
0x00007ffb928e1f3f:   c3 cc cc cc cc cc cc 66 66 0f 1f 84 00 00 00 00
0x00007ffb928e1f4f:   00 48 3b 0d a9 90 01 00 f2 75 12 48 c1 c1 10 66
0x00007ffb928e1f5f:   f7 c1 ff ff f2 75 02 f2 c3 48 c1 c9 10 e9 e7 03
0x00007ffb928e1f6f:   00 00 cc cc cc 48 83 ec 28 85 d2 74 39 83 ea 01
0x00007ffb928e1f7f:   74 28 83 ea 01 74 16 83 fa 01 74 0a b8 01 00 00
0x00007ffb928e1f8f:   00 48 83 c4 28 c3 e8 d6 06 00 00 eb 05 e8 a7 06
0x00007ffb928e1f9f:   00 00 0f b6 c0 48 83 c4 28 c3 49 8b d0 48 83 c4
0x00007ffb928e1faf:   28 e9 0f 00 00 00 4d 85 c0 0f 95 c1 48 83 c4 28
0x00007ffb928e1fbf:   e9 2c 01 00 00 48 89 5c 24 08 48 89 74 24 10 48
0x00007ffb928e1fcf:   89 7c 24 20 41 56 48 83 ec 20 48 8b f2 4c 8b f1
0x00007ffb928e1fdf:   33 c9 e8 4a 07 00 00 84 c0 75 07 33 c0 e9 e8 00
0x00007ffb928e1fef:   00 00 e8 ca 05 00 00 8a d8 88 44 24 40 40 b7 01
0x00007ffb928e1fff:   83 3d ca 9e 01 00 00 74 0a b9 07 00 00 00 e8 86 


Stack slot to memory mapping:
stack at sp + 0 slots: 0x0000000002360fb8 is an unknown value
stack at sp + 1 slots: 0x00007ffba0470000 RBHook.dll
stack at sp + 2 slots: 0x0000000000000001 is an unknown value
stack at sp + 3 slots: 0x00007ffbd8449993 ntdll.dll
stack at sp + 4 slots: 0x0000000000000001 is an unknown value
stack at sp + 5 slots: 0x00007ffb928e21f9 AEB0.tmp
stack at sp + 6 slots: 0x0000000000000001 is an unknown value
stack at sp + 7 slots: 0x0 is NULL

VM_Operation (0x000000a0c38ff3b0): Exit, mode: safepoint, requested by thread 0x00000200650d4a20


---------------  P R O C E S S  ---------------

Threads class SMR info:
_java_thread_list=0x000002006512f760, length=18, elements={
0x000002005feadea0, 0x000002005feaea10, 0x000002005fec4640, 0x000002005fec4ef0,
0x000002005fec57a0, 0x000002005fec6380, 0x000002005fec6c70, 0x000002005ff429d0,
0x000002005fe9b9d0, 0x0000020064209000, 0x00000200642094c0, 0x00000200644231f0,
0x0000020064423b30, 0x00000200644446d0, 0x0000020038daf600, 0x00000200650d1530,
0x00000200650d4a20, 0x00000200650d1060
}

Java Threads: ( => current thread )
  0x000002005feadea0 JavaThread "Reference Handler" daemon [_thread_blocked, id=11968, stack(0x000000a0c4000000,0x000000a0c4100000)]
  0x000002005feaea10 JavaThread "Finalizer" daemon [_thread_blocked, id=10408, stack(0x000000a0c4100000,0x000000a0c4200000)]
  0x000002005fec4640 JavaThread "Attach Listener" daemon [_thread_blocked, id=11756, stack(0x000000a0c4300000,0x000000a0c4400000)]
  0x000002005fec4ef0 JavaThread "Service Thread" daemon [_thread_blocked, id=5652, stack(0x000000a0c4400000,0x000000a0c4500000)]
  0x000002005fec57a0 JavaThread "Monitor Deflation Thread" daemon [_thread_blocked, id=11860, stack(0x000000a0c4500000,0x000000a0c4600000)]
  0x000002005fec6380 JavaThread "C2 CompilerThread0" daemon [_thread_blocked, id=1368, stack(0x000000a0c4600000,0x000000a0c4700000)]
  0x000002005fec6c70 JavaThread "C1 CompilerThread0" daemon [_thread_blocked, id=10428, stack(0x000000a0c4700000,0x000000a0c4800000)]
  0x000002005ff429d0 JavaThread "Sweeper thread" daemon [_thread_blocked, id=18316, stack(0x000000a0c4800000,0x000000a0c4900000)]
  0x000002005fe9b9d0 JavaThread "Common-Cleaner" daemon [_thread_blocked, id=1120, stack(0x000000a0c4900000,0x000000a0c4a00000)]
  0x0000020064209000 JavaThread "Monitor Ctrl-Break" daemon [_thread_in_native, id=16592, stack(0x000000a0c4a00000,0x000000a0c4b00000)]
  0x00000200642094c0 JavaThread "Notification Thread" daemon [_thread_blocked, id=15972, stack(0x000000a0c4b00000,0x000000a0c4c00000)]
  0x00000200644231f0 JavaThread "Java2D Disposer" daemon [_thread_blocked, id=12612, stack(0x000000a0c4d00000,0x000000a0c4e00000)]
  0x0000020064423b30 JavaThread "AWT-Shutdown" [_thread_blocked, id=5112, stack(0x000000a0c4e00000,0x000000a0c4f00000)]
  0x00000200644446d0 JavaThread "AWT-EventQueue-0" [_thread_blocked, id=16036, stack(0x000000a0c5000000,0x000000a0c5100000)]
  0x0000020038daf600 JavaThread "DestroyJavaVM" [_thread_blocked, id=10848, stack(0x000000a0c3900000,0x000000a0c3a00000)]
  0x00000200650d1530 JavaThread "TimerQueue" daemon [_thread_blocked, id=8512, stack(0x000000a0c5400000,0x000000a0c5500000)]
  0x00000200650d4a20 JavaThread "SIGINT handler" daemon [_thread_blocked, id=16112, stack(0x000000a0c3800000,0x000000a0c3900000)]
  0x00000200650d1060 JavaThread "ToolkitShutdown" daemon [_thread_blocked, id=10756, stack(0x000000a0c5200000,0x000000a0c5300000)]

Other Threads:
=>0x000002005fea8f80 VMThread "VM Thread" [stack: 0x000000a0c3f00000,0x000000a0c4000000] [id=12444]
  0x0000020038e3d3d0 WorkerThread "GC Thread#0" [stack: 0x000000a0c3a00000,0x000000a0c3b00000] [id=6764]
  0x0000020038e4c170 ConcurrentGCThread "G1 Main Marker" terminated
  0x0000020038e4ca70 WorkerThread "G1 Conc#0" [stack: 0x000000a0c3c00000,0x000000a0c3d00000] [id=17316]
  0x0000020038e7d650 ConcurrentGCThread "G1 Refine#0" terminated
  0x000002005fd660a0 ConcurrentGCThread "G1 Service" terminated

Threads with active compile tasks:

VM state: at safepoint (shutting down)

VM Mutex/Monitor currently owned by a thread:  ([mutex/lock_event])
[0x0000020038dab330] Threads_lock - owner thread: 0x000002005fea8f80
[0x0000020038dab0f0] Heap_lock - owner thread: 0x00000200650d4a20

Heap address: 0x0000000681800000, size: 6120 MB, Compressed Oops mode: Zero based, Oop shift amount: 3

CDS archive(s) mapped at: [0x0000000800000000-0x0000000800ba0000-0x0000000800ba0000), size 12189696, SharedBaseAddress: 0x0000000800000000, ArchiveRelocationMode: 0.
Compressed class space mapped at: 0x0000000800c00000-0x0000000840c00000, reserved size: 1073741824
Narrow klass base: 0x0000000800000000, Narrow klass shift: 0, Narrow klass range: 0x100000000

GC Precious Log:
 CardTable entry size: 512
 Card Set container configuration: InlinePtr #cards 4 size 8 Array Of Cards #cards 32 size 80 Howl #buckets 8 coarsen threshold 7372 Howl Bitmap #cards 1024 size 144 coarsen threshold 921 Card regions per heap region 1 cards per card region 8192
 CPUs: 4 total, 4 available
 Memory: 24465M
 Large Page Support: Disabled
 NUMA Support: Disabled
 Compressed Oops: Enabled (Zero based)
 Heap Region Size: 4M
 Heap Min Capacity: 8M
 Heap Initial Capacity: 384M
 Heap Max Capacity: 6120M
 Pre-touch: Disabled
 Parallel Workers: 4
 Concurrent Workers: 1
 Concurrent Refinement Workers: 4
 Periodic GC: Disabled

Heap:
 garbage-first heap   total 393216K, used 12288K [0x0000000681800000, 0x0000000800000000)
  region size 4096K, 4 young (16384K), 0 survivors (0K)
 Metaspace       used 8812K, committed 9024K, reserved 1114112K
  class space    used 919K, committed 1024K, reserved 1048576K

Heap Regions: E=young(eden), S=young(survivor), O=old, HS=humongous(starts), HC=humongous(continues), CS=collection set, F=free, OA=open archive, CA=closed archive, TAMS=top-at-mark-start (previous, next)
|   0|0x0000000681800000, 0x0000000681800000, 0x0000000681c00000|  0%| F|  |TAMS 0x0000000681800000, 0x0000000681800000| Untracked 
|   1|0x0000000681c00000, 0x0000000681c00000, 0x0000000682000000|  0%| F|  |TAMS 0x0000000681c00000, 0x0000000681c00000| Untracked 
|   2|0x0000000682000000, 0x0000000682000000, 0x0000000682400000|  0%| F|  |TAMS 0x0000000682000000, 0x0000000682000000| Untracked 
|   3|0x0000000682400000, 0x0000000682400000, 0x0000000682800000|  0%| F|  |TAMS 0x0000000682400000, 0x0000000682400000| Untracked 
|   4|0x0000000682800000, 0x0000000682800000, 0x0000000682c00000|  0%| F|  |TAMS 0x0000000682800000, 0x0000000682800000| Untracked 
|   5|0x0000000682c00000, 0x0000000682c00000, 0x0000000683000000|  0%| F|  |TAMS 0x0000000682c00000, 0x0000000682c00000| Untracked 
|   6|0x0000000683000000, 0x0000000683000000, 0x0000000683400000|  0%| F|  |TAMS 0x0000000683000000, 0x0000000683000000| Untracked 
|   7|0x0000000683400000, 0x0000000683400000, 0x0000000683800000|  0%| F|  |TAMS 0x0000000683400000, 0x0000000683400000| Untracked 
|   8|0x0000000683800000, 0x0000000683800000, 0x0000000683c00000|  0%| F|  |TAMS 0x0000000683800000, 0x0000000683800000| Untracked 
|   9|0x0000000683c00000, 0x0000000683c00000, 0x0000000684000000|  0%| F|  |TAMS 0x0000000683c00000, 0x0000000683c00000| Untracked 
|  10|0x0000000684000000, 0x0000000684000000, 0x0000000684400000|  0%| F|  |TAMS 0x0000000684000000, 0x0000000684000000| Untracked 
|  11|0x0000000684400000, 0x0000000684400000, 0x0000000684800000|  0%| F|  |TAMS 0x0000000684400000, 0x0000000684400000| Untracked 
|  12|0x0000000684800000, 0x0000000684800000, 0x0000000684c00000|  0%| F|  |TAMS 0x0000000684800000, 0x0000000684800000| Untracked 
|  13|0x0000000684c00000, 0x0000000684c00000, 0x0000000685000000|  0%| F|  |TAMS 0x0000000684c00000, 0x0000000684c00000| Untracked 
|  14|0x0000000685000000, 0x0000000685000000, 0x0000000685400000|  0%| F|  |TAMS 0x0000000685000000, 0x0000000685000000| Untracked 
|  15|0x0000000685400000, 0x0000000685400000, 0x0000000685800000|  0%| F|  |TAMS 0x0000000685400000, 0x0000000685400000| Untracked 
|  16|0x0000000685800000, 0x0000000685800000, 0x0000000685c00000|  0%| F|  |TAMS 0x0000000685800000, 0x0000000685800000| Untracked 
|  17|0x0000000685c00000, 0x0000000685c00000, 0x0000000686000000|  0%| F|  |TAMS 0x0000000685c00000, 0x0000000685c00000| Untracked 
|  18|0x0000000686000000, 0x0000000686000000, 0x0000000686400000|  0%| F|  |TAMS 0x0000000686000000, 0x0000000686000000| Untracked 
|  19|0x0000000686400000, 0x0000000686400000, 0x0000000686800000|  0%| F|  |TAMS 0x0000000686400000, 0x0000000686400000| Untracked 
|  20|0x0000000686800000, 0x0000000686800000, 0x0000000686c00000|  0%| F|  |TAMS 0x0000000686800000, 0x0000000686800000| Untracked 
|  21|0x0000000686c00000, 0x0000000686c00000, 0x0000000687000000|  0%| F|  |TAMS 0x0000000686c00000, 0x0000000686c00000| Untracked 
|  22|0x0000000687000000, 0x0000000687000000, 0x0000000687400000|  0%| F|  |TAMS 0x0000000687000000, 0x0000000687000000| Untracked 
|  23|0x0000000687400000, 0x0000000687400000, 0x0000000687800000|  0%| F|  |TAMS 0x0000000687400000, 0x0000000687400000| Untracked 
|  24|0x0000000687800000, 0x0000000687800000, 0x0000000687c00000|  0%| F|  |TAMS 0x0000000687800000, 0x0000000687800000| Untracked 
|  25|0x0000000687c00000, 0x0000000687c00000, 0x0000000688000000|  0%| F|  |TAMS 0x0000000687c00000, 0x0000000687c00000| Untracked 
|  26|0x0000000688000000, 0x0000000688000000, 0x0000000688400000|  0%| F|  |TAMS 0x0000000688000000, 0x0000000688000000| Untracked 
|  27|0x0000000688400000, 0x0000000688400000, 0x0000000688800000|  0%| F|  |TAMS 0x0000000688400000, 0x0000000688400000| Untracked 
|  28|0x0000000688800000, 0x0000000688800000, 0x0000000688c00000|  0%| F|  |TAMS 0x0000000688800000, 0x0000000688800000| Untracked 
|  29|0x0000000688c00000, 0x0000000688c00000, 0x0000000689000000|  0%| F|  |TAMS 0x0000000688c00000, 0x0000000688c00000| Untracked 
|  30|0x0000000689000000, 0x0000000689000000, 0x0000000689400000|  0%| F|  |TAMS 0x0000000689000000, 0x0000000689000000| Untracked 
|  31|0x0000000689400000, 0x0000000689400000, 0x0000000689800000|  0%| F|  |TAMS 0x0000000689400000, 0x0000000689400000| Untracked 
|  32|0x0000000689800000, 0x0000000689800000, 0x0000000689c00000|  0%| F|  |TAMS 0x0000000689800000, 0x0000000689800000| Untracked 
|  33|0x0000000689c00000, 0x0000000689c00000, 0x000000068a000000|  0%| F|  |TAMS 0x0000000689c00000, 0x0000000689c00000| Untracked 
|  34|0x000000068a000000, 0x000000068a000000, 0x000000068a400000|  0%| F|  |TAMS 0x000000068a000000, 0x000000068a000000| Untracked 
|  35|0x000000068a400000, 0x000000068a400000, 0x000000068a800000|  0%| F|  |TAMS 0x000000068a400000, 0x000000068a400000| Untracked 
|  36|0x000000068a800000, 0x000000068a800000, 0x000000068ac00000|  0%| F|  |TAMS 0x000000068a800000, 0x000000068a800000| Untracked 
|  37|0x000000068ac00000, 0x000000068ac00000, 0x000000068b000000|  0%| F|  |TAMS 0x000000068ac00000, 0x000000068ac00000| Untracked 
|  38|0x000000068b000000, 0x000000068b000000, 0x000000068b400000|  0%| F|  |TAMS 0x000000068b000000, 0x000000068b000000| Untracked 
|  39|0x000000068b400000, 0x000000068b400000, 0x000000068b800000|  0%| F|  |TAMS 0x000000068b400000, 0x000000068b400000| Untracked 
|  40|0x000000068b800000, 0x000000068b800000, 0x000000068bc00000|  0%| F|  |TAMS 0x000000068b800000, 0x000000068b800000| Untracked 
|  41|0x000000068bc00000, 0x000000068bc00000, 0x000000068c000000|  0%| F|  |TAMS 0x000000068bc00000, 0x000000068bc00000| Untracked 
|  42|0x000000068c000000, 0x000000068c000000, 0x000000068c400000|  0%| F|  |TAMS 0x000000068c000000, 0x000000068c000000| Untracked 
|  43|0x000000068c400000, 0x000000068c400000, 0x000000068c800000|  0%| F|  |TAMS 0x000000068c400000, 0x000000068c400000| Untracked 
|  44|0x000000068c800000, 0x000000068c800000, 0x000000068cc00000|  0%| F|  |TAMS 0x000000068c800000, 0x000000068c800000| Untracked 
|  45|0x000000068cc00000, 0x000000068cc00000, 0x000000068d000000|  0%| F|  |TAMS 0x000000068cc00000, 0x000000068cc00000| Untracked 
|  46|0x000000068d000000, 0x000000068d000000, 0x000000068d400000|  0%| F|  |TAMS 0x000000068d000000, 0x000000068d000000| Untracked 
|  47|0x000000068d400000, 0x000000068d400000, 0x000000068d800000|  0%| F|  |TAMS 0x000000068d400000, 0x000000068d400000| Untracked 
|  48|0x000000068d800000, 0x000000068d800000, 0x000000068dc00000|  0%| F|  |TAMS 0x000000068d800000, 0x000000068d800000| Untracked 
|  49|0x000000068dc00000, 0x000000068dc00000, 0x000000068e000000|  0%| F|  |TAMS 0x000000068dc00000, 0x000000068dc00000| Untracked 
|  50|0x000000068e000000, 0x000000068e000000, 0x000000068e400000|  0%| F|  |TAMS 0x000000068e000000, 0x000000068e000000| Untracked 
|  51|0x000000068e400000, 0x000000068e400000, 0x000000068e800000|  0%| F|  |TAMS 0x000000068e400000, 0x000000068e400000| Untracked 
|  52|0x000000068e800000, 0x000000068e800000, 0x000000068ec00000|  0%| F|  |TAMS 0x000000068e800000, 0x000000068e800000| Untracked 
|  53|0x000000068ec00000, 0x000000068ec00000, 0x000000068f000000|  0%| F|  |TAMS 0x000000068ec00000, 0x000000068ec00000| Untracked 
|  54|0x000000068f000000, 0x000000068f000000, 0x000000068f400000|  0%| F|  |TAMS 0x000000068f000000, 0x000000068f000000| Untracked 
|  55|0x000000068f400000, 0x000000068f400000, 0x000000068f800000|  0%| F|  |TAMS 0x000000068f400000, 0x000000068f400000| Untracked 
|  56|0x000000068f800000, 0x000000068f800000, 0x000000068fc00000|  0%| F|  |TAMS 0x000000068f800000, 0x000000068f800000| Untracked 
|  57|0x000000068fc00000, 0x000000068fc00000, 0x0000000690000000|  0%| F|  |TAMS 0x000000068fc00000, 0x000000068fc00000| Untracked 
|  58|0x0000000690000000, 0x0000000690000000, 0x0000000690400000|  0%| F|  |TAMS 0x0000000690000000, 0x0000000690000000| Untracked 
|  59|0x0000000690400000, 0x0000000690400000, 0x0000000690800000|  0%| F|  |TAMS 0x0000000690400000, 0x0000000690400000| Untracked 
|  60|0x0000000690800000, 0x0000000690800000, 0x0000000690c00000|  0%| F|  |TAMS 0x0000000690800000, 0x0000000690800000| Untracked 
|  61|0x0000000690c00000, 0x0000000690c00000, 0x0000000691000000|  0%| F|  |TAMS 0x0000000690c00000, 0x0000000690c00000| Untracked 
|  62|0x0000000691000000, 0x0000000691000000, 0x0000000691400000|  0%| F|  |TAMS 0x0000000691000000, 0x0000000691000000| Untracked 
|  63|0x0000000691400000, 0x0000000691400000, 0x0000000691800000|  0%| F|  |TAMS 0x0000000691400000, 0x0000000691400000| Untracked 
|  64|0x0000000691800000, 0x0000000691800000, 0x0000000691c00000|  0%| F|  |TAMS 0x0000000691800000, 0x0000000691800000| Untracked 
|  65|0x0000000691c00000, 0x0000000691c00000, 0x0000000692000000|  0%| F|  |TAMS 0x0000000691c00000, 0x0000000691c00000| Untracked 
|  66|0x0000000692000000, 0x0000000692000000, 0x0000000692400000|  0%| F|  |TAMS 0x0000000692000000, 0x0000000692000000| Untracked 
|  67|0x0000000692400000, 0x0000000692400000, 0x0000000692800000|  0%| F|  |TAMS 0x0000000692400000, 0x0000000692400000| Untracked 
|  68|0x0000000692800000, 0x0000000692800000, 0x0000000692c00000|  0%| F|  |TAMS 0x0000000692800000, 0x0000000692800000| Untracked 
|  69|0x0000000692c00000, 0x0000000692c00000, 0x0000000693000000|  0%| F|  |TAMS 0x0000000692c00000, 0x0000000692c00000| Untracked 
|  70|0x0000000693000000, 0x0000000693000000, 0x0000000693400000|  0%| F|  |TAMS 0x0000000693000000, 0x0000000693000000| Untracked 
|  71|0x0000000693400000, 0x0000000693400000, 0x0000000693800000|  0%| F|  |TAMS 0x0000000693400000, 0x0000000693400000| Untracked 
|  72|0x0000000693800000, 0x0000000693800000, 0x0000000693c00000|  0%| F|  |TAMS 0x0000000693800000, 0x0000000693800000| Untracked 
|  73|0x0000000693c00000, 0x0000000693c00000, 0x0000000694000000|  0%| F|  |TAMS 0x0000000693c00000, 0x0000000693c00000| Untracked 
|  74|0x0000000694000000, 0x0000000694000000, 0x0000000694400000|  0%| F|  |TAMS 0x0000000694000000, 0x0000000694000000| Untracked 
|  75|0x0000000694400000, 0x0000000694400000, 0x0000000694800000|  0%| F|  |TAMS 0x0000000694400000, 0x0000000694400000| Untracked 
|  76|0x0000000694800000, 0x0000000694800000, 0x0000000694c00000|  0%| F|  |TAMS 0x0000000694800000, 0x0000000694800000| Untracked 
|  77|0x0000000694c00000, 0x0000000694c00000, 0x0000000695000000|  0%| F|  |TAMS 0x0000000694c00000, 0x0000000694c00000| Untracked 
|  78|0x0000000695000000, 0x0000000695000000, 0x0000000695400000|  0%| F|  |TAMS 0x0000000695000000, 0x0000000695000000| Untracked 
|  79|0x0000000695400000, 0x0000000695400000, 0x0000000695800000|  0%| F|  |TAMS 0x0000000695400000, 0x0000000695400000| Untracked 
|  80|0x0000000695800000, 0x0000000695800000, 0x0000000695c00000|  0%| F|  |TAMS 0x0000000695800000, 0x0000000695800000| Untracked 
|  81|0x0000000695c00000, 0x0000000695c00000, 0x0000000696000000|  0%| F|  |TAMS 0x0000000695c00000, 0x0000000695c00000| Untracked 
|  82|0x0000000696000000, 0x0000000696000000, 0x0000000696400000|  0%| F|  |TAMS 0x0000000696000000, 0x0000000696000000| Untracked 
|  83|0x0000000696400000, 0x0000000696400000, 0x0000000696800000|  0%| F|  |TAMS 0x0000000696400000, 0x0000000696400000| Untracked 
|  84|0x0000000696800000, 0x0000000696800000, 0x0000000696c00000|  0%| F|  |TAMS 0x0000000696800000, 0x0000000696800000| Untracked 
|  85|0x0000000696c00000, 0x0000000696c00000, 0x0000000697000000|  0%| F|  |TAMS 0x0000000696c00000, 0x0000000696c00000| Untracked 
|  86|0x0000000697000000, 0x0000000697000000, 0x0000000697400000|  0%| F|  |TAMS 0x0000000697000000, 0x0000000697000000| Untracked 
|  87|0x0000000697400000, 0x0000000697400000, 0x0000000697800000|  0%| F|  |TAMS 0x0000000697400000, 0x0000000697400000| Untracked 
|  88|0x0000000697800000, 0x0000000697800000, 0x0000000697c00000|  0%| F|  |TAMS 0x0000000697800000, 0x0000000697800000| Untracked 
|  89|0x0000000697c00000, 0x0000000697c00000, 0x0000000698000000|  0%| F|  |TAMS 0x0000000697c00000, 0x0000000697c00000| Untracked 
|  90|0x0000000698000000, 0x0000000698000000, 0x0000000698400000|  0%| F|  |TAMS 0x0000000698000000, 0x0000000698000000| Untracked 
|  91|0x0000000698400000, 0x0000000698400000, 0x0000000698800000|  0%| F|  |TAMS 0x0000000698400000, 0x0000000698400000| Untracked 
|  92|0x0000000698800000, 0x0000000698948398, 0x0000000698c00000| 32%| E|  |TAMS 0x0000000698800000, 0x0000000698800000| Complete 
|  93|0x0000000698c00000, 0x0000000699000000, 0x0000000699000000|100%| E|CS|TAMS 0x0000000698c00000, 0x0000000698c00000| Complete 
|  94|0x0000000699000000, 0x0000000699400000, 0x0000000699400000|100%| E|CS|TAMS 0x0000000699000000, 0x0000000699000000| Complete 
|  95|0x0000000699400000, 0x0000000699800000, 0x0000000699800000|100%| E|CS|TAMS 0x0000000699400000, 0x0000000699400000| Complete 

Card table byte_map: [0x00000200502f0000,0x0000020050ef0000] _byte_map_base: 0x000002004cee4000

Marking Bits (Prev, Next): (CMBitMap*) 0x0000020038e3f900, (CMBitMap*) 0x0000020038e3f940
 Prev Bits: [0x0000020051af0000, 0x0000020057a90000)
 Next Bits: [0x0000020057a90000, 0x000002005da30000)

Polling page: 0x0000020038580000

Metaspace:

Usage:
  Non-class:      7.71 MB used.
      Class:    919.30 KB used.
       Both:      8.61 MB used.

Virtual space:
  Non-class space:       64.00 MB reserved,       7.81 MB ( 12%) committed,  1 nodes.
      Class space:        1.00 GB reserved,       1.00 MB ( <1%) committed,  1 nodes.
             Both:        1.06 GB reserved,       8.81 MB ( <1%) committed. 

Chunk freelists:
   Non-Class:  230.00 KB
       Class:  3.05 MB
        Both:  3.28 MB

MaxMetaspaceSize: unlimited
CompressedClassSpaceSize: 1.00 GB
Initial GC threshold: 21.00 MB
Current GC threshold: 21.00 MB
CDS: on
MetaspaceReclaimPolicy: balanced
 - commit_granule_bytes: 65536.
 - commit_granule_words: 8192.
 - virtual_space_node_default_size: 8388608.
 - enlarge_chunks_in_place: 1.
 - new_chunks_are_fully_committed: 0.
 - uncommit_free_chunks: 1.
 - use_allocation_guard: 0.


Internal statistics:

num_allocs_failed_limit: 0.
num_arena_births: 132.
num_arena_deaths: 0.
num_vsnodes_births: 2.
num_vsnodes_deaths: 0.
num_space_committed: 141.
num_space_uncommitted: 0.
num_chunks_returned_to_freelist: 0.
num_chunks_taken_from_freelist: 188.
num_chunk_merges: 0.
num_chunk_splits: 102.
num_chunks_enlarged: 34.
num_inconsistent_stats: 0.

CodeHeap 'non-profiled nmethods': size=120000Kb used=502Kb max_used=502Kb free=119497Kb
 bounds [0x00000200481c0000, 0x0000020048430000, 0x000002004f6f0000]
CodeHeap 'profiled nmethods': size=120000Kb used=2913Kb max_used=2913Kb free=117086Kb
 bounds [0x0000020040c90000, 0x0000020040f70000, 0x00000200481c0000]
CodeHeap 'non-nmethods': size=5760Kb used=1282Kb max_used=1325Kb free=4477Kb
 bounds [0x00000200406f0000, 0x0000020040960000, 0x0000020040c90000]
 total_blobs=2272 nmethods=1672 adapters=513
 compilation: enabled
              stopped_count=0, restarted_count=0
 full_count=0

Compilation events (20 events):
Event: 839.465 Thread 0x000002005fec6c70 1663   !   3       javax.swing.text.PlainView::getLineWidth (75 bytes)
Event: 839.465 Thread 0x000002005fec6c70 nmethod 1663 0x0000020040f5e190 code [0x0000020040f5e3e0, 0x0000020040f5ece8]
Event: 839.466 Thread 0x000002005fec6380 1664       4       java.awt.Rectangle::getBounds (24 bytes)
Event: 839.466 Thread 0x000002005fec6c70 1665       3       java.nio.Buffer::remaining (20 bytes)
Event: 839.466 Thread 0x000002005fec6c70 nmethod 1665 0x0000020040f5f210 code [0x0000020040f5f3a0, 0x0000020040f5f538]
Event: 839.467 Thread 0x000002005fec6380 nmethod 1664 0x000002004823d290 code [0x000002004823d420, 0x000002004823d518]
Event: 839.468 Thread 0x000002005fec6380 1666       4       javax.swing.text.AbstractDocument$LeafElement::getStartOffset (10 bytes)
Event: 839.468 Thread 0x000002005fec6380 nmethod 1666 0x000002004823d610 code [0x000002004823d7a0, 0x000002004823d898]
Event: 845.018 Thread 0x000002005fec6c70 1667       3       javax.swing.RepaintManager::getVolatileOffscreenBuffer (243 bytes)
Event: 845.019 Thread 0x000002005fec6c70 nmethod 1667 0x0000020040f5f610 code [0x0000020040f5f960, 0x0000020040f617f8]
Event: 845.019 Thread 0x000002005fec6c70 1668   !   3       sun.awt.image.VolatileSurfaceManager::validate (213 bytes)
Event: 845.020 Thread 0x000002005fec6c70 nmethod 1668 0x0000020040f61f90 code [0x0000020040f62160, 0x0000020040f626b8]
Event: 845.020 Thread 0x000002005fec6c70 1669       3       javax.swing.RepaintManager$PaintManager::paintDoubleBuffered (50 bytes)
Event: 845.020 Thread 0x000002005fec6c70 nmethod 1669 0x0000020040f62810 code [0x0000020040f629e0, 0x0000020040f62de8]
Event: 845.020 Thread 0x000002005fec6c70 1670       3       java.awt.EventQueue::coalesceMouseEvent (44 bytes)
Event: 845.020 Thread 0x000002005fec6c70 nmethod 1670 0x0000020040f62f10 code [0x0000020040f630e0, 0x0000020040f63588]
Event: 845.152 Thread 0x000002005fec6c70 1671   !   3       java.awt.LightweightDispatcher::eventDispatched (358 bytes)
Event: 845.154 Thread 0x000002005fec6c70 nmethod 1671 0x0000020040f63710 code [0x0000020040f63b40, 0x0000020040f66888]
Event: 845.236 Thread 0x000002005fec6c70 1672       3       java.awt.Component::updateCursorImmediately (55 bytes)
Event: 845.236 Thread 0x000002005fec6c70 nmethod 1672 0x0000020040f67810 code [0x0000020040f67a20, 0x0000020040f68318]

GC Heap History (0 events):
No events

Deoptimization events (20 events):
Event: 532.727 Thread 0x00000200644446d0 DEOPT PACKING pc=0x0000020048202980 sp=0x000000a0c50fe6a0
Event: 532.727 Thread 0x00000200644446d0 DEOPT UNPACKING pc=0x00000200407423a3 sp=0x000000a0c50fe5a8 mode 2
Event: 532.727 Thread 0x00000200644446d0 Uncommon trap: trap_request=0xffffffde fr.pc=0x0000020048202980 relative=0x00000000000002c0
Event: 532.727 Thread 0x00000200644446d0 Uncommon trap: reason=class_check action=maybe_recompile pc=0x0000020048202980 method=java.util.HashMap.getNode(Ljava/lang/Object;)Ljava/util/HashMap$Node; @ 128 c2
Event: 532.727 Thread 0x00000200644446d0 DEOPT PACKING pc=0x0000020048202980 sp=0x000000a0c50fe6a0
Event: 532.727 Thread 0x00000200644446d0 DEOPT UNPACKING pc=0x00000200407423a3 sp=0x000000a0c50fe5a8 mode 2
Event: 532.728 Thread 0x00000200644446d0 Uncommon trap: trap_request=0xffffffde fr.pc=0x0000020048202980 relative=0x00000000000002c0
Event: 532.728 Thread 0x00000200644446d0 Uncommon trap: reason=class_check action=maybe_recompile pc=0x0000020048202980 method=java.util.HashMap.getNode(Ljava/lang/Object;)Ljava/util/HashMap$Node; @ 128 c2
Event: 532.728 Thread 0x00000200644446d0 DEOPT PACKING pc=0x0000020048202980 sp=0x000000a0c50fe6a0
Event: 532.728 Thread 0x00000200644446d0 DEOPT UNPACKING pc=0x00000200407423a3 sp=0x000000a0c50fe5a8 mode 2
Event: 541.030 Thread 0x00000200644446d0 Uncommon trap: trap_request=0xffffffde fr.pc=0x0000020048202980 relative=0x00000000000002c0
Event: 541.030 Thread 0x00000200644446d0 Uncommon trap: reason=class_check action=maybe_recompile pc=0x0000020048202980 method=java.util.HashMap.getNode(Ljava/lang/Object;)Ljava/util/HashMap$Node; @ 128 c2
Event: 541.030 Thread 0x00000200644446d0 DEOPT PACKING pc=0x0000020048202980 sp=0x000000a0c50fe6a0
Event: 541.030 Thread 0x00000200644446d0 DEOPT UNPACKING pc=0x00000200407423a3 sp=0x000000a0c50fe5a8 mode 2
Event: 541.033 Thread 0x00000200644446d0 Uncommon trap: trap_request=0xffffffde fr.pc=0x00000200481f8f80 relative=0x00000000000002c0
Event: 541.033 Thread 0x00000200644446d0 Uncommon trap: reason=class_check action=maybe_recompile pc=0x00000200481f8f80 method=java.util.HashMap.getNode(Ljava/lang/Object;)Ljava/util/HashMap$Node; @ 128 c2
Event: 541.033 Thread 0x00000200644446d0 DEOPT PACKING pc=0x00000200481f8f80 sp=0x000000a0c50fe630
Event: 541.033 Thread 0x00000200644446d0 DEOPT UNPACKING pc=0x00000200407423a3 sp=0x000000a0c50fe5a8 mode 2
Event: 770.181 Thread 0x00000200644446d0 DEOPT PACKING pc=0x0000020040dd0f25 sp=0x000000a0c50febf0
Event: 770.181 Thread 0x00000200644446d0 DEOPT UNPACKING pc=0x0000020040742b43 sp=0x000000a0c50fe080 mode 0

Classes loaded (20 events):
Event: 551.613 Loading class sun/awt/windows/WRobotPeer
Event: 551.613 Loading class java/awt/peer/RobotPeer
Event: 551.613 Loading class java/awt/peer/RobotPeer done
Event: 551.613 Loading class sun/awt/windows/WRobotPeer done
Event: 552.876 Loading class sun/awt/DebugSettings
Event: 552.877 Loading class sun/awt/DebugSettings done
Event: 552.877 Loading class javax/swing/JComponent$IntVector
Event: 552.877 Loading class javax/swing/JComponent$IntVector done
Event: 552.877 Loading class javax/swing/JInternalFrame
Event: 552.877 Loading class javax/swing/JInternalFrame done
Event: 552.878 Loading class javax/swing/KeyboardManager
Event: 552.878 Loading class javax/swing/KeyboardManager done
Event: 552.878 Loading class javax/swing/Popup$HeavyWeightWindow
Event: 552.878 Loading class sun/awt/ModalExclude
Event: 552.878 Loading class sun/awt/ModalExclude done
Event: 552.878 Loading class javax/swing/JWindow
Event: 552.878 Loading class javax/swing/JWindow done
Event: 552.878 Loading class javax/swing/Popup$HeavyWeightWindow done
Event: 977.132 Loading class jdk/internal/misc/Signal$1
Event: 977.133 Loading class jdk/internal/misc/Signal$1 done

Classes unloaded (0 events):
No events

Classes redefined (0 events):
No events

Internal exceptions (16 events):
Event: 0.125 Thread 0x0000020038daf600 Exception <a 'java/lang/NoSuchMethodError'{0x00000006995da530}: 'void java.lang.invoke.DirectMethodHandle$Holder.invokeStatic(java.lang.Object, java.lang.Object, java.lang.Object)'> (0x00000006995da530) 
thrown [s\open\src\hotspot\share\interpreter\linkResolver.cpp, line 766]
Event: 0.129 Thread 0x0000020038daf600 Exception <a 'java/lang/NoSuchMethodError'{0x00000006995f34a8}: 'java.lang.Object java.lang.invoke.Invokers$Holder.invokeExact_MT(java.lang.Object, java.lang.Object, java.lang.Object, java.lang.Object, java.lang.Object)'> (0x00000006995f34a8) 
thrown [s\open\src\hotspot\share\interpreter\linkResolver.cpp, line 766]
Event: 0.141 Thread 0x0000020038daf600 Exception <a 'java/lang/ClassNotFoundException'{0x0000000699609cf8}: sun/awt/resources/spi/awtProvider> (0x0000000699609cf8) 
thrown [s\open\src\hotspot\share\classfile\systemDictionary.cpp, line 255]
Event: 0.142 Thread 0x0000020064209000 Exception <a 'java/lang/NoSuchMethodError'{0x0000000699644420}: 'void java.lang.invoke.DirectMethodHandle$Holder.invokeStatic(java.lang.Object, java.lang.Object)'> (0x0000000699644420) 
thrown [s\open\src\hotspot\share\interpreter\linkResolver.cpp, line 766]
Event: 0.161 Thread 0x0000020038daf600 Exception <a 'java/io/FileNotFoundException'{0x00000006996aefe0}> (0x00000006996aefe0) 
thrown [s\open\src\hotspot\share\prims\jni.cpp, line 516]
Event: 0.170 Thread 0x0000020038daf600 Exception <a 'java/io/FileNotFoundException'{0x00000006996dbdb8}> (0x00000006996dbdb8) 
thrown [s\open\src\hotspot\share\prims\jni.cpp, line 516]
Event: 0.201 Thread 0x0000020038daf600 Exception <a 'java/lang/NoSuchMethodError'{0x000000069971d110}: 'java.lang.Object java.lang.invoke.DirectMethodHandle$Holder.invokeStaticInit(java.lang.Object)'> (0x000000069971d110) 
thrown [s\open\src\hotspot\share\interpreter\linkResolver.cpp, line 766]
Event: 0.247 Thread 0x00000200644446d0 Exception <a 'java/lang/NoSuchMethodError'{0x000000069901c1f0}: 'void java.lang.invoke.DirectMethodHandle$Holder.invokeSpecial(java.lang.Object, java.lang.Object, java.lang.Object)'> (0x000000069901c1f0) 
thrown [s\open\src\hotspot\share\interpreter\linkResolver.cpp, line 766]
Event: 0.254 Thread 0x00000200644446d0 Exception <a 'java/lang/NoSuchMethodError'{0x0000000699046f68}: 'java.lang.Object java.lang.invoke.DirectMethodHandle$Holder.newInvokeSpecial(java.lang.Object, java.lang.Object, java.lang.Object, java.lang.Object, java.lang.Object)'> (0x0000000699046f68) 
thrown [s\open\src\hotspot\share\interpreter\linkResolver.cpp, line 766]
Event: 0.260 Thread 0x00000200644446d0 Exception <a 'java/lang/NoSuchMethodError'{0x0000000699078ad8}: 'java.lang.Object java.lang.invoke.DirectMethodHandle$Holder.invokeStatic(java.lang.Object, int, java.lang.Object)'> (0x0000000699078ad8) 
thrown [s\open\src\hotspot\share\interpreter\linkResolver.cpp, line 766]
Event: 0.281 Thread 0x00000200644446d0 Exception <a 'java/lang/ClassNotFoundException'{0x00000006991356b0}: com/sun/swing/internal/plaf/metal/resources/spi/metalProvider> (0x00000006991356b0) 
thrown [s\open\src\hotspot\share\classfile\systemDictionary.cpp, line 255]
Event: 0.282 Thread 0x00000200644446d0 Exception <a 'java/lang/ClassNotFoundException'{0x0000000699139738}: com/sun/swing/internal/plaf/basic/resources/spi/basicProvider> (0x0000000699139738) 
thrown [s\open\src\hotspot\share\classfile\systemDictionary.cpp, line 255]
Event: 0.289 Thread 0x00000200644446d0 Exception <a 'java/lang/NoSuchMethodError'{0x0000000699155f68}: 'int java.lang.invoke.Invokers$Holder.invokeExact_MT(java.lang.Object, java.lang.Object)'> (0x0000000699155f68) 
thrown [s\open\src\hotspot\share\interpreter\linkResolver.cpp, line 766]
Event: 0.336 Thread 0x00000200644446d0 Exception <a 'java/lang/NoSuchMethodError'{0x000000069919c258}: 'void java.lang.invoke.DirectMethodHandle$Holder.invokeStaticInit(java.lang.Object)'> (0x000000069919c258) 
thrown [s\open\src\hotspot\share\interpreter\linkResolver.cpp, line 766]
Event: 0.392 Thread 0x0000020064424470 Exception <a 'java/lang/NoSuchMethodError'{0x000000069973bd70}: 'void java.lang.invoke.DirectMethodHandle$Holder.invokeVirtual(java.lang.Object, java.lang.Object)'> (0x000000069973bd70) 
thrown [s\open\src\hotspot\share\interpreter\linkResolver.cpp, line 766]
Event: 0.973 Thread 0x000002005fec4640 Exception <a 'java/lang/NoSuchMethodError'{0x00000006993d11b0}: 'java.lang.Object java.lang.invoke.Invokers$Holder.invokeExact_MT(java.lang.Object, java.lang.Object, java.lang.Object, java.lang.Object, java.lang.Object, java.lang.Object)'> (0x00000006993d11b0) 
thrown [s\open\src\hotspot\share\interpreter\linkResolver.cpp, line 766]

VM Operations (20 events):
Event: 801.832 Executing VM operation: Cleanup done
Event: 802.838 Executing VM operation: Cleanup
Event: 802.839 Executing VM operation: Cleanup done
Event: 815.946 Executing VM operation: Cleanup
Event: 815.946 Executing VM operation: Cleanup done
Event: 820.993 Executing VM operation: Cleanup
Event: 820.993 Executing VM operation: Cleanup done
Event: 822.001 Executing VM operation: Cleanup
Event: 822.001 Executing VM operation: Cleanup done
Event: 826.045 Executing VM operation: Cleanup
Event: 826.045 Executing VM operation: Cleanup done
Event: 840.153 Executing VM operation: Cleanup
Event: 840.153 Executing VM operation: Cleanup done
Event: 841.163 Executing VM operation: Cleanup
Event: 841.163 Executing VM operation: Cleanup done
Event: 842.173 Executing VM operation: Cleanup
Event: 842.173 Executing VM operation: Cleanup done
Event: 846.223 Executing VM operation: Cleanup
Event: 846.223 Executing VM operation: Cleanup done
Event: 977.246 Executing VM operation: Exit

Events (20 events):
Event: 0.133 Loaded shared library D:\Programe Files\IntelliJ IDEA Community Edition 2022.3.3\bin\breakgen64.dll
Event: 0.133 Thread 0x0000020064209000 Thread added: 0x0000020064209000
Event: 0.133 Thread 0x00000200642094c0 Thread added: 0x00000200642094c0
Event: 0.148 Loaded shared library E:\Program Files\Java\jdk-18.0.1\bin\jimage.dll
Event: 0.151 Loaded shared library E:\Program Files\Java\jdk-18.0.1\bin\awt.dll
Event: 0.202 Thread 0x00000200644231f0 Thread added: 0x00000200644231f0
Event: 0.203 Thread 0x0000020064423b30 Thread added: 0x0000020064423b30
Event: 0.205 Thread 0x0000020064424470 Thread added: 0x0000020064424470
Event: 0.220 Thread 0x00000200644446d0 Thread added: 0x00000200644446d0
Event: 0.221 Thread 0x0000020038daf600 Thread exited: 0x0000020038daf600
Event: 0.221 Thread 0x0000020038daf600 Thread added: 0x0000020038daf600
Event: 0.340 Loaded shared library E:\Program Files\Java\jdk-18.0.1\bin\freetype.dll
Event: 0.341 Loaded shared library E:\Program Files\Java\jdk-18.0.1\bin\fontmanager.dll
Event: 0.423 Thread 0x00000200650d1530 Thread added: 0x00000200650d1530
Event: 977.133 Thread 0x00000200650d4a20 Thread added: 0x00000200650d4a20
Event: 977.133 Thread 0x00000200650d1ed0 Thread added: 0x00000200650d1ed0
Event: 977.133 Thread 0x00000200650d1060 Thread added: 0x00000200650d1060
Event: 977.144 Thread 0x00000200650d1ed0 Thread exited: 0x00000200650d1ed0
Event: 977.155 Thread 0x0000020064424470 Thread exited: 0x0000020064424470
Event: 977.246 Thread 0x000002005fec3d90 Thread exited: 0x000002005fec3d90


Dynamic libraries:
0x00007ff6ff1f0000 - 0x00007ff6ff200000 	E:\Program Files\Java\jdk-18.0.1\bin\java.exe
0x00007ffbd8430000 - 0x00007ffbd8628000 	C:\WINDOWS\SYSTEM32\ntdll.dll
0x00007ffbd8120000 - 0x00007ffbd81df000 	C:\WINDOWS\System32\KERNEL32.DLL
0x00007ffbd5f10000 - 0x00007ffbd61ea000 	C:\WINDOWS\System32\KERNELBASE.dll
0x00007ffbd5b40000 - 0x00007ffbd5c40000 	C:\WINDOWS\System32\ucrtbase.dll
0x00007ffbc74a0000 - 0x00007ffbc74ba000 	E:\Program Files\Java\jdk-18.0.1\bin\VCRUNTIME140.dll
0x00007ffbb4d40000 - 0x00007ffbb4d58000 	E:\Program Files\Java\jdk-18.0.1\bin\jli.dll
0x00007ffbd7570000 - 0x00007ffbd761e000 	C:\WINDOWS\System32\ADVAPI32.dll
0x00007ffbd7680000 - 0x00007ffbd771e000 	C:\WINDOWS\System32\msvcrt.dll
0x00007ffbd7d10000 - 0x00007ffbd7dac000 	C:\WINDOWS\System32\sechost.dll
0x00007ffbd7440000 - 0x00007ffbd7566000 	C:\WINDOWS\System32\RPCRT4.dll
0x00007ffbd8250000 - 0x00007ffbd83ed000 	C:\WINDOWS\System32\USER32.dll
0x00007ffbd61f0000 - 0x00007ffbd6212000 	C:\WINDOWS\System32\win32u.dll
0x00007ffbd80f0000 - 0x00007ffbd811b000 	C:\WINDOWS\System32\GDI32.dll
0x00007ffbd5c40000 - 0x00007ffbd5d50000 	C:\WINDOWS\System32\gdi32full.dll
0x00007ffbd5e70000 - 0x00007ffbd5f0d000 	C:\WINDOWS\System32\msvcp_win.dll
0x00007ffbc9a60000 - 0x00007ffbc9cfa000 	C:\WINDOWS\WinSxS\amd64_microsoft.windows.common-controls_6595b64144ccf1df_6.0.19041.1110_none_60b5254171f9507e\COMCTL32.dll
0x00007ffbcb3b0000 - 0x00007ffbcb3ba000 	C:\WINDOWS\SYSTEM32\VERSION.dll
0x00007ffbd6ec0000 - 0x00007ffbd6ef0000 	C:\WINDOWS\System32\IMM32.DLL
0x00007ffbcead0000 - 0x00007ffbceadc000 	E:\Program Files\Java\jdk-18.0.1\bin\vcruntime140_1.dll
0x00007ffbb48c0000 - 0x00007ffbb494d000 	E:\Program Files\Java\jdk-18.0.1\bin\msvcp140.dll
0x00007ffb3a310000 - 0x00007ffb3af20000 	E:\Program Files\Java\jdk-18.0.1\bin\server\jvm.dll
0x00007ffbd78f0000 - 0x00007ffbd78f8000 	C:\WINDOWS\System32\PSAPI.DLL
0x00007ffbcdc90000 - 0x00007ffbcdc99000 	C:\WINDOWS\SYSTEM32\WSOCK32.dll
0x00007ffbd81e0000 - 0x00007ffbd824b000 	C:\WINDOWS\System32\WS2_32.dll
0x00007ffbc75b0000 - 0x00007ffbc75d7000 	C:\WINDOWS\SYSTEM32\WINMM.dll
0x00007ffbd39e0000 - 0x00007ffbd39f2000 	C:\WINDOWS\SYSTEM32\kernel.appcore.dll
0x00007ffbc7490000 - 0x00007ffbc749a000 	E:\Program Files\Java\jdk-18.0.1\bin\jimage.dll
0x00007ffbc7200000 - 0x00007ffbc73e4000 	C:\WINDOWS\SYSTEM32\DBGHELP.DLL
0x00007ffbc6c60000 - 0x00007ffbc6c94000 	C:\WINDOWS\SYSTEM32\dbgcore.DLL
0x00007ffbd6250000 - 0x00007ffbd62d2000 	C:\WINDOWS\System32\bcryptPrimitives.dll
0x00007ffbb51d0000 - 0x00007ffbb51de000 	E:\Program Files\Java\jdk-18.0.1\bin\instrument.dll
0x00007ffbb47f0000 - 0x00007ffbb4815000 	E:\Program Files\Java\jdk-18.0.1\bin\java.dll
0x00007ffbb4390000 - 0x00007ffbb4466000 	E:\Program Files\Java\jdk-18.0.1\bin\jsvml.dll
0x00007ffbd6770000 - 0x00007ffbd6eb4000 	C:\WINDOWS\System32\SHELL32.dll
0x00007ffbd3be0000 - 0x00007ffbd4373000 	C:\WINDOWS\SYSTEM32\windows.storage.dll
0x00007ffbd7910000 - 0x00007ffbd7c64000 	C:\WINDOWS\System32\combase.dll
0x00007ffbd53e0000 - 0x00007ffbd540e000 	C:\WINDOWS\SYSTEM32\Wldp.dll
0x00007ffbd7e10000 - 0x00007ffbd7ebd000 	C:\WINDOWS\System32\SHCORE.dll
0x00007ffbd7db0000 - 0x00007ffbd7e05000 	C:\WINDOWS\System32\shlwapi.dll
0x00007ffbd5a80000 - 0x00007ffbd5a9f000 	C:\WINDOWS\SYSTEM32\profapi.dll
0x00007ffbb4960000 - 0x00007ffbb4978000 	E:\Program Files\Java\jdk-18.0.1\bin\zip.dll
0x00007ffbb47d0000 - 0x00007ffbb47e3000 	E:\Program Files\Java\jdk-18.0.1\bin\net.dll
0x00007ffbcf9c0000 - 0x00007ffbcfaca000 	C:\WINDOWS\SYSTEM32\WINHTTP.dll
0x00007ffbd51c0000 - 0x00007ffbd522a000 	C:\WINDOWS\system32\mswsock.dll
0x00007ffbb47b0000 - 0x00007ffbb47c6000 	E:\Program Files\Java\jdk-18.0.1\bin\nio.dll
0x00007ffbb4790000 - 0x00007ffbb47aa000 	D:\Programe Files\IntelliJ IDEA Community Edition 2022.3.3\bin\breakgen64.dll
0x00007ffba8f10000 - 0x00007ffba909f000 	E:\Program Files\Java\jdk-18.0.1\bin\awt.dll
0x00007ffbd8020000 - 0x00007ffbd80ed000 	C:\WINDOWS\System32\OLEAUT32.dll
0x00007ffbd33e0000 - 0x00007ffbd3470000 	C:\WINDOWS\SYSTEM32\apphelp.dll
0x00007ffbd3510000 - 0x00007ffbd35ae000 	C:\WINDOWS\system32\uxtheme.dll
0x00007ffb928e0000 - 0x00007ffb92902000 	C:\Users\LENOVO~1\AppData\Local\Temp\AEB0.tmp
0x00007ffbd6490000 - 0x00007ffbd65ba000 	C:\WINDOWS\System32\ole32.dll
0x00007ffbd5350000 - 0x00007ffbd535c000 	C:\WINDOWS\SYSTEM32\CRYPTBASE.DLL
0x00007ffba0470000 - 0x00007ffba0480000 	D:\Programe Files\RBTray-4_3\64\RBHook.dll
0x00007ffbd77d0000 - 0x00007ffbd78e4000 	C:\WINDOWS\System32\MSCTF.dll
0x00007ffbd3800000 - 0x00007ffbd382f000 	C:\WINDOWS\system32\DWMAPI.DLL
0x00007ffb80a30000 - 0x00007ffb80b55000 	C:\WINDOWS\system32\opengl32.dll
0x00007ffba05a0000 - 0x00007ffba05cc000 	C:\WINDOWS\SYSTEM32\GLU32.dll
0x00007ffbb3bf0000 - 0x00007ffbb3c79000 	E:\Program Files\Java\jdk-18.0.1\bin\freetype.dll
0x00007ffba8e60000 - 0x00007ffba8f08000 	E:\Program Files\Java\jdk-18.0.1\bin\fontmanager.dll
0x00007ffbd7720000 - 0x00007ffbd77c9000 	C:\WINDOWS\System32\clbcatq.dll
0x00007ffbcbbd0000 - 0x00007ffbcbd84000 	C:\WINDOWS\SYSTEM32\WindowsCodecs.dll
0x00007ffbd6220000 - 0x00007ffbd6247000 	C:\WINDOWS\System32\bcrypt.dll
0x00007ffbce300000 - 0x00007ffbce3f9000 	C:\WINDOWS\SYSTEM32\textinputframework.dll
0x00007ffbd3200000 - 0x00007ffbd32f2000 	C:\WINDOWS\System32\CoreMessaging.dll
0x00007ffbd2ea0000 - 0x00007ffbd31fe000 	C:\WINDOWS\System32\CoreUIComponents.dll
0x00007ffbd4c40000 - 0x00007ffbd4c73000 	C:\WINDOWS\SYSTEM32\ntmarta.dll
0x00007ffbd2d40000 - 0x00007ffbd2e94000 	C:\WINDOWS\SYSTEM32\wintypes.dll
0x00007ffbb7f90000 - 0x00007ffbb7ff6000 	C:\WINDOWS\system32\Oleacc.dll
0x00007ffbd16b0000 - 0x00007ffbd17a6000 	C:\Windows\System32\PROPSYS.dll
0x00007ffbc7130000 - 0x00007ffbc716b000 	C:\WINDOWS\SYSTEM32\dxcore.dll
0x00007ffbd6440000 - 0x00007ffbd648e000 	C:\WINDOWS\System32\cfgmgr32.dll

dbghelp: loaded successfully - version: 4.0.5 - missing functions: none
symbol engine: initialized successfully - sym options: 0x614 - pdb path: .;E:\Program Files\Java\jdk-18.0.1\bin;C:\WINDOWS\SYSTEM32;C:\WINDOWS\WinSxS\amd64_microsoft.windows.common-controls_6595b64144ccf1df_6.0.19041.1110_none_60b5254171f9507e;E:\Program Files\Java\jdk-18.0.1\bin\server;D:\Programe Files\IntelliJ IDEA Community Edition 2022.3.3\bin;C:\Users\LENOVO~1\AppData\Local\Temp;D:\Programe Files\RBTray-4_3\64

VM Arguments:
jvm_args: -javaagent:D:\Programe Files\IntelliJ IDEA Community Edition 2022.3.3\lib\idea_rt.jar=60937:D:\Programe Files\IntelliJ IDEA Community Edition 2022.3.3\bin -Dfile.encoding=UTF-8 -Dsun.stdout.encoding=UTF-8 -Dsun.stderr.encoding=UTF-8 
java_command: VoiceTypingApp
java_class_path (initial): C:\Users\Lenovo 2\IdeaProjects\tesst\out\production\tesst
Launcher Type: SUN_STANDARD

[Global flags]
     intx CICompilerCount                          = 3                                         {product} {ergonomic}
     uint ConcGCThreads                            = 1                                         {product} {ergonomic}
     uint G1ConcRefinementThreads                  = 4                                         {product} {ergonomic}
   size_t G1HeapRegionSize                         = 4194304                                   {product} {ergonomic}
    uintx GCDrainStackTargetSize                   = 64                                        {product} {ergonomic}
   size_t InitialHeapSize                          = 402653184                                 {product} {ergonomic}
   size_t MarkStackSize                            = 4194304                                   {product} {ergonomic}
   size_t MaxHeapSize                              = 6417285120                                {product} {ergonomic}
   size_t MaxNewSize                               = 3850371072                                {product} {ergonomic}
   size_t MinHeapDeltaBytes                        = 4194304                                   {product} {ergonomic}
   size_t MinHeapSize                              = 8388608                                   {product} {ergonomic}
    uintx NonNMethodCodeHeapSize                   = 5832780                                {pd product} {ergonomic}
    uintx NonProfiledCodeHeapSize                  = 122912730                              {pd product} {ergonomic}
    uintx ProfiledCodeHeapSize                     = 122912730                              {pd product} {ergonomic}
    uintx ReservedCodeCacheSize                    = 251658240                              {pd product} {ergonomic}
     bool SegmentedCodeCache                       = true                                      {product} {ergonomic}
   size_t SoftMaxHeapSize                          = 6417285120                             {manageable} {ergonomic}
     bool UseCompressedClassPointers               = true                           {product lp64_product} {ergonomic}
     bool UseCompressedOops                        = true                           {product lp64_product} {ergonomic}
     bool UseG1GC                                  = true                                      {product} {ergonomic}
     bool UseLargePagesIndividualAllocation        = false                                  {pd product} {ergonomic}

Logging:
Log output configuration:
 #0: stdout all=off uptime,level,tags foldmultilines=false
 #1: stderr all=off uptime,level,tags foldmultilines=false

Environment Variables:
PATH=C:\Program Files (x86)\Common Files\Oracle\Java\javapath;C:\WINDOWS\system32;C:\WINDOWS;C:\WINDOWS\System32\Wbem;C:\WINDOWS\System32\WindowsPowerShell\v1.0\;C:\WINDOWS\System32\OpenSSH\;C:\Program Files (x86)\nodejs\;C:\Program Files\Git\cmd;C:\Program Files\Docker\Docker\resources\bin;C:\Users\Lenovo 2\AppData\Local\Microsoft\WindowsApps;C:\Users\Lenovo 2\AppData\Local\Programs\Espanso;D:\Programe Files\adb;C:\Users\Lenovo 2\AppData\Local\Programs\Microsoft VS Code\bin;C:\FlutterSdk\flutter\bin;C:\Users\Lenovo 2\AppData\Roaming\npm;D:\Programe Files\IntelliJ IDEA Community Edition 2022.3.3\bin;;D:\Programe Files\scrcpy;C:\Users\Lenovo 2\AppData\Local\Programs\mongosh\;C:\Program Files\MongoDB\Server\6.0\bin;C:\Program Files\Java\jre1.8.0_251\bin;
USERNAME=Lenovo 2
OS=Windows_NT
PROCESSOR_IDENTIFIER=Intel64 Family 6 Model 60 Stepping 3, GenuineIntel



---------------  S Y S T E M  ---------------

OS:
 Windows 10 , 64 bit Build 19041 (10.0.19041.2788)
OS uptime: 1 days 1:52 hours
Hyper-V role detected

CPU: total 4 (initial active 4) (4 cores per cpu, 1 threads per core) family 6 model 60 stepping 3 microcode 0x27, cx8, cmov, fxsr, mmx, sse, sse2, sse3, ssse3, sse4.1, sse4.2, popcnt, lzcnt, tsc, tscinvbit, avx, avx2, aes, erms, clmul, bmi1, bmi2, fma, vzeroupper, clflush, hv

Memory: 4k page, system-wide physical 24465M (7549M free)
TotalPageFile size 28049M (AvailPageFile size 4955M)
current process WorkingSet (physical memory assigned to process): 69M, peak: 88M
current process commit charge ("private bytes"): 482M, peak: 499M

vm_info: Java HotSpot(TM) 64-Bit Server VM (18.0.1+10-24) for windows-amd64 JRE (18.0.1+10-24), built on Mar  9 2022 22:41:56 by "mach5one" with MS VC++ 16.8 / 16.9 (VS2019)

END.
