#
# A fatal error has been detected by the Java Runtime Environment:
#
#  EXCEPTION_ACCESS_VIOLATION (0xc0000005) at pc=0x00007ffcfe0a1f0f, pid=11652, tid=15224
#
# JRE version: Java(TM) SE Runtime Environment (18.0.1+10) (build 18.0.1+10-24)
# Java VM: Java HotSpot(TM) 64-Bit Server VM (18.0.1+10-24, mixed mode, sharing, tiered, compressed oops, compressed class ptrs, g1 gc, windows-amd64)
# Problematic frame:
# C  [F8A8.tmp+0x1f0f]
#
# No core dump will be written. Minidumps are not enabled by default on client versions of Windows
#
# If you would like to submit a bug report, please visit:
#   https://bugreport.java.com/bugreport/crash.jsp
#

---------------  S U M M A R Y ------------

Command Line: -javaagent:D:\Programe Files\IntelliJ IDEA Community Edition 2022.3.3\lib\idea_rt.jar=57121:D:\Programe Files\IntelliJ IDEA Community Edition 2022.3.3\bin -Dfile.encoding=UTF-8 -Dsun.stdout.encoding=UTF-8 -Dsun.stderr.encoding=UTF-8 VoiceTypingApp

Host: Intel(R) Core(TM) i5-4570 CPU @ 3.20GHz, 4 cores, 23G,  Windows 10 , 64 bit Build 19041 (10.0.19041.2788)
Time: Tue May  9 12:06:19 2023 India Standard Time elapsed time: 25.560696 seconds (0d 0h 0m 25s)

---------------  T H R E A D  ---------------

Current thread (0x000001d9bace4650):  VMThread "VM Thread" [stack: 0x0000000a3e000000,0x0000000a3e100000] [id=15224]

Stack: [0x0000000a3e000000,0x0000000a3e100000],  sp=0x0000000a3e0ff0e0,  free space=1020k
Native frames: (J=compiled Java code, j=interpreted, Vv=VM code, C=native code)
C  [F8A8.tmp+0x1f0f]


siginfo: EXCEPTION_ACCESS_VIOLATION (0xc0000005), reading address 0x00007ffd51319dd0


Register to memory mapping:

RIP=0x00007ffcfe0a1f0f F8A8.tmp
RAX=0x00007ffd51319dc0 is an unknown value
RBX=0x000000007ffe0385 points into unknown readable memory: 00 00 00
RCX=0x000001d9bfb23c28 points into unknown readable memory: 0x00007ffd51319dc0 | c0 9d 31 51 fd 7f 00 00
RDX=0x0 is NULL
RSP=0x0000000a3e0ff0e0 points into unknown readable memory: 0x0000000002360fb8 | b8 0f 36 02 00 00 00 00
RBP=0x0000000a3e0ff3b0 points into unknown readable memory: 0x000001d9bacde8f0 | f0 e8 cd ba d9 01 00 00
RSI=0x00007ffcfe0a0000 F8A8.tmp
RDI=0x0 is NULL
R8 =0x0000000000000001 is an unknown value
R9 =0x0000000000000001 is an unknown value
R10=0x000000007ffe0384 points into unknown readable memory: 00 00 00 00
R11=0x0000000a3e0ff150 points into unknown readable memory: 0x00007ffcfe0a0000 | 00 00 0a fe fc 7f 00 00
R12=0x00007ffcfe0a22e4 F8A8.tmp
R13=0x00007ffd3df7fc00 jvm.dll
R14=0x0000000000000001 is an unknown value
R15=0x0000000000000001 is an unknown value


Registers:
RAX=0x00007ffd51319dc0, RBX=0x000000007ffe0385, RCX=0x000001d9bfb23c28, RDX=0x0000000000000000
RSP=0x0000000a3e0ff0e0, RBP=0x0000000a3e0ff3b0, RSI=0x00007ffcfe0a0000, RDI=0x0000000000000000
R8 =0x0000000000000001, R9 =0x0000000000000001, R10=0x000000007ffe0384, R11=0x0000000a3e0ff150
R12=0x00007ffcfe0a22e4, R13=0x00007ffd3df7fc00, R14=0x0000000000000001, R15=0x0000000000000001
RIP=0x00007ffcfe0a1f0f, EFLAGS=0x0000000000010246

Top of Stack: (sp=0x0000000a3e0ff0e0)
0x0000000a3e0ff0e0:   0000000002360fb8 00007ffcfce20000
0x0000000a3e0ff0f0:   0000000000000001 00007ffd5ef09993
0x0000000a3e0ff100:   0000000000000001 00007ffcfe0a21f9
0x0000000a3e0ff110:   0000000000000001 0000000000000000
0x0000000a3e0ff120:   0000000000000000 0000000000000001
0x0000000a3e0ff130:   0000000000000000 0000000000000000
0x0000000a3e0ff140:   0000000000000001 00002cd2ec05d709
0x0000000a3e0ff150:   00007ffcfe0a0000 000000007ffe0384
0x0000000a3e0ff160:   0000000000000000 00007ffd5ef09a1d
0x0000000a3e0ff170:   00007ffcfe0a0000 0000000000000000
0x0000000a3e0ff180:   0000000000000001 000000007ffe0385
0x0000000a3e0ff190:   0000000002360fb8 0000000a3e0ff3b0
0x0000000a3e0ff1a0:   00002cd200000000 0000000000000014
0x0000000a3e0ff1b0:   0000000000000000 00007ffcfe0a22e4
0x0000000a3e0ff1c0:   00007ffd3dcedfb8 000001d9bf2f3570
0x0000000a3e0ff1d0:   0000000a3f8ff100 00007ffd5ef4dcec 

Instructions: (pc=0x00007ffcfe0a1f0f)
0x00007ffcfe0a1e0f:   50 49 83 38 00 75 4a b8 ff ff 00 00 66 41 39 40
0x00007ffcfe0a1e1f:   0a 75 3e 49 8b 48 18 48 83 ca ff e8 31 f9 ff ff
0x00007ffcfe0a1e2f:   eb 2f 2d 21 01 00 00 74 14 83 f8 04 75 23 49 8b
0x00007ffcfe0a1e3f:   50 08 49 8b 48 18 e8 16 f9 ff ff eb 14 49 83 78
0x00007ffcfe0a1e4f:   08 02 75 0d 48 83 ca ff 49 8b 48 18 e8 e0 f5 ff
0x00007ffcfe0a1e5f:   ff 4c 8b cb 4c 8b c6 8b d7 33 c9 48 8b 5c 24 30
0x00007ffcfe0a1e6f:   48 8b 74 24 38 48 83 c4 20 5f 48 ff 25 f8 f3 00
0x00007ffcfe0a1e7f:   00 48 89 5c 24 08 48 89 74 24 10 57 48 83 ec 20
0x00007ffcfe0a1e8f:   49 8b d8 48 8b f2 8b f9 85 c9 75 16 41 81 78 08
0x00007ffcfe0a1e9f:   12 01 00 00 75 0c 49 8b 10 49 8b 48 10 e8 4f fc
0x00007ffcfe0a1eaf:   ff ff 4c 8b cb 4c 8b c6 8b d7 33 c9 48 8b 5c 24
0x00007ffcfe0a1ebf:   30 48 8b 74 24 38 48 83 c4 20 5f 48 ff 25 a7 f3
0x00007ffcfe0a1ecf:   00 00 cc cc cc cc cc cc cc cc cc cc cc cc cc cc
0x00007ffcfe0a1edf:   cc 48 83 ec 28 83 fa 01 75 0f e8 62 f4 ff ff b8
0x00007ffcfe0a1eef:   01 00 00 00 48 83 c4 28 c3 85 d2 75 3a 83 3d 11
0x00007ffcfe0a1eff:   ac 01 00 01 75 31 48 8b 0d fc ab 01 00 48 8b 01
0x00007ffcfe0a1f0f:   ff 50 10 48 8b 0d ff ab 01 00 48 8b 01 ff 50 10
0x00007ffcfe0a1f1f:   48 8b 0d da ab 01 00 48 8b 01 ff 50 10 c7 05 de
0x00007ffcfe0a1f2f:   ab 01 00 00 00 00 00 b8 01 00 00 00 48 83 c4 28
0x00007ffcfe0a1f3f:   c3 cc cc cc cc cc cc 66 66 0f 1f 84 00 00 00 00
0x00007ffcfe0a1f4f:   00 48 3b 0d a9 90 01 00 f2 75 12 48 c1 c1 10 66
0x00007ffcfe0a1f5f:   f7 c1 ff ff f2 75 02 f2 c3 48 c1 c9 10 e9 e7 03
0x00007ffcfe0a1f6f:   00 00 cc cc cc 48 83 ec 28 85 d2 74 39 83 ea 01
0x00007ffcfe0a1f7f:   74 28 83 ea 01 74 16 83 fa 01 74 0a b8 01 00 00
0x00007ffcfe0a1f8f:   00 48 83 c4 28 c3 e8 d6 06 00 00 eb 05 e8 a7 06
0x00007ffcfe0a1f9f:   00 00 0f b6 c0 48 83 c4 28 c3 49 8b d0 48 83 c4
0x00007ffcfe0a1faf:   28 e9 0f 00 00 00 4d 85 c0 0f 95 c1 48 83 c4 28
0x00007ffcfe0a1fbf:   e9 2c 01 00 00 48 89 5c 24 08 48 89 74 24 10 48
0x00007ffcfe0a1fcf:   89 7c 24 20 41 56 48 83 ec 20 48 8b f2 4c 8b f1
0x00007ffcfe0a1fdf:   33 c9 e8 4a 07 00 00 84 c0 75 07 33 c0 e9 e8 00
0x00007ffcfe0a1fef:   00 00 e8 ca 05 00 00 8a d8 88 44 24 40 40 b7 01
0x00007ffcfe0a1fff:   83 3d ca 9e 01 00 00 74 0a b9 07 00 00 00 e8 86 


Stack slot to memory mapping:
stack at sp + 0 slots: 0x0000000002360fb8 is an unknown value
stack at sp + 1 slots: 0x00007ffcfce20000 RBHook.dll
stack at sp + 2 slots: 0x0000000000000001 is an unknown value
stack at sp + 3 slots: 0x00007ffd5ef09993 ntdll.dll
stack at sp + 4 slots: 0x0000000000000001 is an unknown value
stack at sp + 5 slots: 0x00007ffcfe0a21f9 F8A8.tmp
stack at sp + 6 slots: 0x0000000000000001 is an unknown value
stack at sp + 7 slots: 0x0 is NULL

VM_Operation (0x0000000a3f8ff160): Exit, mode: safepoint, requested by thread 0x000001d9bfb4fb30


---------------  P R O C E S S  ---------------

Threads class SMR info:
_java_thread_list=0x000001d9bfb19250, length=21, elements={
0x000001d9bace9a60, 0x000001d9bacea6c0, 0x000001d9bad03510, 0x000001d9bad042c0,
0x000001d9bad05a50, 0x000001d9bad08a70, 0x000001d9bad193f0, 0x000001d9bad25a70,
0x000001d9bad35f50, 0x000001d9bad080d0, 0x000001d9bad05580, 0x000001d9bad07c00,
0x000001d9bad050b0, 0x000001d9bad07260, 0x000001d9bad06d90, 0x000001d9bad05f20,
0x000001d9bad063f0, 0x000001d9bfb521b0, 0x000001d9bfb4f660, 0x000001d9bfb4fb30,
0x000001d9bfb51810
}

Java Threads: ( => current thread )
  0x000001d9bace9a60 JavaThread "Reference Handler" daemon [_thread_blocked, id=7848, stack(0x0000000a3e100000,0x0000000a3e200000)]
  0x000001d9bacea6c0 JavaThread "Finalizer" daemon [_thread_blocked, id=5556, stack(0x0000000a3e200000,0x0000000a3e300000)]
  0x000001d9bad03510 JavaThread "Signal Dispatcher" daemon [_thread_blocked, id=5488, stack(0x0000000a3e300000,0x0000000a3e400000)]
  0x000001d9bad042c0 JavaThread "Attach Listener" daemon [_thread_blocked, id=6756, stack(0x0000000a3e400000,0x0000000a3e500000)]
  0x000001d9bad05a50 JavaThread "Service Thread" daemon [_thread_blocked, id=15348, stack(0x0000000a3e500000,0x0000000a3e600000)]
  0x000001d9bad08a70 JavaThread "Monitor Deflation Thread" daemon [_thread_blocked, id=1584, stack(0x0000000a3e600000,0x0000000a3e700000)]
  0x000001d9bad193f0 JavaThread "C2 CompilerThread0" daemon [_thread_blocked, id=15324, stack(0x0000000a3e700000,0x0000000a3e800000)]
  0x000001d9bad25a70 JavaThread "C1 CompilerThread0" daemon [_thread_blocked, id=13108, stack(0x0000000a3e800000,0x0000000a3e900000)]
  0x000001d9bad35f50 JavaThread "Sweeper thread" daemon [_thread_blocked, id=12332, stack(0x0000000a3e900000,0x0000000a3ea00000)]
  0x000001d9bad080d0 JavaThread "Common-Cleaner" daemon [_thread_blocked, id=11176, stack(0x0000000a3ea00000,0x0000000a3eb00000)]
  0x000001d9bad05580 JavaThread "Monitor Ctrl-Break" daemon [_thread_in_native, id=14656, stack(0x0000000a3eb00000,0x0000000a3ec00000)]
  0x000001d9bad07c00 JavaThread "Notification Thread" daemon [_thread_blocked, id=15072, stack(0x0000000a3ec00000,0x0000000a3ed00000)]
  0x000001d9bad050b0 JavaThread "Java2D Disposer" daemon [_thread_blocked, id=1492, stack(0x0000000a3ee00000,0x0000000a3ef00000)]
  0x000001d9bad07260 JavaThread "AWT-Shutdown" [_thread_blocked, id=8148, stack(0x0000000a3ef00000,0x0000000a3f000000)]
  0x000001d9bad06d90 JavaThread "AWT-EventQueue-0" [_thread_blocked, id=13636, stack(0x0000000a3f100000,0x0000000a3f200000)]
  0x000001d9bad05f20 JavaThread "JNativeHook Hook Thread" [_thread_in_native, id=7236, stack(0x0000000a3f500000,0x0000000a3f600000)]
  0x000001d9bad063f0 JavaThread "JNativeHook Dispatch Thread" daemon [_thread_blocked, id=12532, stack(0x0000000a3f600000,0x0000000a3f700000)]
  0x000001d9bfb521b0 JavaThread "TimerQueue" daemon [_thread_blocked, id=3144, stack(0x0000000a3f700000,0x0000000a3f800000)]
  0x000001d9bfb4f660 JavaThread "DestroyJavaVM" [_thread_blocked, id=6140, stack(0x0000000a3da00000,0x0000000a3db00000)]
  0x000001d9bfb4fb30 JavaThread "SIGINT handler" daemon [_thread_blocked, id=3436, stack(0x0000000a3f800000,0x0000000a3f900000)]
  0x000001d9bfb51810 JavaThread "ToolkitShutdown" daemon [_thread_blocked, id=13936, stack(0x0000000a3f900000,0x0000000a3fa00000)]

Other Threads:
=>0x000001d9bace4650 VMThread "VM Thread" [stack: 0x0000000a3e000000,0x0000000a3e100000] [id=15224]
  0x000001d993c7b900 WorkerThread "GC Thread#0" [stack: 0x0000000a3db00000,0x0000000a3dc00000] [id=12508]
  0x000001d993c89780 ConcurrentGCThread "G1 Main Marker" terminated
  0x000001d993c8b920 WorkerThread "G1 Conc#0" [stack: 0x0000000a3dd00000,0x0000000a3de00000] [id=2844]
  0x000001d993cbecf0 ConcurrentGCThread "G1 Refine#0" terminated
  0x000001d9baba26d0 ConcurrentGCThread "G1 Service" terminated

Threads with active compile tasks:

VM state: at safepoint (shutting down)

VM Mutex/Monitor currently owned by a thread:  ([mutex/lock_event])
[0x000001d993beaec0] Threads_lock - owner thread: 0x000001d9bace4650
[0x000001d993beb100] Heap_lock - owner thread: 0x000001d9bfb4fb30

Heap address: 0x0000000681800000, size: 6120 MB, Compressed Oops mode: Zero based, Oop shift amount: 3

CDS archive(s) mapped at: [0x0000000800000000-0x0000000800ba0000-0x0000000800ba0000), size 12189696, SharedBaseAddress: 0x0000000800000000, ArchiveRelocationMode: 0.
Compressed class space mapped at: 0x0000000800c00000-0x0000000840c00000, reserved size: 1073741824
Narrow klass base: 0x0000000800000000, Narrow klass shift: 0, Narrow klass range: 0x100000000

GC Precious Log:
 CardTable entry size: 512
 Card Set container configuration: InlinePtr #cards 4 size 8 Array Of Cards #cards 32 size 80 Howl #buckets 8 coarsen threshold 7372 Howl Bitmap #cards 1024 size 144 coarsen threshold 921 Card regions per heap region 1 cards per card region 8192
 CPUs: 4 total, 4 available
 Memory: 24465M
 Large Page Support: Disabled
 NUMA Support: Disabled
 Compressed Oops: Enabled (Zero based)
 Heap Region Size: 4M
 Heap Min Capacity: 8M
 Heap Initial Capacity: 384M
 Heap Max Capacity: 6120M
 Pre-touch: Disabled
 Parallel Workers: 4
 Concurrent Workers: 1
 Concurrent Refinement Workers: 4
 Periodic GC: Disabled

Heap:
 garbage-first heap   total 393216K, used 8192K [0x0000000681800000, 0x0000000800000000)
  region size 4096K, 3 young (12288K), 0 survivors (0K)
 Metaspace       used 8659K, committed 8896K, reserved 1114112K
  class space    used 968K, committed 1088K, reserved 1048576K

Heap Regions: E=young(eden), S=young(survivor), O=old, HS=humongous(starts), HC=humongous(continues), CS=collection set, F=free, OA=open archive, CA=closed archive, TAMS=top-at-mark-start (previous, next)
|   0|0x0000000681800000, 0x0000000681800000, 0x0000000681c00000|  0%| F|  |TAMS 0x0000000681800000, 0x0000000681800000| Untracked 
|   1|0x0000000681c00000, 0x0000000681c00000, 0x0000000682000000|  0%| F|  |TAMS 0x0000000681c00000, 0x0000000681c00000| Untracked 
|   2|0x0000000682000000, 0x0000000682000000, 0x0000000682400000|  0%| F|  |TAMS 0x0000000682000000, 0x0000000682000000| Untracked 
|   3|0x0000000682400000, 0x0000000682400000, 0x0000000682800000|  0%| F|  |TAMS 0x0000000682400000, 0x0000000682400000| Untracked 
|   4|0x0000000682800000, 0x0000000682800000, 0x0000000682c00000|  0%| F|  |TAMS 0x0000000682800000, 0x0000000682800000| Untracked 
|   5|0x0000000682c00000, 0x0000000682c00000, 0x0000000683000000|  0%| F|  |TAMS 0x0000000682c00000, 0x0000000682c00000| Untracked 
|   6|0x0000000683000000, 0x0000000683000000, 0x0000000683400000|  0%| F|  |TAMS 0x0000000683000000, 0x0000000683000000| Untracked 
|   7|0x0000000683400000, 0x0000000683400000, 0x0000000683800000|  0%| F|  |TAMS 0x0000000683400000, 0x0000000683400000| Untracked 
|   8|0x0000000683800000, 0x0000000683800000, 0x0000000683c00000|  0%| F|  |TAMS 0x0000000683800000, 0x0000000683800000| Untracked 
|   9|0x0000000683c00000, 0x0000000683c00000, 0x0000000684000000|  0%| F|  |TAMS 0x0000000683c00000, 0x0000000683c00000| Untracked 
|  10|0x0000000684000000, 0x0000000684000000, 0x0000000684400000|  0%| F|  |TAMS 0x0000000684000000, 0x0000000684000000| Untracked 
|  11|0x0000000684400000, 0x0000000684400000, 0x0000000684800000|  0%| F|  |TAMS 0x0000000684400000, 0x0000000684400000| Untracked 
|  12|0x0000000684800000, 0x0000000684800000, 0x0000000684c00000|  0%| F|  |TAMS 0x0000000684800000, 0x0000000684800000| Untracked 
|  13|0x0000000684c00000, 0x0000000684c00000, 0x0000000685000000|  0%| F|  |TAMS 0x0000000684c00000, 0x0000000684c00000| Untracked 
|  14|0x0000000685000000, 0x0000000685000000, 0x0000000685400000|  0%| F|  |TAMS 0x0000000685000000, 0x0000000685000000| Untracked 
|  15|0x0000000685400000, 0x0000000685400000, 0x0000000685800000|  0%| F|  |TAMS 0x0000000685400000, 0x0000000685400000| Untracked 
|  16|0x0000000685800000, 0x0000000685800000, 0x0000000685c00000|  0%| F|  |TAMS 0x0000000685800000, 0x0000000685800000| Untracked 
|  17|0x0000000685c00000, 0x0000000685c00000, 0x0000000686000000|  0%| F|  |TAMS 0x0000000685c00000, 0x0000000685c00000| Untracked 
|  18|0x0000000686000000, 0x0000000686000000, 0x0000000686400000|  0%| F|  |TAMS 0x0000000686000000, 0x0000000686000000| Untracked 
|  19|0x0000000686400000, 0x0000000686400000, 0x0000000686800000|  0%| F|  |TAMS 0x0000000686400000, 0x0000000686400000| Untracked 
|  20|0x0000000686800000, 0x0000000686800000, 0x0000000686c00000|  0%| F|  |TAMS 0x0000000686800000, 0x0000000686800000| Untracked 
|  21|0x0000000686c00000, 0x0000000686c00000, 0x0000000687000000|  0%| F|  |TAMS 0x0000000686c00000, 0x0000000686c00000| Untracked 
|  22|0x0000000687000000, 0x0000000687000000, 0x0000000687400000|  0%| F|  |TAMS 0x0000000687000000, 0x0000000687000000| Untracked 
|  23|0x0000000687400000, 0x0000000687400000, 0x0000000687800000|  0%| F|  |TAMS 0x0000000687400000, 0x0000000687400000| Untracked 
|  24|0x0000000687800000, 0x0000000687800000, 0x0000000687c00000|  0%| F|  |TAMS 0x0000000687800000, 0x0000000687800000| Untracked 
|  25|0x0000000687c00000, 0x0000000687c00000, 0x0000000688000000|  0%| F|  |TAMS 0x0000000687c00000, 0x0000000687c00000| Untracked 
|  26|0x0000000688000000, 0x0000000688000000, 0x0000000688400000|  0%| F|  |TAMS 0x0000000688000000, 0x0000000688000000| Untracked 
|  27|0x0000000688400000, 0x0000000688400000, 0x0000000688800000|  0%| F|  |TAMS 0x0000000688400000, 0x0000000688400000| Untracked 
|  28|0x0000000688800000, 0x0000000688800000, 0x0000000688c00000|  0%| F|  |TAMS 0x0000000688800000, 0x0000000688800000| Untracked 
|  29|0x0000000688c00000, 0x0000000688c00000, 0x0000000689000000|  0%| F|  |TAMS 0x0000000688c00000, 0x0000000688c00000| Untracked 
|  30|0x0000000689000000, 0x0000000689000000, 0x0000000689400000|  0%| F|  |TAMS 0x0000000689000000, 0x0000000689000000| Untracked 
|  31|0x0000000689400000, 0x0000000689400000, 0x0000000689800000|  0%| F|  |TAMS 0x0000000689400000, 0x0000000689400000| Untracked 
|  32|0x0000000689800000, 0x0000000689800000, 0x0000000689c00000|  0%| F|  |TAMS 0x0000000689800000, 0x0000000689800000| Untracked 
|  33|0x0000000689c00000, 0x0000000689c00000, 0x000000068a000000|  0%| F|  |TAMS 0x0000000689c00000, 0x0000000689c00000| Untracked 
|  34|0x000000068a000000, 0x000000068a000000, 0x000000068a400000|  0%| F|  |TAMS 0x000000068a000000, 0x000000068a000000| Untracked 
|  35|0x000000068a400000, 0x000000068a400000, 0x000000068a800000|  0%| F|  |TAMS 0x000000068a400000, 0x000000068a400000| Untracked 
|  36|0x000000068a800000, 0x000000068a800000, 0x000000068ac00000|  0%| F|  |TAMS 0x000000068a800000, 0x000000068a800000| Untracked 
|  37|0x000000068ac00000, 0x000000068ac00000, 0x000000068b000000|  0%| F|  |TAMS 0x000000068ac00000, 0x000000068ac00000| Untracked 
|  38|0x000000068b000000, 0x000000068b000000, 0x000000068b400000|  0%| F|  |TAMS 0x000000068b000000, 0x000000068b000000| Untracked 
|  39|0x000000068b400000, 0x000000068b400000, 0x000000068b800000|  0%| F|  |TAMS 0x000000068b400000, 0x000000068b400000| Untracked 
|  40|0x000000068b800000, 0x000000068b800000, 0x000000068bc00000|  0%| F|  |TAMS 0x000000068b800000, 0x000000068b800000| Untracked 
|  41|0x000000068bc00000, 0x000000068bc00000, 0x000000068c000000|  0%| F|  |TAMS 0x000000068bc00000, 0x000000068bc00000| Untracked 
|  42|0x000000068c000000, 0x000000068c000000, 0x000000068c400000|  0%| F|  |TAMS 0x000000068c000000, 0x000000068c000000| Untracked 
|  43|0x000000068c400000, 0x000000068c400000, 0x000000068c800000|  0%| F|  |TAMS 0x000000068c400000, 0x000000068c400000| Untracked 
|  44|0x000000068c800000, 0x000000068c800000, 0x000000068cc00000|  0%| F|  |TAMS 0x000000068c800000, 0x000000068c800000| Untracked 
|  45|0x000000068cc00000, 0x000000068cc00000, 0x000000068d000000|  0%| F|  |TAMS 0x000000068cc00000, 0x000000068cc00000| Untracked 
|  46|0x000000068d000000, 0x000000068d000000, 0x000000068d400000|  0%| F|  |TAMS 0x000000068d000000, 0x000000068d000000| Untracked 
|  47|0x000000068d400000, 0x000000068d400000, 0x000000068d800000|  0%| F|  |TAMS 0x000000068d400000, 0x000000068d400000| Untracked 
|  48|0x000000068d800000, 0x000000068d800000, 0x000000068dc00000|  0%| F|  |TAMS 0x000000068d800000, 0x000000068d800000| Untracked 
|  49|0x000000068dc00000, 0x000000068dc00000, 0x000000068e000000|  0%| F|  |TAMS 0x000000068dc00000, 0x000000068dc00000| Untracked 
|  50|0x000000068e000000, 0x000000068e000000, 0x000000068e400000|  0%| F|  |TAMS 0x000000068e000000, 0x000000068e000000| Untracked 
|  51|0x000000068e400000, 0x000000068e400000, 0x000000068e800000|  0%| F|  |TAMS 0x000000068e400000, 0x000000068e400000| Untracked 
|  52|0x000000068e800000, 0x000000068e800000, 0x000000068ec00000|  0%| F|  |TAMS 0x000000068e800000, 0x000000068e800000| Untracked 
|  53|0x000000068ec00000, 0x000000068ec00000, 0x000000068f000000|  0%| F|  |TAMS 0x000000068ec00000, 0x000000068ec00000| Untracked 
|  54|0x000000068f000000, 0x000000068f000000, 0x000000068f400000|  0%| F|  |TAMS 0x000000068f000000, 0x000000068f000000| Untracked 
|  55|0x000000068f400000, 0x000000068f400000, 0x000000068f800000|  0%| F|  |TAMS 0x000000068f400000, 0x000000068f400000| Untracked 
|  56|0x000000068f800000, 0x000000068f800000, 0x000000068fc00000|  0%| F|  |TAMS 0x000000068f800000, 0x000000068f800000| Untracked 
|  57|0x000000068fc00000, 0x000000068fc00000, 0x0000000690000000|  0%| F|  |TAMS 0x000000068fc00000, 0x000000068fc00000| Untracked 
|  58|0x0000000690000000, 0x0000000690000000, 0x0000000690400000|  0%| F|  |TAMS 0x0000000690000000, 0x0000000690000000| Untracked 
|  59|0x0000000690400000, 0x0000000690400000, 0x0000000690800000|  0%| F|  |TAMS 0x0000000690400000, 0x0000000690400000| Untracked 
|  60|0x0000000690800000, 0x0000000690800000, 0x0000000690c00000|  0%| F|  |TAMS 0x0000000690800000, 0x0000000690800000| Untracked 
|  61|0x0000000690c00000, 0x0000000690c00000, 0x0000000691000000|  0%| F|  |TAMS 0x0000000690c00000, 0x0000000690c00000| Untracked 
|  62|0x0000000691000000, 0x0000000691000000, 0x0000000691400000|  0%| F|  |TAMS 0x0000000691000000, 0x0000000691000000| Untracked 
|  63|0x0000000691400000, 0x0000000691400000, 0x0000000691800000|  0%| F|  |TAMS 0x0000000691400000, 0x0000000691400000| Untracked 
|  64|0x0000000691800000, 0x0000000691800000, 0x0000000691c00000|  0%| F|  |TAMS 0x0000000691800000, 0x0000000691800000| Untracked 
|  65|0x0000000691c00000, 0x0000000691c00000, 0x0000000692000000|  0%| F|  |TAMS 0x0000000691c00000, 0x0000000691c00000| Untracked 
|  66|0x0000000692000000, 0x0000000692000000, 0x0000000692400000|  0%| F|  |TAMS 0x0000000692000000, 0x0000000692000000| Untracked 
|  67|0x0000000692400000, 0x0000000692400000, 0x0000000692800000|  0%| F|  |TAMS 0x0000000692400000, 0x0000000692400000| Untracked 
|  68|0x0000000692800000, 0x0000000692800000, 0x0000000692c00000|  0%| F|  |TAMS 0x0000000692800000, 0x0000000692800000| Untracked 
|  69|0x0000000692c00000, 0x0000000692c00000, 0x0000000693000000|  0%| F|  |TAMS 0x0000000692c00000, 0x0000000692c00000| Untracked 
|  70|0x0000000693000000, 0x0000000693000000, 0x0000000693400000|  0%| F|  |TAMS 0x0000000693000000, 0x0000000693000000| Untracked 
|  71|0x0000000693400000, 0x0000000693400000, 0x0000000693800000|  0%| F|  |TAMS 0x0000000693400000, 0x0000000693400000| Untracked 
|  72|0x0000000693800000, 0x0000000693800000, 0x0000000693c00000|  0%| F|  |TAMS 0x0000000693800000, 0x0000000693800000| Untracked 
|  73|0x0000000693c00000, 0x0000000693c00000, 0x0000000694000000|  0%| F|  |TAMS 0x0000000693c00000, 0x0000000693c00000| Untracked 
|  74|0x0000000694000000, 0x0000000694000000, 0x0000000694400000|  0%| F|  |TAMS 0x0000000694000000, 0x0000000694000000| Untracked 
|  75|0x0000000694400000, 0x0000000694400000, 0x0000000694800000|  0%| F|  |TAMS 0x0000000694400000, 0x0000000694400000| Untracked 
|  76|0x0000000694800000, 0x0000000694800000, 0x0000000694c00000|  0%| F|  |TAMS 0x0000000694800000, 0x0000000694800000| Untracked 
|  77|0x0000000694c00000, 0x0000000694c00000, 0x0000000695000000|  0%| F|  |TAMS 0x0000000694c00000, 0x0000000694c00000| Untracked 
|  78|0x0000000695000000, 0x0000000695000000, 0x0000000695400000|  0%| F|  |TAMS 0x0000000695000000, 0x0000000695000000| Untracked 
|  79|0x0000000695400000, 0x0000000695400000, 0x0000000695800000|  0%| F|  |TAMS 0x0000000695400000, 0x0000000695400000| Untracked 
|  80|0x0000000695800000, 0x0000000695800000, 0x0000000695c00000|  0%| F|  |TAMS 0x0000000695800000, 0x0000000695800000| Untracked 
|  81|0x0000000695c00000, 0x0000000695c00000, 0x0000000696000000|  0%| F|  |TAMS 0x0000000695c00000, 0x0000000695c00000| Untracked 
|  82|0x0000000696000000, 0x0000000696000000, 0x0000000696400000|  0%| F|  |TAMS 0x0000000696000000, 0x0000000696000000| Untracked 
|  83|0x0000000696400000, 0x0000000696400000, 0x0000000696800000|  0%| F|  |TAMS 0x0000000696400000, 0x0000000696400000| Untracked 
|  84|0x0000000696800000, 0x0000000696800000, 0x0000000696c00000|  0%| F|  |TAMS 0x0000000696800000, 0x0000000696800000| Untracked 
|  85|0x0000000696c00000, 0x0000000696c00000, 0x0000000697000000|  0%| F|  |TAMS 0x0000000696c00000, 0x0000000696c00000| Untracked 
|  86|0x0000000697000000, 0x0000000697000000, 0x0000000697400000|  0%| F|  |TAMS 0x0000000697000000, 0x0000000697000000| Untracked 
|  87|0x0000000697400000, 0x0000000697400000, 0x0000000697800000|  0%| F|  |TAMS 0x0000000697400000, 0x0000000697400000| Untracked 
|  88|0x0000000697800000, 0x0000000697800000, 0x0000000697c00000|  0%| F|  |TAMS 0x0000000697800000, 0x0000000697800000| Untracked 
|  89|0x0000000697c00000, 0x0000000697c00000, 0x0000000698000000|  0%| F|  |TAMS 0x0000000697c00000, 0x0000000697c00000| Untracked 
|  90|0x0000000698000000, 0x0000000698000000, 0x0000000698400000|  0%| F|  |TAMS 0x0000000698000000, 0x0000000698000000| Untracked 
|  91|0x0000000698400000, 0x0000000698400000, 0x0000000698800000|  0%| F|  |TAMS 0x0000000698400000, 0x0000000698400000| Untracked 
|  92|0x0000000698800000, 0x0000000698800000, 0x0000000698c00000|  0%| F|  |TAMS 0x0000000698800000, 0x0000000698800000| Untracked 
|  93|0x0000000698c00000, 0x0000000698f35f08, 0x0000000699000000| 80%| E|  |TAMS 0x0000000698c00000, 0x0000000698c00000| Complete 
|  94|0x0000000699000000, 0x0000000699400000, 0x0000000699400000|100%| E|CS|TAMS 0x0000000699000000, 0x0000000699000000| Complete 
|  95|0x0000000699400000, 0x0000000699800000, 0x0000000699800000|100%| E|CS|TAMS 0x0000000699400000, 0x0000000699400000| Complete 

Card table byte_map: [0x000001d9ab130000,0x000001d9abd30000] _byte_map_base: 0x000001d9a7d24000

Marking Bits (Prev, Next): (CMBitMap*) 0x000001d993c7cf10, (CMBitMap*) 0x000001d993c7cf50
 Prev Bits: [0x000001d9ac930000, 0x000001d9b28d0000)
 Next Bits: [0x000001d9b28d0000, 0x000001d9b8870000)

Polling page: 0x000001d991b40000

Metaspace:

Usage:
  Non-class:      7.51 MB used.
      Class:    968.75 KB used.
       Both:      8.46 MB used.

Virtual space:
  Non-class space:       64.00 MB reserved,       7.62 MB ( 12%) committed,  1 nodes.
      Class space:        1.00 GB reserved,       1.06 MB ( <1%) committed,  1 nodes.
             Both:        1.06 GB reserved,       8.69 MB ( <1%) committed. 

Chunk freelists:
   Non-Class:  197.00 KB
       Class:  2.99 MB
        Both:  3.18 MB

MaxMetaspaceSize: unlimited
CompressedClassSpaceSize: 1.00 GB
Initial GC threshold: 21.00 MB
Current GC threshold: 21.00 MB
CDS: on
MetaspaceReclaimPolicy: balanced
 - commit_granule_bytes: 65536.
 - commit_granule_words: 8192.
 - virtual_space_node_default_size: 8388608.
 - enlarge_chunks_in_place: 1.
 - new_chunks_are_fully_committed: 0.
 - uncommit_free_chunks: 1.
 - use_allocation_guard: 0.


Internal statistics:

num_allocs_failed_limit: 0.
num_arena_births: 188.
num_arena_deaths: 0.
num_vsnodes_births: 2.
num_vsnodes_deaths: 0.
num_space_committed: 139.
num_space_uncommitted: 0.
num_chunks_returned_to_freelist: 0.
num_chunks_taken_from_freelist: 250.
num_chunk_merges: 0.
num_chunk_splits: 150.
num_chunks_enlarged: 68.
num_inconsistent_stats: 0.

CodeHeap 'non-profiled nmethods': size=120000Kb used=297Kb max_used=297Kb free=119702Kb
 bounds [0x000001d9a3000000, 0x000001d9a3270000, 0x000001d9aa530000]
CodeHeap 'profiled nmethods': size=120000Kb used=1525Kb max_used=1525Kb free=118474Kb
 bounds [0x000001d99bad0000, 0x000001d99bd40000, 0x000001d9a3000000]
CodeHeap 'non-nmethods': size=5760Kb used=1292Kb max_used=1305Kb free=4467Kb
 bounds [0x000001d99b530000, 0x000001d99b7a0000, 0x000001d99bad0000]
 total_blobs=1648 nmethods=1038 adapters=523
 compilation: enabled
              stopped_count=0, restarted_count=0
 full_count=0

Compilation events (20 events):
Event: 24.353 Thread 0x000001d9bad25a70 1026       3       jdk.internal.org.objectweb.asm.AnnotationWriter::create (34 bytes)
Event: 24.355 Thread 0x000001d9bad25a70 nmethod 1026 0x000001d99bc47c10 code [0x000001d99bc47e00, 0x000001d99bc482b8]
Event: 24.355 Thread 0x000001d9bad25a70 1027       3       jdk.internal.org.objectweb.asm.AnnotationWriter::visitEnd (44 bytes)
Event: 24.355 Thread 0x000001d9bad25a70 nmethod 1027 0x000001d99bc48490 code [0x000001d99bc48620, 0x000001d99bc487d8]
Event: 24.361 Thread 0x000001d9bad25a70 1028       3       jdk.internal.org.objectweb.asm.MethodWriter::visitLabel (328 bytes)
Event: 24.364 Thread 0x000001d9bad25a70 nmethod 1028 0x000001d99bc48910 code [0x000001d99bc48b80, 0x000001d99bc499a8]
Event: 24.364 Thread 0x000001d9bad25a70 1029       3       java.util.ArrayList::isEmpty (13 bytes)
Event: 24.364 Thread 0x000001d9bad25a70 nmethod 1029 0x000001d99bc49c10 code [0x000001d99bc49da0, 0x000001d99bc49f18]
Event: 24.366 Thread 0x000001d9bad25a70 1032       3       java.lang.ref.SoftReference::<init> (13 bytes)
Event: 24.367 Thread 0x000001d9bad25a70 nmethod 1032 0x000001d99bc49f90 code [0x000001d99bc4a140, 0x000001d99bc4a478]
Event: 24.367 Thread 0x000001d9bad25a70 1033       3       java.awt.AWTEvent::<init> (81 bytes)
Event: 24.368 Thread 0x000001d9bad25a70 nmethod 1033 0x000001d99bc4a590 code [0x000001d99bc4a760, 0x000001d99bc4ac18]
Event: 24.369 Thread 0x000001d9bad25a70 1034       3       java.util.ArrayList::remove (26 bytes)
Event: 24.369 Thread 0x000001d9bad25a70 nmethod 1034 0x000001d99bc4ad90 code [0x000001d99bc4af40, 0x000001d99bc4b168]
Event: 24.369 Thread 0x000001d9bad25a70 1035       3       java.util.ArrayList::fastRemove (44 bytes)
Event: 24.370 Thread 0x000001d9bad25a70 nmethod 1035 0x000001d99bc4b310 code [0x000001d99bc4b4c0, 0x000001d99bc4b8c8]
Event: 24.370 Thread 0x000001d9bad25a70 1036   !   3       javax.swing.UIDefaults::getFromHashtable (239 bytes)
Event: 24.374 Thread 0x000001d9bad25a70 nmethod 1036 0x000001d99bc4ba10 code [0x000001d99bc4bd20, 0x000001d99bc4d208]
Event: 24.381 Thread 0x000001d9bad25a70 1037       1       java.awt.event.InvocationEvent::getWhen (5 bytes)
Event: 24.381 Thread 0x000001d9bad25a70 nmethod 1037 0x000001d9a3049d90 code [0x000001d9a3049f20, 0x000001d9a3049ff8]

GC Heap History (0 events):
No events

Deoptimization events (20 events):
Event: 0.538 Thread 0x000001d9bad06d90 Uncommon trap: trap_request=0xffffff45 fr.pc=0x000001d9a3027a40 relative=0x00000000000008e0
Event: 0.538 Thread 0x000001d9bad06d90 Uncommon trap: reason=unstable_if action=reinterpret pc=0x000001d9a3027a40 method=java.util.HashMap.putVal(ILjava/lang/Object;Ljava/lang/Object;ZZ)Ljava/lang/Object; @ 181 c2
Event: 0.538 Thread 0x000001d9bad06d90 DEOPT PACKING pc=0x000001d9a3027a40 sp=0x0000000a3f1fcae0
Event: 0.538 Thread 0x000001d9bad06d90 DEOPT UNPACKING pc=0x000001d99b5823a3 sp=0x0000000a3f1fca80 mode 2
Event: 13.847 Thread 0x000001d9bad06d90 Uncommon trap: trap_request=0xffffffde fr.pc=0x000001d9a300b4ac relative=0x00000000000001ac
Event: 13.847 Thread 0x000001d9bad06d90 Uncommon trap: reason=class_check action=maybe_recompile pc=0x000001d9a300b4ac method=java.lang.String.equals(Ljava/lang/Object;)Z @ 8 c2
Event: 13.847 Thread 0x000001d9bad06d90 DEOPT PACKING pc=0x000001d9a300b4ac sp=0x0000000a3f1fe450
Event: 13.847 Thread 0x000001d9bad06d90 DEOPT UNPACKING pc=0x000001d99b5823a3 sp=0x0000000a3f1fe3f8 mode 2
Event: 13.847 Thread 0x000001d9bad06d90 Uncommon trap: trap_request=0xffffffde fr.pc=0x000001d9a300b4ac relative=0x00000000000001ac
Event: 13.847 Thread 0x000001d9bad06d90 Uncommon trap: reason=class_check action=maybe_recompile pc=0x000001d9a300b4ac method=java.lang.String.equals(Ljava/lang/Object;)Z @ 8 c2
Event: 13.847 Thread 0x000001d9bad06d90 DEOPT PACKING pc=0x000001d9a300b4ac sp=0x0000000a3f1fe450
Event: 13.847 Thread 0x000001d9bad06d90 DEOPT UNPACKING pc=0x000001d99b5823a3 sp=0x0000000a3f1fe3f8 mode 2
Event: 13.852 Thread 0x000001d9bad06d90 Uncommon trap: trap_request=0xffffffde fr.pc=0x000001d9a300b4ac relative=0x00000000000001ac
Event: 13.852 Thread 0x000001d9bad06d90 Uncommon trap: reason=class_check action=maybe_recompile pc=0x000001d9a300b4ac method=java.lang.String.equals(Ljava/lang/Object;)Z @ 8 c2
Event: 13.852 Thread 0x000001d9bad06d90 DEOPT PACKING pc=0x000001d9a300b4ac sp=0x0000000a3f1fe450
Event: 13.852 Thread 0x000001d9bad06d90 DEOPT UNPACKING pc=0x000001d99b5823a3 sp=0x0000000a3f1fe3f8 mode 2
Event: 13.852 Thread 0x000001d9bad06d90 Uncommon trap: trap_request=0xffffffde fr.pc=0x000001d9a300b4ac relative=0x00000000000001ac
Event: 13.852 Thread 0x000001d9bad06d90 Uncommon trap: reason=class_check action=maybe_recompile pc=0x000001d9a300b4ac method=java.lang.String.equals(Ljava/lang/Object;)Z @ 8 c2
Event: 13.852 Thread 0x000001d9bad06d90 DEOPT PACKING pc=0x000001d9a300b4ac sp=0x0000000a3f1fe450
Event: 13.853 Thread 0x000001d9bad06d90 DEOPT UNPACKING pc=0x000001d99b5823a3 sp=0x0000000a3f1fe3f8 mode 2

Classes loaded (20 events):
Event: 13.852 Loading class javax/swing/event/UndoableEditListener
Event: 13.852 Loading class javax/swing/event/UndoableEditListener done
Event: 13.870 Loading class javax/swing/text/JTextComponent$ComposedTextCaret
Event: 13.871 Loading class javax/swing/text/JTextComponent$ComposedTextCaret done
Event: 13.872 Loading class javax/swing/RepaintManager$3
Event: 13.872 Loading class javax/swing/RepaintManager$3 done
Event: 13.874 Loading class java/awt/print/PrinterGraphics
Event: 13.874 Loading class java/awt/print/PrinterGraphics done
Event: 13.874 Loading class java/awt/PrintGraphics
Event: 13.875 Loading class java/awt/PrintGraphics done
Event: 13.875 Loading class sun/java2d/loops/FontInfo
Event: 13.875 Loading class sun/java2d/loops/FontInfo done
Event: 15.873 Loading class java/util/regex/Pattern$Pos
Event: 15.874 Loading class java/util/regex/Pattern$Pos done
Event: 15.874 Loading class javax/swing/text/GapContent$RemoveUndo
Event: 15.874 Loading class javax/swing/text/GapContent$RemoveUndo done
Event: 15.874 Loading class javax/swing/text/GapContent$UndoPosRef
Event: 15.874 Loading class javax/swing/text/GapContent$UndoPosRef done
Event: 24.839 Loading class jdk/internal/misc/Signal$1
Event: 24.839 Loading class jdk/internal/misc/Signal$1 done

Classes unloaded (0 events):
No events

Classes redefined (0 events):
No events

Internal exceptions (17 events):
Event: 0.097 Thread 0x000001d993befb50 Exception <a 'java/lang/NoSuchMethodError'{0x00000006995e5f68}: 'void java.lang.invoke.DirectMethodHandle$Holder.invokeStatic(java.lang.Object, java.lang.Object, java.lang.Object)'> (0x00000006995e5f68) 
thrown [s\open\src\hotspot\share\interpreter\linkResolver.cpp, line 766]
Event: 0.101 Thread 0x000001d993befb50 Exception <a 'java/lang/NoSuchMethodError'{0x00000006995feee8}: 'java.lang.Object java.lang.invoke.Invokers$Holder.invokeExact_MT(java.lang.Object, java.lang.Object, java.lang.Object, java.lang.Object, java.lang.Object)'> (0x00000006995feee8) 
thrown [s\open\src\hotspot\share\interpreter\linkResolver.cpp, line 766]
Event: 0.139 Thread 0x000001d9bad05580 Exception <a 'java/lang/NoSuchMethodError'{0x0000000699644280}: 'void java.lang.invoke.DirectMethodHandle$Holder.invokeStatic(java.lang.Object, java.lang.Object)'> (0x0000000699644280) 
thrown [s\open\src\hotspot\share\interpreter\linkResolver.cpp, line 766]
Event: 0.148 Thread 0x000001d993befb50 Exception <a 'java/lang/ClassNotFoundException'{0x0000000699698318}: sun/awt/resources/spi/awtProvider> (0x0000000699698318) 
thrown [s\open\src\hotspot\share\classfile\systemDictionary.cpp, line 255]
Event: 0.187 Thread 0x000001d993befb50 Exception <a 'java/io/FileNotFoundException'{0x00000006996e3918}> (0x00000006996e3918) 
thrown [s\open\src\hotspot\share\prims\jni.cpp, line 516]
Event: 0.193 Thread 0x000001d993befb50 Exception <a 'java/io/FileNotFoundException'{0x0000000699710848}> (0x0000000699710848) 
thrown [s\open\src\hotspot\share\prims\jni.cpp, line 516]
Event: 0.217 Thread 0x000001d993befb50 Exception <a 'java/lang/NoSuchMethodError'{0x0000000699738cd0}: 'java.lang.Object java.lang.invoke.DirectMethodHandle$Holder.invokeStaticInit(java.lang.Object)'> (0x0000000699738cd0) 
thrown [s\open\src\hotspot\share\interpreter\linkResolver.cpp, line 766]
Event: 0.309 Thread 0x000001d9bad06d90 Exception <a 'java/lang/NoSuchMethodError'{0x00000006990194d8}: 'void java.lang.invoke.DirectMethodHandle$Holder.invokeSpecial(java.lang.Object, java.lang.Object, java.lang.Object)'> (0x00000006990194d8) 
thrown [s\open\src\hotspot\share\interpreter\linkResolver.cpp, line 766]
Event: 0.316 Thread 0x000001d9bad06d90 Exception <a 'java/lang/NoSuchMethodError'{0x0000000699044250}: 'java.lang.Object java.lang.invoke.DirectMethodHandle$Holder.newInvokeSpecial(java.lang.Object, java.lang.Object, java.lang.Object, java.lang.Object, java.lang.Object)'> (0x0000000699044250) 
thrown [s\open\src\hotspot\share\interpreter\linkResolver.cpp, line 766]
Event: 0.321 Thread 0x000001d9bad06d90 Exception <a 'java/lang/NoSuchMethodError'{0x0000000699075db0}: 'java.lang.Object java.lang.invoke.DirectMethodHandle$Holder.invokeStatic(java.lang.Object, int, java.lang.Object)'> (0x0000000699075db0) 
thrown [s\open\src\hotspot\share\interpreter\linkResolver.cpp, line 766]
Event: 0.340 Thread 0x000001d9bad06d90 Exception <a 'java/lang/ClassNotFoundException'{0x0000000699132cd0}: com/sun/swing/internal/plaf/metal/resources/spi/metalProvider> (0x0000000699132cd0) 
thrown [s\open\src\hotspot\share\classfile\systemDictionary.cpp, line 255]
Event: 0.342 Thread 0x000001d9bad06d90 Exception <a 'java/lang/ClassNotFoundException'{0x0000000699136d58}: com/sun/swing/internal/plaf/basic/resources/spi/basicProvider> (0x0000000699136d58) 
thrown [s\open\src\hotspot\share\classfile\systemDictionary.cpp, line 255]
Event: 0.348 Thread 0x000001d9bad06d90 Exception <a 'java/lang/NoSuchMethodError'{0x0000000699153248}: 'int java.lang.invoke.Invokers$Holder.invokeExact_MT(java.lang.Object, java.lang.Object)'> (0x0000000699153248) 
thrown [s\open\src\hotspot\share\interpreter\linkResolver.cpp, line 766]
Event: 0.384 Thread 0x000001d9bad06d90 Exception <a 'java/lang/NoSuchMethodError'{0x0000000699199de0}: 'void java.lang.invoke.DirectMethodHandle$Holder.invokeStaticInit(java.lang.Object)'> (0x0000000699199de0) 
thrown [s\open\src\hotspot\share\interpreter\linkResolver.cpp, line 766]
Event: 0.483 Thread 0x000001d9bad068c0 Exception <a 'java/lang/NoSuchMethodError'{0x000000069978dc78}: 'void java.lang.invoke.DirectMethodHandle$Holder.invokeVirtual(java.lang.Object, java.lang.Object)'> (0x000000069978dc78) 
thrown [s\open\src\hotspot\share\interpreter\linkResolver.cpp, line 766]
Event: 0.524 Thread 0x000001d9bad06d90 Exception <a 'java/lang/NoSuchMethodError'{0x00000006992b2668}: 'void java.lang.invoke.DirectMethodHandle$Holder.invokeStatic(java.lang.Object, int, java.lang.Object)'> (0x00000006992b2668) 
thrown [s\open\src\hotspot\share\interpreter\linkResolver.cpp, line 766]
Event: 1.062 Thread 0x000001d9bad042c0 Exception <a 'java/lang/NoSuchMethodError'{0x0000000698ceece8}: 'java.lang.Object java.lang.invoke.Invokers$Holder.invokeExact_MT(java.lang.Object, java.lang.Object, java.lang.Object, java.lang.Object, java.lang.Object, java.lang.Object)'> (0x0000000698ceece8) 
thrown [s\open\src\hotspot\share\interpreter\linkResolver.cpp, line 766]

VM Operations (20 events):
Event: 2.575 Executing VM operation: Cleanup done
Event: 3.585 Executing VM operation: Cleanup
Event: 3.585 Executing VM operation: Cleanup done
Event: 7.625 Executing VM operation: Cleanup
Event: 7.625 Executing VM operation: Cleanup done
Event: 14.694 Executing VM operation: Cleanup
Event: 14.694 Executing VM operation: Cleanup done
Event: 15.704 Executing VM operation: Cleanup
Event: 15.704 Executing VM operation: Cleanup done
Event: 16.713 Executing VM operation: Cleanup
Event: 16.714 Executing VM operation: Cleanup done
Event: 18.733 Executing VM operation: Cleanup
Event: 18.733 Executing VM operation: Cleanup done
Event: 20.749 Executing VM operation: Cleanup
Event: 20.749 Executing VM operation: Cleanup done
Event: 22.772 Executing VM operation: Cleanup
Event: 22.772 Executing VM operation: Cleanup done
Event: 23.778 Executing VM operation: Cleanup
Event: 23.779 Executing VM operation: Cleanup done
Event: 24.952 Executing VM operation: Exit

Events (20 events):
Event: 0.179 Loaded shared library E:\Program Files\Java\jdk-18.0.1\bin\awt.dll
Event: 0.218 Thread 0x000001d9bad050b0 Thread added: 0x000001d9bad050b0
Event: 0.219 Thread 0x000001d9bad07260 Thread added: 0x000001d9bad07260
Event: 0.220 Thread 0x000001d9bad068c0 Thread added: 0x000001d9bad068c0
Event: 0.232 Thread 0x000001d9bad06d90 Thread added: 0x000001d9bad06d90
Event: 0.407 Loaded shared library E:\Program Files\Java\jdk-18.0.1\bin\freetype.dll
Event: 0.428 Loaded shared library E:\Program Files\Java\jdk-18.0.1\bin\fontmanager.dll
Event: 0.514 Loaded shared library C:\Users\Lenovo 2\Downloads\JNativeHook-2.2.2.x86_64.dll
Event: 0.520 Thread 0x000001d9bad05f20 Thread added: 0x000001d9bad05f20
Event: 0.522 Thread 0x000001d9bad063f0 Thread added: 0x000001d9bad063f0
Event: 0.561 Thread 0x000001d9bfb521b0 Thread added: 0x000001d9bfb521b0
Event: 1.117 Thread 0x000001d993befb50 Thread exited: 0x000001d993befb50
Event: 1.117 Thread 0x000001d9bfb4f660 Thread added: 0x000001d9bfb4f660
Event: 24.839 Thread 0x000001d9bfb4fb30 Thread added: 0x000001d9bfb4fb30
Event: 24.839 Thread 0x000001d9bfb51810 Thread added: 0x000001d9bfb51810
Event: 24.839 Thread 0x000001d9bfb4de50 Thread added: 0x000001d9bfb4de50
Event: 24.839 Thread 0x000001d9bfb51ce0 Thread added: 0x000001d9bfb51ce0
Event: 24.845 Thread 0x000001d9bfb51ce0 Thread exited: 0x000001d9bfb51ce0
Event: 24.845 Thread 0x000001d9bfb4de50 Thread exited: 0x000001d9bfb4de50
Event: 24.860 Thread 0x000001d9bad068c0 Thread exited: 0x000001d9bad068c0


Dynamic libraries:
0x00007ff72e1c0000 - 0x00007ff72e1d0000 	E:\Program Files\Java\jdk-18.0.1\bin\java.exe
0x00007ffd5eef0000 - 0x00007ffd5f0e8000 	C:\WINDOWS\SYSTEM32\ntdll.dll
0x00007ffd5cf60000 - 0x00007ffd5d01f000 	C:\WINDOWS\System32\KERNEL32.DLL
0x00007ffd5cc70000 - 0x00007ffd5cf4a000 	C:\WINDOWS\System32\KERNELBASE.dll
0x00007ffd5c870000 - 0x00007ffd5c970000 	C:\WINDOWS\System32\ucrtbase.dll
0x00007ffd58130000 - 0x00007ffd5814a000 	E:\Program Files\Java\jdk-18.0.1\bin\VCRUNTIME140.dll
0x00007ffd58110000 - 0x00007ffd58128000 	E:\Program Files\Java\jdk-18.0.1\bin\jli.dll
0x00007ffd5ddd0000 - 0x00007ffd5de7e000 	C:\WINDOWS\System32\ADVAPI32.dll
0x00007ffd5e5d0000 - 0x00007ffd5e66e000 	C:\WINDOWS\System32\msvcrt.dll
0x00007ffd5e9b0000 - 0x00007ffd5ea4c000 	C:\WINDOWS\System32\sechost.dll
0x00007ffd5d890000 - 0x00007ffd5d9b6000 	C:\WINDOWS\System32\RPCRT4.dll
0x00007ffd5deb0000 - 0x00007ffd5e04d000 	C:\WINDOWS\System32\USER32.dll
0x00007ffd5c600000 - 0x00007ffd5c622000 	C:\WINDOWS\System32\win32u.dll
0x00007ffd5e050000 - 0x00007ffd5e07b000 	C:\WINDOWS\System32\GDI32.dll
0x00007ffd5c760000 - 0x00007ffd5c870000 	C:\WINDOWS\System32\gdi32full.dll
0x00007ffd5c6c0000 - 0x00007ffd5c75d000 	C:\WINDOWS\System32\msvcp_win.dll
0x00007ffd4fed0000 - 0x00007ffd5016a000 	C:\WINDOWS\WinSxS\amd64_microsoft.windows.common-controls_6595b64144ccf1df_6.0.19041.1110_none_60b5254171f9507e\COMCTL32.dll
0x00007ffd54be0000 - 0x00007ffd54bea000 	C:\WINDOWS\SYSTEM32\VERSION.dll
0x00007ffd5de80000 - 0x00007ffd5deb0000 	C:\WINDOWS\System32\IMM32.DLL
0x00007ffd582a0000 - 0x00007ffd582ac000 	E:\Program Files\Java\jdk-18.0.1\bin\vcruntime140_1.dll
0x00007ffd4dce0000 - 0x00007ffd4dd6d000 	E:\Program Files\Java\jdk-18.0.1\bin\msvcp140.dll
0x00007ffd3d410000 - 0x00007ffd3e020000 	E:\Program Files\Java\jdk-18.0.1\bin\server\jvm.dll
0x00007ffd5e890000 - 0x00007ffd5e898000 	C:\WINDOWS\System32\PSAPI.DLL
0x00007ffd574c0000 - 0x00007ffd574c9000 	C:\WINDOWS\SYSTEM32\WSOCK32.dll
0x00007ffd5e670000 - 0x00007ffd5e6db000 	C:\WINDOWS\System32\WS2_32.dll
0x00007ffd4e200000 - 0x00007ffd4e227000 	C:\WINDOWS\SYSTEM32\WINMM.dll
0x00007ffd5a4a0000 - 0x00007ffd5a4b2000 	C:\WINDOWS\SYSTEM32\kernel.appcore.dll
0x00007ffd58100000 - 0x00007ffd5810a000 	E:\Program Files\Java\jdk-18.0.1\bin\jimage.dll
0x00007ffd4da30000 - 0x00007ffd4dc14000 	C:\WINDOWS\SYSTEM32\DBGHELP.DLL
0x00007ffd4d7b0000 - 0x00007ffd4d7e4000 	C:\WINDOWS\SYSTEM32\dbgcore.DLL
0x00007ffd5c630000 - 0x00007ffd5c6b2000 	C:\WINDOWS\System32\bcryptPrimitives.dll
0x00007ffd14f90000 - 0x00007ffd14f9e000 	E:\Program Files\Java\jdk-18.0.1\bin\instrument.dll
0x00007ffd580b0000 - 0x00007ffd580d5000 	E:\Program Files\Java\jdk-18.0.1\bin\java.dll
0x00007ffd4afc0000 - 0x00007ffd4b096000 	E:\Program Files\Java\jdk-18.0.1\bin\jsvml.dll
0x00007ffd5d030000 - 0x00007ffd5d774000 	C:\WINDOWS\System32\SHELL32.dll
0x00007ffd5a6a0000 - 0x00007ffd5ae33000 	C:\WINDOWS\SYSTEM32\windows.storage.dll
0x00007ffd5da70000 - 0x00007ffd5ddc4000 	C:\WINDOWS\System32\combase.dll
0x00007ffd5bea0000 - 0x00007ffd5bece000 	C:\WINDOWS\SYSTEM32\Wldp.dll
0x00007ffd5d7e0000 - 0x00007ffd5d88d000 	C:\WINDOWS\System32\SHCORE.dll
0x00007ffd5edd0000 - 0x00007ffd5ee25000 	C:\WINDOWS\System32\shlwapi.dll
0x00007ffd5c540000 - 0x00007ffd5c55f000 	C:\WINDOWS\SYSTEM32\profapi.dll
0x00007ffd14fa0000 - 0x00007ffd14fb8000 	E:\Program Files\Java\jdk-18.0.1\bin\zip.dll
0x00007ffd58040000 - 0x00007ffd58053000 	E:\Program Files\Java\jdk-18.0.1\bin\net.dll
0x00007ffd55c10000 - 0x00007ffd55d1a000 	C:\WINDOWS\SYSTEM32\WINHTTP.dll
0x00007ffd5bc80000 - 0x00007ffd5bcea000 	C:\WINDOWS\system32\mswsock.dll
0x00007ffd57750000 - 0x00007ffd57766000 	E:\Program Files\Java\jdk-18.0.1\bin\nio.dll
0x00007ffd14f70000 - 0x00007ffd14f8a000 	D:\Programe Files\IntelliJ IDEA Community Edition 2022.3.3\bin\breakgen64.dll
0x00007ffcf4fd0000 - 0x00007ffcf515f000 	E:\Program Files\Java\jdk-18.0.1\bin\awt.dll
0x00007ffd5ed00000 - 0x00007ffd5edcd000 	C:\WINDOWS\System32\OLEAUT32.dll
0x00007ffd59ea0000 - 0x00007ffd59f30000 	C:\WINDOWS\SYSTEM32\apphelp.dll
0x00007ffd59fd0000 - 0x00007ffd5a06e000 	C:\WINDOWS\system32\uxtheme.dll
0x00007ffcfe0a0000 - 0x00007ffcfe0c2000 	C:\Users\LENOVO~1\AppData\Local\Temp\F8A8.tmp
0x00007ffd5eb70000 - 0x00007ffd5ec9a000 	C:\WINDOWS\System32\ole32.dll
0x00007ffd5be10000 - 0x00007ffd5be1c000 	C:\WINDOWS\SYSTEM32\CRYPTBASE.DLL
0x00007ffcfce20000 - 0x00007ffcfce30000 	D:\Programe Files\RBTray-4_3\64\RBHook.dll
0x00007ffd5ea50000 - 0x00007ffd5eb64000 	C:\WINDOWS\System32\MSCTF.dll
0x00007ffd5a2c0000 - 0x00007ffd5a2ef000 	C:\WINDOWS\system32\DWMAPI.DLL
0x00007ffd35e00000 - 0x00007ffd35f25000 	C:\WINDOWS\system32\opengl32.dll
0x00007ffd36660000 - 0x00007ffd3668c000 	C:\WINDOWS\SYSTEM32\GLU32.dll
0x00007ffd5c9c0000 - 0x00007ffd5c9e7000 	C:\WINDOWS\System32\bcrypt.dll
0x00007ffd56bc0000 - 0x00007ffd56bfb000 	C:\WINDOWS\SYSTEM32\dxcore.dll
0x00007ffd5c970000 - 0x00007ffd5c9be000 	C:\WINDOWS\System32\cfgmgr32.dll
0x00007ffcf4550000 - 0x00007ffcf45d9000 	E:\Program Files\Java\jdk-18.0.1\bin\freetype.dll
0x00007ffcf44a0000 - 0x00007ffcf4548000 	E:\Program Files\Java\jdk-18.0.1\bin\fontmanager.dll
0x00007ffd5d9c0000 - 0x00007ffd5da69000 	C:\WINDOWS\System32\clbcatq.dll
0x00007ffd53e70000 - 0x00007ffd54024000 	C:\WINDOWS\SYSTEM32\WindowsCodecs.dll
0x00007ffd41b40000 - 0x00007ffd41c39000 	C:\WINDOWS\SYSTEM32\textinputframework.dll
0x00007ffd59cc0000 - 0x00007ffd59db2000 	C:\WINDOWS\System32\CoreMessaging.dll
0x00007ffd59960000 - 0x00007ffd59cbe000 	C:\WINDOWS\System32\CoreUIComponents.dll
0x00007ffd5b700000 - 0x00007ffd5b733000 	C:\WINDOWS\SYSTEM32\ntmarta.dll
0x00007ffd59800000 - 0x00007ffd59954000 	C:\WINDOWS\SYSTEM32\wintypes.dll
0x00007ffd342e0000 - 0x00007ffd34346000 	C:\WINDOWS\system32\Oleacc.dll
0x00007ffd14030000 - 0x00007ffd1404a000 	C:\Users\Lenovo 2\Downloads\JNativeHook-2.2.2.x86_64.dll
0x00007ffd580a0000 - 0x00007ffd580a6000 	C:\WINDOWS\system32\KBDINEN.DLL
0x00007ffd14c00000 - 0x00007ffd14c09000 	C:\WINDOWS\system32\KBDUS.DLL
0x00007ffd14020000 - 0x00007ffd14025000 	C:\WINDOWS\system32\KBDUK.DLL
0x00007ffd58170000 - 0x00007ffd58266000 	C:\Windows\System32\PROPSYS.dll

dbghelp: loaded successfully - version: 4.0.5 - missing functions: none
symbol engine: initialized successfully - sym options: 0x614 - pdb path: .;E:\Program Files\Java\jdk-18.0.1\bin;C:\WINDOWS\SYSTEM32;C:\WINDOWS\WinSxS\amd64_microsoft.windows.common-controls_6595b64144ccf1df_6.0.19041.1110_none_60b5254171f9507e;E:\Program Files\Java\jdk-18.0.1\bin\server;D:\Programe Files\IntelliJ IDEA Community Edition 2022.3.3\bin;C:\Users\LENOVO~1\AppData\Local\Temp;D:\Programe Files\RBTray-4_3\64;C:\Users\Lenovo 2\Downloads

VM Arguments:
jvm_args: -javaagent:D:\Programe Files\IntelliJ IDEA Community Edition 2022.3.3\lib\idea_rt.jar=57121:D:\Programe Files\IntelliJ IDEA Community Edition 2022.3.3\bin -Dfile.encoding=UTF-8 -Dsun.stdout.encoding=UTF-8 -Dsun.stderr.encoding=UTF-8 
java_command: VoiceTypingApp
java_class_path (initial): C:\Users\Lenovo 2\AppData\Local\JetBrains\IdeaIC2022.3\compile-server\tesst_1b32ba3f\scratches\out;C:\Users\Lenovo 2\IdeaProjects\tesst\out\production\tesst;C:\Users\Lenovo 2\Downloads\jnativehook-2.2.2.jar
Launcher Type: SUN_STANDARD

[Global flags]
     intx CICompilerCount                          = 3                                         {product} {ergonomic}
     uint ConcGCThreads                            = 1                                         {product} {ergonomic}
     uint G1ConcRefinementThreads                  = 4                                         {product} {ergonomic}
   size_t G1HeapRegionSize                         = 4194304                                   {product} {ergonomic}
    uintx GCDrainStackTargetSize                   = 64                                        {product} {ergonomic}
   size_t InitialHeapSize                          = 402653184                                 {product} {ergonomic}
   size_t MarkStackSize                            = 4194304                                   {product} {ergonomic}
   size_t MaxHeapSize                              = 6417285120                                {product} {ergonomic}
   size_t MaxNewSize                               = 3850371072                                {product} {ergonomic}
   size_t MinHeapDeltaBytes                        = 4194304                                   {product} {ergonomic}
   size_t MinHeapSize                              = 8388608                                   {product} {ergonomic}
    uintx NonNMethodCodeHeapSize                   = 5832780                                {pd product} {ergonomic}
    uintx NonProfiledCodeHeapSize                  = 122912730                              {pd product} {ergonomic}
    uintx ProfiledCodeHeapSize                     = 122912730                              {pd product} {ergonomic}
    uintx ReservedCodeCacheSize                    = 251658240                              {pd product} {ergonomic}
     bool SegmentedCodeCache                       = true                                      {product} {ergonomic}
   size_t SoftMaxHeapSize                          = 6417285120                             {manageable} {ergonomic}
     bool UseCompressedClassPointers               = true                           {product lp64_product} {ergonomic}
     bool UseCompressedOops                        = true                           {product lp64_product} {ergonomic}
     bool UseG1GC                                  = true                                      {product} {ergonomic}
     bool UseLargePagesIndividualAllocation        = false                                  {pd product} {ergonomic}

Logging:
Log output configuration:
 #0: stdout all=off uptime,level,tags foldmultilines=false
 #1: stderr all=off uptime,level,tags foldmultilines=false

Environment Variables:
PATH=C:\Program Files (x86)\Common Files\Oracle\Java\javapath;C:\WINDOWS\system32;C:\WINDOWS;C:\WINDOWS\System32\Wbem;C:\WINDOWS\System32\WindowsPowerShell\v1.0\;C:\WINDOWS\System32\OpenSSH\;C:\Program Files (x86)\nodejs\;C:\Program Files\Git\cmd;C:\Program Files\Docker\Docker\resources\bin;C:\Users\Lenovo 2\AppData\Local\Microsoft\WindowsApps;C:\Users\Lenovo 2\AppData\Local\Programs\Espanso;D:\Programe Files\adb;C:\Users\Lenovo 2\AppData\Local\Programs\Microsoft VS Code\bin;C:\FlutterSdk\flutter\bin;C:\Users\Lenovo 2\AppData\Roaming\npm;D:\Programe Files\IntelliJ IDEA Community Edition 2022.3.3\bin;;D:\Programe Files\scrcpy;C:\Users\Lenovo 2\AppData\Local\Programs\mongosh\;C:\Program Files\MongoDB\Server\6.0\bin;C:\Program Files\Java\jre1.8.0_251\bin;D:\AndroidStudioProjects\apktool;
USERNAME=Lenovo 2
OS=Windows_NT
PROCESSOR_IDENTIFIER=Intel64 Family 6 Model 60 Stepping 3, GenuineIntel



---------------  S Y S T E M  ---------------

OS:
 Windows 10 , 64 bit Build 19041 (10.0.19041.2788)
OS uptime: 0 days 20:41 hours
Hyper-V role detected

CPU: total 4 (initial active 4) (4 cores per cpu, 1 threads per core) family 6 model 60 stepping 3 microcode 0x27, cx8, cmov, fxsr, mmx, sse, sse2, sse3, ssse3, sse4.1, sse4.2, popcnt, lzcnt, tsc, tscinvbit, avx, avx2, aes, erms, clmul, bmi1, bmi2, fma, vzeroupper, clflush, hv

Memory: 4k page, system-wide physical 24465M (15531M free)
TotalPageFile size 28049M (AvailPageFile size 16811M)
current process WorkingSet (physical memory assigned to process): 64M, peak: 70M
current process commit charge ("private bytes"): 482M, peak: 483M

vm_info: Java HotSpot(TM) 64-Bit Server VM (18.0.1+10-24) for windows-amd64 JRE (18.0.1+10-24), built on Mar  9 2022 22:41:56 by "mach5one" with MS VC++ 16.8 / 16.9 (VS2019)

END.
