#
# A fatal error has been detected by the Java Runtime Environment:
#
#  EXCEPTION_ACCESS_VIOLATION (0xc0000005) at pc=0x00007ff9f0d41f0f, pid=12948, tid=12548
#
# JRE version: Java(TM) SE Runtime Environment (18.0.1+10) (build 18.0.1+10-24)
# Java VM: Java HotSpot(TM) 64-Bit Server VM (18.0.1+10-24, mixed mode, sharing, tiered, compressed oops, compressed class ptrs, g1 gc, windows-amd64)
# Problematic frame:
# C  [7CA2.tmp+0x1f0f]
#
# No core dump will be written. Minidumps are not enabled by default on client versions of Windows
#
# If you would like to submit a bug report, please visit:
#   https://bugreport.java.com/bugreport/crash.jsp
#

---------------  S U M M A R Y ------------

Command Line: -javaagent:D:\Programe Files\IntelliJ IDEA Community Edition 2022.3.3\lib\idea_rt.jar=50091:D:\Programe Files\IntelliJ IDEA Community Edition 2022.3.3\bin -Dfile.encoding=UTF-8 -Dsun.stdout.encoding=UTF-8 -Dsun.stderr.encoding=UTF-8 VoiceTypingApp

Host: Intel(R) Core(TM) i5-4570 CPU @ 3.20GHz, 4 cores, 23G,  Windows 10 , 64 bit Build 19041 (10.0.19041.2788)
Time: Sun May  7 13:43:51 2023 India Standard Time elapsed time: 592.010455 seconds (0d 0h 9m 52s)

---------------  T H R E A D  ---------------

Current thread (0x0000024f39710ff0):  VMThread "VM Thread" [stack: 0x00000075c7500000,0x00000075c7600000] [id=12548]

Stack: [0x00000075c7500000,0x00000075c7600000],  sp=0x00000075c75ff160,  free space=1020k
Native frames: (J=compiled Java code, j=interpreted, Vv=VM code, C=native code)
C  [7CA2.tmp+0x1f0f]


siginfo: EXCEPTION_ACCESS_VIOLATION (0xc0000005), reading address 0x00007ffa2a939dd0


Register to memory mapping:

RIP=0x00007ff9f0d41f0f 7CA2.tmp
RAX=0x00007ffa2a939dc0 is an unknown value
RBX=0x000000007ffe0385 points into unknown readable memory: 00 00 00
RCX=0x0000024f3ee8f5b8 points into unknown readable memory: 0x00007ffa2a939dc0 | c0 9d 93 2a fa 7f 00 00
RDX=0x0 is NULL
RSP=0x00000075c75ff160 points into unknown readable memory: 0x0000000002360fb8 | b8 0f 36 02 00 00 00 00
RBP=0x00000075c75ff430 points into unknown readable memory: 0x0000024f3970cc70 | 70 cc 70 39 4f 02 00 00
RSI=0x00007ff9f0d40000 7CA2.tmp
RDI=0x0 is NULL
R8 =0x0000000000000001 is an unknown value
R9 =0x0000000000000001 is an unknown value
R10=0x000000007ffe0384 points into unknown readable memory: 00 00 00 00
R11=0x00000075c75ff1d0 points into unknown readable memory: 0x00007ff9f0d40000 | 00 00 d4 f0 f9 7f 00 00
R12=0x00007ff9f0d422e4 7CA2.tmp
R13=0x00007ff9d799fc00 jvm.dll
R14=0x0000000000000001 is an unknown value
R15=0x0000000000000001 is an unknown value


Registers:
RAX=0x00007ffa2a939dc0, RBX=0x000000007ffe0385, RCX=0x0000024f3ee8f5b8, RDX=0x0000000000000000
RSP=0x00000075c75ff160, RBP=0x00000075c75ff430, RSI=0x00007ff9f0d40000, RDI=0x0000000000000000
R8 =0x0000000000000001, R9 =0x0000000000000001, R10=0x000000007ffe0384, R11=0x00000075c75ff1d0
R12=0x00007ff9f0d422e4, R13=0x00007ff9d799fc00, R14=0x0000000000000001, R15=0x0000000000000001
RIP=0x00007ff9f0d41f0f, EFLAGS=0x0000000000010246

Top of Stack: (sp=0x00000075c75ff160)
0x00000075c75ff160:   0000000002360fb8 00007ff9f2620000
0x00000075c75ff170:   0000000000000001 00007ffa37b69993
0x00000075c75ff180:   0000000000000001 00007ff9f0d421f9
0x00000075c75ff190:   0000000000000001 0000000000000000
0x00000075c75ff1a0:   0000000000000000 0000000000000001
0x00000075c75ff1b0:   0000000000000000 0000000000000000
0x00000075c75ff1c0:   0000000000000001 0000894f418fe2a5
0x00000075c75ff1d0:   00007ff9f0d40000 000000007ffe0384
0x00000075c75ff1e0:   0000000000000000 00007ffa37b69a1d
0x00000075c75ff1f0:   00007ff9f0d40000 0000000000000000
0x00000075c75ff200:   0000000000000001 000000007ffe0385
0x00000075c75ff210:   0000000002360fb8 00000075c75ff430
0x00000075c75ff220:   0000894f00000000 0000000000000014
0x00000075c75ff230:   0000000000000000 00007ff9f0d422e4
0x00000075c75ff240:   00007ff9d770dfb8 0000024f3dbf1c40
0x00000075c75ff250:   00000075c6cff400 00007ffa37badcec 

Instructions: (pc=0x00007ff9f0d41f0f)
0x00007ff9f0d41e0f:   50 49 83 38 00 75 4a b8 ff ff 00 00 66 41 39 40
0x00007ff9f0d41e1f:   0a 75 3e 49 8b 48 18 48 83 ca ff e8 31 f9 ff ff
0x00007ff9f0d41e2f:   eb 2f 2d 21 01 00 00 74 14 83 f8 04 75 23 49 8b
0x00007ff9f0d41e3f:   50 08 49 8b 48 18 e8 16 f9 ff ff eb 14 49 83 78
0x00007ff9f0d41e4f:   08 02 75 0d 48 83 ca ff 49 8b 48 18 e8 e0 f5 ff
0x00007ff9f0d41e5f:   ff 4c 8b cb 4c 8b c6 8b d7 33 c9 48 8b 5c 24 30
0x00007ff9f0d41e6f:   48 8b 74 24 38 48 83 c4 20 5f 48 ff 25 f8 f3 00
0x00007ff9f0d41e7f:   00 48 89 5c 24 08 48 89 74 24 10 57 48 83 ec 20
0x00007ff9f0d41e8f:   49 8b d8 48 8b f2 8b f9 85 c9 75 16 41 81 78 08
0x00007ff9f0d41e9f:   12 01 00 00 75 0c 49 8b 10 49 8b 48 10 e8 4f fc
0x00007ff9f0d41eaf:   ff ff 4c 8b cb 4c 8b c6 8b d7 33 c9 48 8b 5c 24
0x00007ff9f0d41ebf:   30 48 8b 74 24 38 48 83 c4 20 5f 48 ff 25 a7 f3
0x00007ff9f0d41ecf:   00 00 cc cc cc cc cc cc cc cc cc cc cc cc cc cc
0x00007ff9f0d41edf:   cc 48 83 ec 28 83 fa 01 75 0f e8 62 f4 ff ff b8
0x00007ff9f0d41eef:   01 00 00 00 48 83 c4 28 c3 85 d2 75 3a 83 3d 11
0x00007ff9f0d41eff:   ac 01 00 01 75 31 48 8b 0d fc ab 01 00 48 8b 01
0x00007ff9f0d41f0f:   ff 50 10 48 8b 0d ff ab 01 00 48 8b 01 ff 50 10
0x00007ff9f0d41f1f:   48 8b 0d da ab 01 00 48 8b 01 ff 50 10 c7 05 de
0x00007ff9f0d41f2f:   ab 01 00 00 00 00 00 b8 01 00 00 00 48 83 c4 28
0x00007ff9f0d41f3f:   c3 cc cc cc cc cc cc 66 66 0f 1f 84 00 00 00 00
0x00007ff9f0d41f4f:   00 48 3b 0d a9 90 01 00 f2 75 12 48 c1 c1 10 66
0x00007ff9f0d41f5f:   f7 c1 ff ff f2 75 02 f2 c3 48 c1 c9 10 e9 e7 03
0x00007ff9f0d41f6f:   00 00 cc cc cc 48 83 ec 28 85 d2 74 39 83 ea 01
0x00007ff9f0d41f7f:   74 28 83 ea 01 74 16 83 fa 01 74 0a b8 01 00 00
0x00007ff9f0d41f8f:   00 48 83 c4 28 c3 e8 d6 06 00 00 eb 05 e8 a7 06
0x00007ff9f0d41f9f:   00 00 0f b6 c0 48 83 c4 28 c3 49 8b d0 48 83 c4
0x00007ff9f0d41faf:   28 e9 0f 00 00 00 4d 85 c0 0f 95 c1 48 83 c4 28
0x00007ff9f0d41fbf:   e9 2c 01 00 00 48 89 5c 24 08 48 89 74 24 10 48
0x00007ff9f0d41fcf:   89 7c 24 20 41 56 48 83 ec 20 48 8b f2 4c 8b f1
0x00007ff9f0d41fdf:   33 c9 e8 4a 07 00 00 84 c0 75 07 33 c0 e9 e8 00
0x00007ff9f0d41fef:   00 00 e8 ca 05 00 00 8a d8 88 44 24 40 40 b7 01
0x00007ff9f0d41fff:   83 3d ca 9e 01 00 00 74 0a b9 07 00 00 00 e8 86 


Stack slot to memory mapping:
stack at sp + 0 slots: 0x0000000002360fb8 is an unknown value
stack at sp + 1 slots: 0x00007ff9f2620000 RBHook.dll
stack at sp + 2 slots: 0x0000000000000001 is an unknown value
stack at sp + 3 slots: 0x00007ffa37b69993 ntdll.dll
stack at sp + 4 slots: 0x0000000000000001 is an unknown value
stack at sp + 5 slots: 0x00007ff9f0d421f9 7CA2.tmp
stack at sp + 6 slots: 0x0000000000000001 is an unknown value
stack at sp + 7 slots: 0x0 is NULL

VM_Operation (0x00000075c6cff420): Exit, mode: safepoint, requested by thread 0x0000024f3ee796e0


---------------  P R O C E S S  ---------------

Threads class SMR info:
_java_thread_list=0x0000024f3eecc6a0, length=17, elements={
0x0000024f397166b0, 0x0000024f3971b230, 0x0000024f39731b40, 0x0000024f39732b90,
0x0000024f39733580, 0x0000024f39734160, 0x0000024f3973d3f0, 0x0000024f3973feb0,
0x0000024f39702630, 0x0000024f3da77940, 0x0000024f3d9d6690, 0x0000024f3dbcd5d0,
0x0000024f3dbbe340, 0x0000024f3dbfebb0, 0x0000024f106cf500, 0x0000024f3ee77ed0,
0x0000024f3ee796e0
}

Java Threads: ( => current thread )
  0x0000024f397166b0 JavaThread "Reference Handler" daemon [_thread_blocked, id=12492, stack(0x00000075c7600000,0x00000075c7700000)]
  0x0000024f3971b230 JavaThread "Finalizer" daemon [_thread_blocked, id=3468, stack(0x00000075c7700000,0x00000075c7800000)]
  0x0000024f39731b40 JavaThread "Attach Listener" daemon [_thread_blocked, id=12992, stack(0x00000075c7900000,0x00000075c7a00000)]
  0x0000024f39732b90 JavaThread "Service Thread" daemon [_thread_blocked, id=7020, stack(0x00000075c7a00000,0x00000075c7b00000)]
  0x0000024f39733580 JavaThread "Monitor Deflation Thread" daemon [_thread_blocked, id=7468, stack(0x00000075c7b00000,0x00000075c7c00000)]
  0x0000024f39734160 JavaThread "C2 CompilerThread0" daemon [_thread_blocked, id=12436, stack(0x00000075c7c00000,0x00000075c7d00000)]
  0x0000024f3973d3f0 JavaThread "C1 CompilerThread0" daemon [_thread_blocked, id=1276, stack(0x00000075c7d00000,0x00000075c7e00000)]
  0x0000024f3973feb0 JavaThread "Sweeper thread" daemon [_thread_blocked, id=12972, stack(0x00000075c7e00000,0x00000075c7f00000)]
  0x0000024f39702630 JavaThread "Common-Cleaner" daemon [_thread_blocked, id=12432, stack(0x00000075c7f00000,0x00000075c8000000)]
  0x0000024f3da77940 JavaThread "Monitor Ctrl-Break" daemon [_thread_in_native, id=12184, stack(0x00000075c8000000,0x00000075c8100000)]
  0x0000024f3d9d6690 JavaThread "Notification Thread" daemon [_thread_blocked, id=7936, stack(0x00000075c8100000,0x00000075c8200000)]
  0x0000024f3dbcd5d0 JavaThread "Java2D Disposer" daemon [_thread_blocked, id=8388, stack(0x00000075c8300000,0x00000075c8400000)]
  0x0000024f3dbbe340 JavaThread "AWT-Shutdown" [_thread_blocked, id=12884, stack(0x00000075c8400000,0x00000075c8500000)]
  0x0000024f3dbfebb0 JavaThread "AWT-EventQueue-0" [_thread_blocked, id=9720, stack(0x00000075c8600000,0x00000075c8700000)]
  0x0000024f106cf500 JavaThread "DestroyJavaVM" [_thread_blocked, id=13212, stack(0x00000075c6f00000,0x00000075c7000000)]
  0x0000024f3ee77ed0 JavaThread "TimerQueue" daemon [_thread_blocked, id=9680, stack(0x00000075c8a00000,0x00000075c8b00000)]
  0x0000024f3ee796e0 JavaThread "SIGINT handler" daemon [_thread_blocked, id=11244, stack(0x00000075c6c00000,0x00000075c6d00000)]

Other Threads:
=>0x0000024f39710ff0 VMThread "VM Thread" [stack: 0x00000075c7500000,0x00000075c7600000] [id=12548]
  0x0000024f1075b2b0 WorkerThread "GC Thread#0" [stack: 0x00000075c7000000,0x00000075c7100000] [id=13256]
  0x0000024f1076a050 ConcurrentGCThread "G1 Main Marker" terminated
  0x0000024f1076c970 WorkerThread "G1 Conc#0" [stack: 0x00000075c7200000,0x00000075c7300000] [id=8316]
  0x0000024f1079dd80 ConcurrentGCThread "G1 Refine#0" terminated
  0x0000024f1079e5a0 ConcurrentGCThread "G1 Service" terminated

Threads with active compile tasks:

VM state: at safepoint (shutting down)

VM Mutex/Monitor currently owned by a thread:  ([mutex/lock_event])
[0x0000024f106cc2e0] Threads_lock - owner thread: 0x0000024f39710ff0
[0x0000024f106cc370] Heap_lock - owner thread: 0x0000024f3ee796e0

Heap address: 0x0000000681800000, size: 6120 MB, Compressed Oops mode: Zero based, Oop shift amount: 3

CDS archive(s) mapped at: [0x0000000800000000-0x0000000800ba0000-0x0000000800ba0000), size 12189696, SharedBaseAddress: 0x0000000800000000, ArchiveRelocationMode: 0.
Compressed class space mapped at: 0x0000000800c00000-0x0000000840c00000, reserved size: 1073741824
Narrow klass base: 0x0000000800000000, Narrow klass shift: 0, Narrow klass range: 0x100000000

GC Precious Log:
 CardTable entry size: 512
 Card Set container configuration: InlinePtr #cards 4 size 8 Array Of Cards #cards 32 size 80 Howl #buckets 8 coarsen threshold 7372 Howl Bitmap #cards 1024 size 144 coarsen threshold 921 Card regions per heap region 1 cards per card region 8192
 CPUs: 4 total, 4 available
 Memory: 24465M
 Large Page Support: Disabled
 NUMA Support: Disabled
 Compressed Oops: Enabled (Zero based)
 Heap Region Size: 4M
 Heap Min Capacity: 8M
 Heap Initial Capacity: 384M
 Heap Max Capacity: 6120M
 Pre-touch: Disabled
 Parallel Workers: 4
 Concurrent Workers: 1
 Concurrent Refinement Workers: 4
 Periodic GC: Disabled

Heap:
 garbage-first heap   total 393216K, used 20480K [0x0000000681800000, 0x0000000800000000)
  region size 4096K, 4 young (16384K), 0 survivors (0K)
 Metaspace       used 8870K, committed 9088K, reserved 1114112K
  class space    used 921K, committed 1024K, reserved 1048576K

Heap Regions: E=young(eden), S=young(survivor), O=old, HS=humongous(starts), HC=humongous(continues), CS=collection set, F=free, OA=open archive, CA=closed archive, TAMS=top-at-mark-start (previous, next)
|   0|0x0000000681800000, 0x0000000681c00000, 0x0000000681c00000|100%|HS|  |TAMS 0x0000000681800000, 0x0000000681800000| Complete 
|   1|0x0000000681c00000, 0x0000000682000000, 0x0000000682000000|100%|HC|  |TAMS 0x0000000681c00000, 0x0000000681c00000| Complete 
|   2|0x0000000682000000, 0x0000000682000000, 0x0000000682400000|  0%| F|  |TAMS 0x0000000682000000, 0x0000000682000000| Untracked 
|   3|0x0000000682400000, 0x0000000682400000, 0x0000000682800000|  0%| F|  |TAMS 0x0000000682400000, 0x0000000682400000| Untracked 
|   4|0x0000000682800000, 0x0000000682800000, 0x0000000682c00000|  0%| F|  |TAMS 0x0000000682800000, 0x0000000682800000| Untracked 
|   5|0x0000000682c00000, 0x0000000682c00000, 0x0000000683000000|  0%| F|  |TAMS 0x0000000682c00000, 0x0000000682c00000| Untracked 
|   6|0x0000000683000000, 0x0000000683000000, 0x0000000683400000|  0%| F|  |TAMS 0x0000000683000000, 0x0000000683000000| Untracked 
|   7|0x0000000683400000, 0x0000000683400000, 0x0000000683800000|  0%| F|  |TAMS 0x0000000683400000, 0x0000000683400000| Untracked 
|   8|0x0000000683800000, 0x0000000683800000, 0x0000000683c00000|  0%| F|  |TAMS 0x0000000683800000, 0x0000000683800000| Untracked 
|   9|0x0000000683c00000, 0x0000000683c00000, 0x0000000684000000|  0%| F|  |TAMS 0x0000000683c00000, 0x0000000683c00000| Untracked 
|  10|0x0000000684000000, 0x0000000684000000, 0x0000000684400000|  0%| F|  |TAMS 0x0000000684000000, 0x0000000684000000| Untracked 
|  11|0x0000000684400000, 0x0000000684400000, 0x0000000684800000|  0%| F|  |TAMS 0x0000000684400000, 0x0000000684400000| Untracked 
|  12|0x0000000684800000, 0x0000000684800000, 0x0000000684c00000|  0%| F|  |TAMS 0x0000000684800000, 0x0000000684800000| Untracked 
|  13|0x0000000684c00000, 0x0000000684c00000, 0x0000000685000000|  0%| F|  |TAMS 0x0000000684c00000, 0x0000000684c00000| Untracked 
|  14|0x0000000685000000, 0x0000000685000000, 0x0000000685400000|  0%| F|  |TAMS 0x0000000685000000, 0x0000000685000000| Untracked 
|  15|0x0000000685400000, 0x0000000685400000, 0x0000000685800000|  0%| F|  |TAMS 0x0000000685400000, 0x0000000685400000| Untracked 
|  16|0x0000000685800000, 0x0000000685800000, 0x0000000685c00000|  0%| F|  |TAMS 0x0000000685800000, 0x0000000685800000| Untracked 
|  17|0x0000000685c00000, 0x0000000685c00000, 0x0000000686000000|  0%| F|  |TAMS 0x0000000685c00000, 0x0000000685c00000| Untracked 
|  18|0x0000000686000000, 0x0000000686000000, 0x0000000686400000|  0%| F|  |TAMS 0x0000000686000000, 0x0000000686000000| Untracked 
|  19|0x0000000686400000, 0x0000000686400000, 0x0000000686800000|  0%| F|  |TAMS 0x0000000686400000, 0x0000000686400000| Untracked 
|  20|0x0000000686800000, 0x0000000686800000, 0x0000000686c00000|  0%| F|  |TAMS 0x0000000686800000, 0x0000000686800000| Untracked 
|  21|0x0000000686c00000, 0x0000000686c00000, 0x0000000687000000|  0%| F|  |TAMS 0x0000000686c00000, 0x0000000686c00000| Untracked 
|  22|0x0000000687000000, 0x0000000687000000, 0x0000000687400000|  0%| F|  |TAMS 0x0000000687000000, 0x0000000687000000| Untracked 
|  23|0x0000000687400000, 0x0000000687400000, 0x0000000687800000|  0%| F|  |TAMS 0x0000000687400000, 0x0000000687400000| Untracked 
|  24|0x0000000687800000, 0x0000000687800000, 0x0000000687c00000|  0%| F|  |TAMS 0x0000000687800000, 0x0000000687800000| Untracked 
|  25|0x0000000687c00000, 0x0000000687c00000, 0x0000000688000000|  0%| F|  |TAMS 0x0000000687c00000, 0x0000000687c00000| Untracked 
|  26|0x0000000688000000, 0x0000000688000000, 0x0000000688400000|  0%| F|  |TAMS 0x0000000688000000, 0x0000000688000000| Untracked 
|  27|0x0000000688400000, 0x0000000688400000, 0x0000000688800000|  0%| F|  |TAMS 0x0000000688400000, 0x0000000688400000| Untracked 
|  28|0x0000000688800000, 0x0000000688800000, 0x0000000688c00000|  0%| F|  |TAMS 0x0000000688800000, 0x0000000688800000| Untracked 
|  29|0x0000000688c00000, 0x0000000688c00000, 0x0000000689000000|  0%| F|  |TAMS 0x0000000688c00000, 0x0000000688c00000| Untracked 
|  30|0x0000000689000000, 0x0000000689000000, 0x0000000689400000|  0%| F|  |TAMS 0x0000000689000000, 0x0000000689000000| Untracked 
|  31|0x0000000689400000, 0x0000000689400000, 0x0000000689800000|  0%| F|  |TAMS 0x0000000689400000, 0x0000000689400000| Untracked 
|  32|0x0000000689800000, 0x0000000689800000, 0x0000000689c00000|  0%| F|  |TAMS 0x0000000689800000, 0x0000000689800000| Untracked 
|  33|0x0000000689c00000, 0x0000000689c00000, 0x000000068a000000|  0%| F|  |TAMS 0x0000000689c00000, 0x0000000689c00000| Untracked 
|  34|0x000000068a000000, 0x000000068a000000, 0x000000068a400000|  0%| F|  |TAMS 0x000000068a000000, 0x000000068a000000| Untracked 
|  35|0x000000068a400000, 0x000000068a400000, 0x000000068a800000|  0%| F|  |TAMS 0x000000068a400000, 0x000000068a400000| Untracked 
|  36|0x000000068a800000, 0x000000068a800000, 0x000000068ac00000|  0%| F|  |TAMS 0x000000068a800000, 0x000000068a800000| Untracked 
|  37|0x000000068ac00000, 0x000000068ac00000, 0x000000068b000000|  0%| F|  |TAMS 0x000000068ac00000, 0x000000068ac00000| Untracked 
|  38|0x000000068b000000, 0x000000068b000000, 0x000000068b400000|  0%| F|  |TAMS 0x000000068b000000, 0x000000068b000000| Untracked 
|  39|0x000000068b400000, 0x000000068b400000, 0x000000068b800000|  0%| F|  |TAMS 0x000000068b400000, 0x000000068b400000| Untracked 
|  40|0x000000068b800000, 0x000000068b800000, 0x000000068bc00000|  0%| F|  |TAMS 0x000000068b800000, 0x000000068b800000| Untracked 
|  41|0x000000068bc00000, 0x000000068bc00000, 0x000000068c000000|  0%| F|  |TAMS 0x000000068bc00000, 0x000000068bc00000| Untracked 
|  42|0x000000068c000000, 0x000000068c000000, 0x000000068c400000|  0%| F|  |TAMS 0x000000068c000000, 0x000000068c000000| Untracked 
|  43|0x000000068c400000, 0x000000068c400000, 0x000000068c800000|  0%| F|  |TAMS 0x000000068c400000, 0x000000068c400000| Untracked 
|  44|0x000000068c800000, 0x000000068c800000, 0x000000068cc00000|  0%| F|  |TAMS 0x000000068c800000, 0x000000068c800000| Untracked 
|  45|0x000000068cc00000, 0x000000068cc00000, 0x000000068d000000|  0%| F|  |TAMS 0x000000068cc00000, 0x000000068cc00000| Untracked 
|  46|0x000000068d000000, 0x000000068d000000, 0x000000068d400000|  0%| F|  |TAMS 0x000000068d000000, 0x000000068d000000| Untracked 
|  47|0x000000068d400000, 0x000000068d400000, 0x000000068d800000|  0%| F|  |TAMS 0x000000068d400000, 0x000000068d400000| Untracked 
|  48|0x000000068d800000, 0x000000068d800000, 0x000000068dc00000|  0%| F|  |TAMS 0x000000068d800000, 0x000000068d800000| Untracked 
|  49|0x000000068dc00000, 0x000000068dc00000, 0x000000068e000000|  0%| F|  |TAMS 0x000000068dc00000, 0x000000068dc00000| Untracked 
|  50|0x000000068e000000, 0x000000068e000000, 0x000000068e400000|  0%| F|  |TAMS 0x000000068e000000, 0x000000068e000000| Untracked 
|  51|0x000000068e400000, 0x000000068e400000, 0x000000068e800000|  0%| F|  |TAMS 0x000000068e400000, 0x000000068e400000| Untracked 
|  52|0x000000068e800000, 0x000000068e800000, 0x000000068ec00000|  0%| F|  |TAMS 0x000000068e800000, 0x000000068e800000| Untracked 
|  53|0x000000068ec00000, 0x000000068ec00000, 0x000000068f000000|  0%| F|  |TAMS 0x000000068ec00000, 0x000000068ec00000| Untracked 
|  54|0x000000068f000000, 0x000000068f000000, 0x000000068f400000|  0%| F|  |TAMS 0x000000068f000000, 0x000000068f000000| Untracked 
|  55|0x000000068f400000, 0x000000068f400000, 0x000000068f800000|  0%| F|  |TAMS 0x000000068f400000, 0x000000068f400000| Untracked 
|  56|0x000000068f800000, 0x000000068f800000, 0x000000068fc00000|  0%| F|  |TAMS 0x000000068f800000, 0x000000068f800000| Untracked 
|  57|0x000000068fc00000, 0x000000068fc00000, 0x0000000690000000|  0%| F|  |TAMS 0x000000068fc00000, 0x000000068fc00000| Untracked 
|  58|0x0000000690000000, 0x0000000690000000, 0x0000000690400000|  0%| F|  |TAMS 0x0000000690000000, 0x0000000690000000| Untracked 
|  59|0x0000000690400000, 0x0000000690400000, 0x0000000690800000|  0%| F|  |TAMS 0x0000000690400000, 0x0000000690400000| Untracked 
|  60|0x0000000690800000, 0x0000000690800000, 0x0000000690c00000|  0%| F|  |TAMS 0x0000000690800000, 0x0000000690800000| Untracked 
|  61|0x0000000690c00000, 0x0000000690c00000, 0x0000000691000000|  0%| F|  |TAMS 0x0000000690c00000, 0x0000000690c00000| Untracked 
|  62|0x0000000691000000, 0x0000000691000000, 0x0000000691400000|  0%| F|  |TAMS 0x0000000691000000, 0x0000000691000000| Untracked 
|  63|0x0000000691400000, 0x0000000691400000, 0x0000000691800000|  0%| F|  |TAMS 0x0000000691400000, 0x0000000691400000| Untracked 
|  64|0x0000000691800000, 0x0000000691800000, 0x0000000691c00000|  0%| F|  |TAMS 0x0000000691800000, 0x0000000691800000| Untracked 
|  65|0x0000000691c00000, 0x0000000691c00000, 0x0000000692000000|  0%| F|  |TAMS 0x0000000691c00000, 0x0000000691c00000| Untracked 
|  66|0x0000000692000000, 0x0000000692000000, 0x0000000692400000|  0%| F|  |TAMS 0x0000000692000000, 0x0000000692000000| Untracked 
|  67|0x0000000692400000, 0x0000000692400000, 0x0000000692800000|  0%| F|  |TAMS 0x0000000692400000, 0x0000000692400000| Untracked 
|  68|0x0000000692800000, 0x0000000692800000, 0x0000000692c00000|  0%| F|  |TAMS 0x0000000692800000, 0x0000000692800000| Untracked 
|  69|0x0000000692c00000, 0x0000000692c00000, 0x0000000693000000|  0%| F|  |TAMS 0x0000000692c00000, 0x0000000692c00000| Untracked 
|  70|0x0000000693000000, 0x0000000693000000, 0x0000000693400000|  0%| F|  |TAMS 0x0000000693000000, 0x0000000693000000| Untracked 
|  71|0x0000000693400000, 0x0000000693400000, 0x0000000693800000|  0%| F|  |TAMS 0x0000000693400000, 0x0000000693400000| Untracked 
|  72|0x0000000693800000, 0x0000000693800000, 0x0000000693c00000|  0%| F|  |TAMS 0x0000000693800000, 0x0000000693800000| Untracked 
|  73|0x0000000693c00000, 0x0000000693c00000, 0x0000000694000000|  0%| F|  |TAMS 0x0000000693c00000, 0x0000000693c00000| Untracked 
|  74|0x0000000694000000, 0x0000000694000000, 0x0000000694400000|  0%| F|  |TAMS 0x0000000694000000, 0x0000000694000000| Untracked 
|  75|0x0000000694400000, 0x0000000694400000, 0x0000000694800000|  0%| F|  |TAMS 0x0000000694400000, 0x0000000694400000| Untracked 
|  76|0x0000000694800000, 0x0000000694800000, 0x0000000694c00000|  0%| F|  |TAMS 0x0000000694800000, 0x0000000694800000| Untracked 
|  77|0x0000000694c00000, 0x0000000694c00000, 0x0000000695000000|  0%| F|  |TAMS 0x0000000694c00000, 0x0000000694c00000| Untracked 
|  78|0x0000000695000000, 0x0000000695000000, 0x0000000695400000|  0%| F|  |TAMS 0x0000000695000000, 0x0000000695000000| Untracked 
|  79|0x0000000695400000, 0x0000000695400000, 0x0000000695800000|  0%| F|  |TAMS 0x0000000695400000, 0x0000000695400000| Untracked 
|  80|0x0000000695800000, 0x0000000695800000, 0x0000000695c00000|  0%| F|  |TAMS 0x0000000695800000, 0x0000000695800000| Untracked 
|  81|0x0000000695c00000, 0x0000000695c00000, 0x0000000696000000|  0%| F|  |TAMS 0x0000000695c00000, 0x0000000695c00000| Untracked 
|  82|0x0000000696000000, 0x0000000696000000, 0x0000000696400000|  0%| F|  |TAMS 0x0000000696000000, 0x0000000696000000| Untracked 
|  83|0x0000000696400000, 0x0000000696400000, 0x0000000696800000|  0%| F|  |TAMS 0x0000000696400000, 0x0000000696400000| Untracked 
|  84|0x0000000696800000, 0x0000000696800000, 0x0000000696c00000|  0%| F|  |TAMS 0x0000000696800000, 0x0000000696800000| Untracked 
|  85|0x0000000696c00000, 0x0000000696c00000, 0x0000000697000000|  0%| F|  |TAMS 0x0000000696c00000, 0x0000000696c00000| Untracked 
|  86|0x0000000697000000, 0x0000000697000000, 0x0000000697400000|  0%| F|  |TAMS 0x0000000697000000, 0x0000000697000000| Untracked 
|  87|0x0000000697400000, 0x0000000697400000, 0x0000000697800000|  0%| F|  |TAMS 0x0000000697400000, 0x0000000697400000| Untracked 
|  88|0x0000000697800000, 0x0000000697800000, 0x0000000697c00000|  0%| F|  |TAMS 0x0000000697800000, 0x0000000697800000| Untracked 
|  89|0x0000000697c00000, 0x0000000697c00000, 0x0000000698000000|  0%| F|  |TAMS 0x0000000697c00000, 0x0000000697c00000| Untracked 
|  90|0x0000000698000000, 0x0000000698000000, 0x0000000698400000|  0%| F|  |TAMS 0x0000000698000000, 0x0000000698000000| Untracked 
|  91|0x0000000698400000, 0x0000000698400000, 0x0000000698800000|  0%| F|  |TAMS 0x0000000698400000, 0x0000000698400000| Untracked 
|  92|0x0000000698800000, 0x0000000698ae1ea0, 0x0000000698c00000| 72%| E|  |TAMS 0x0000000698800000, 0x0000000698800000| Complete 
|  93|0x0000000698c00000, 0x0000000699000000, 0x0000000699000000|100%| E|CS|TAMS 0x0000000698c00000, 0x0000000698c00000| Complete 
|  94|0x0000000699000000, 0x0000000699400000, 0x0000000699400000|100%| E|CS|TAMS 0x0000000699000000, 0x0000000699000000| Complete 
|  95|0x0000000699400000, 0x0000000699800000, 0x0000000699800000|100%| E|CS|TAMS 0x0000000699400000, 0x0000000699400000| Complete 

Card table byte_map: [0x0000024f29a10000,0x0000024f2a610000] _byte_map_base: 0x0000024f26604000

Marking Bits (Prev, Next): (CMBitMap*) 0x0000024f1075d7e0, (CMBitMap*) 0x0000024f1075d820
 Prev Bits: [0x0000024f2b210000, 0x0000024f311b0000)
 Next Bits: [0x0000024f311b0000, 0x0000024f37150000)

Polling page: 0x0000024f104b0000

Metaspace:

Usage:
  Non-class:      7.76 MB used.
      Class:    921.99 KB used.
       Both:      8.66 MB used.

Virtual space:
  Non-class space:       64.00 MB reserved,       7.88 MB ( 12%) committed,  1 nodes.
      Class space:        1.00 GB reserved,       1.00 MB ( <1%) committed,  1 nodes.
             Both:        1.06 GB reserved,       8.88 MB ( <1%) committed. 

Chunk freelists:
   Non-Class:  118.00 KB
       Class:  3.05 MB
        Both:  3.17 MB

MaxMetaspaceSize: unlimited
CompressedClassSpaceSize: 1.00 GB
Initial GC threshold: 21.00 MB
Current GC threshold: 21.00 MB
CDS: on
MetaspaceReclaimPolicy: balanced
 - commit_granule_bytes: 65536.
 - commit_granule_words: 8192.
 - virtual_space_node_default_size: 8388608.
 - enlarge_chunks_in_place: 1.
 - new_chunks_are_fully_committed: 0.
 - uncommit_free_chunks: 1.
 - use_allocation_guard: 0.


Internal statistics:

num_allocs_failed_limit: 0.
num_arena_births: 132.
num_arena_deaths: 0.
num_vsnodes_births: 2.
num_vsnodes_deaths: 0.
num_space_committed: 142.
num_space_uncommitted: 0.
num_chunks_returned_to_freelist: 0.
num_chunks_taken_from_freelist: 189.
num_chunk_merges: 0.
num_chunk_splits: 102.
num_chunks_enlarged: 34.
num_inconsistent_stats: 0.

CodeHeap 'non-profiled nmethods': size=120000Kb used=509Kb max_used=509Kb free=119491Kb
 bounds [0x0000024f212c0000, 0x0000024f21530000, 0x0000024f287f0000]
CodeHeap 'profiled nmethods': size=120000Kb used=3041Kb max_used=3041Kb free=116958Kb
 bounds [0x0000024f19d90000, 0x0000024f1a090000, 0x0000024f212c0000]
CodeHeap 'non-nmethods': size=5760Kb used=1288Kb max_used=1326Kb free=4471Kb
 bounds [0x0000024f197f0000, 0x0000024f19a60000, 0x0000024f19d90000]
 total_blobs=2293 nmethods=1692 adapters=513
 compilation: enabled
              stopped_count=0, restarted_count=0
 full_count=0

Compilation events (20 events):
Event: 531.027 Thread 0x0000024f3973d3f0 1682       3       sun.awt.AWTAccessor::getInputEventAccessor (15 bytes)
Event: 531.028 Thread 0x0000024f3973d3f0 nmethod 1682 0x0000024f1a083190 code [0x0000024f1a083380, 0x0000024f1a083748]
Event: 531.028 Thread 0x0000024f3973d3f0 1683       3       java.awt.event.InputEvent$1::setCanAccessSystemClipboard (6 bytes)
Event: 531.028 Thread 0x0000024f3973d3f0 nmethod 1683 0x0000024f1a083910 code [0x0000024f1a083aa0, 0x0000024f1a083bb8]
Event: 532.425 Thread 0x0000024f3973d3f0 1684   !   3       sun.awt.AWTAutoShutdown::getPeer (43 bytes)
Event: 532.426 Thread 0x0000024f3973d3f0 nmethod 1684 0x0000024f1a083c90 code [0x0000024f1a083e40, 0x0000024f1a0841e8]
Event: 532.435 Thread 0x0000024f39734160 1685       4       java.util.ArrayList$Itr::hasNext (20 bytes)
Event: 532.437 Thread 0x0000024f39734160 nmethod 1685 0x0000024f2133ed10 code [0x0000024f2133ee80, 0x0000024f2133ef18]
Event: 532.764 Thread 0x0000024f3973d3f0 1686       3       java.awt.EventQueue::coalesceMouseEvent (44 bytes)
Event: 532.765 Thread 0x0000024f3973d3f0 nmethod 1686 0x0000024f1a084410 code [0x0000024f1a0845e0, 0x0000024f1a084a88]
Event: 532.766 Thread 0x0000024f3973d3f0 1687       3       java.lang.ref.Reference::refersTo (6 bytes)
Event: 532.766 Thread 0x0000024f3973d3f0 nmethod 1687 0x0000024f1a084c10 code [0x0000024f1a084dc0, 0x0000024f1a084f88]
Event: 532.766 Thread 0x0000024f3973d3f0 1688       3       java.lang.ref.Reference::refersToImpl (6 bytes)
Event: 532.766 Thread 0x0000024f3973d3f0 nmethod 1688 0x0000024f1a085010 code [0x0000024f1a0851a0, 0x0000024f1a0852e8]
Event: 532.859 Thread 0x0000024f3973d3f0 1690       3       sun.awt.WeakIdentityHashMap::get (19 bytes)
Event: 532.860 Thread 0x0000024f3973d3f0 nmethod 1690 0x0000024f1a085390 code [0x0000024f1a0855c0, 0x0000024f1a085f38]
Event: 532.860 Thread 0x0000024f3973d3f0 1691       3       sun.awt.WeakIdentityHashMap::getMap (31 bytes)
Event: 532.860 Thread 0x0000024f3973d3f0 nmethod 1691 0x0000024f1a086290 code [0x0000024f1a086460, 0x0000024f1a086958]
Event: 537.327 Thread 0x0000024f3973d3f0 1692       3       sun.util.locale.LocaleUtils::toLowerString (95 bytes)
Event: 537.330 Thread 0x0000024f3973d3f0 nmethod 1692 0x0000024f1a086b10 code [0x0000024f1a086de0, 0x0000024f1a087f48]

GC Heap History (0 events):
No events

Deoptimization events (20 events):
Event: 71.471 Thread 0x0000024f3dbfebb0 DEOPT PACKING pc=0x0000024f21303a64 sp=0x00000075c86feaf0
Event: 71.472 Thread 0x0000024f3dbfebb0 DEOPT UNPACKING pc=0x0000024f198423a3 sp=0x00000075c86fe9f8 mode 2
Event: 71.472 Thread 0x0000024f3dbfebb0 Uncommon trap: trap_request=0xffffffde fr.pc=0x0000024f21303a64 relative=0x00000000000002a4
Event: 71.472 Thread 0x0000024f3dbfebb0 Uncommon trap: reason=class_check action=maybe_recompile pc=0x0000024f21303a64 method=java.util.HashMap.getNode(Ljava/lang/Object;)Ljava/util/HashMap$Node; @ 128 c2
Event: 71.472 Thread 0x0000024f3dbfebb0 DEOPT PACKING pc=0x0000024f21303a64 sp=0x00000075c86feaf0
Event: 71.472 Thread 0x0000024f3dbfebb0 DEOPT UNPACKING pc=0x0000024f198423a3 sp=0x00000075c86fe9f8 mode 2
Event: 71.473 Thread 0x0000024f3dbfebb0 Uncommon trap: trap_request=0xffffffde fr.pc=0x0000024f21303a64 relative=0x00000000000002a4
Event: 71.473 Thread 0x0000024f3dbfebb0 Uncommon trap: reason=class_check action=maybe_recompile pc=0x0000024f21303a64 method=java.util.HashMap.getNode(Ljava/lang/Object;)Ljava/util/HashMap$Node; @ 128 c2
Event: 71.473 Thread 0x0000024f3dbfebb0 DEOPT PACKING pc=0x0000024f21303a64 sp=0x00000075c86feaf0
Event: 71.473 Thread 0x0000024f3dbfebb0 DEOPT UNPACKING pc=0x0000024f198423a3 sp=0x00000075c86fe9f8 mode 2
Event: 74.028 Thread 0x0000024f3dbfebb0 Uncommon trap: trap_request=0xffffffde fr.pc=0x0000024f21303a64 relative=0x00000000000002a4
Event: 74.028 Thread 0x0000024f3dbfebb0 Uncommon trap: reason=class_check action=maybe_recompile pc=0x0000024f21303a64 method=java.util.HashMap.getNode(Ljava/lang/Object;)Ljava/util/HashMap$Node; @ 128 c2
Event: 74.028 Thread 0x0000024f3dbfebb0 DEOPT PACKING pc=0x0000024f21303a64 sp=0x00000075c86fe480
Event: 74.028 Thread 0x0000024f3dbfebb0 DEOPT UNPACKING pc=0x0000024f198423a3 sp=0x00000075c86fe388 mode 2
Event: 74.030 Thread 0x0000024f3dbfebb0 Uncommon trap: trap_request=0xffffffde fr.pc=0x0000024f212fe4fc relative=0x00000000000002bc
Event: 74.030 Thread 0x0000024f3dbfebb0 Uncommon trap: reason=class_check action=maybe_recompile pc=0x0000024f212fe4fc method=java.util.HashMap.getNode(Ljava/lang/Object;)Ljava/util/HashMap$Node; @ 128 c2
Event: 74.030 Thread 0x0000024f3dbfebb0 DEOPT PACKING pc=0x0000024f212fe4fc sp=0x00000075c86fe2f0
Event: 74.030 Thread 0x0000024f3dbfebb0 DEOPT UNPACKING pc=0x0000024f198423a3 sp=0x00000075c86fe268 mode 2
Event: 273.740 Thread 0x0000024f3dbfebb0 DEOPT PACKING pc=0x0000024f19efe425 sp=0x00000075c86fef60
Event: 273.740 Thread 0x0000024f3dbfebb0 DEOPT UNPACKING pc=0x0000024f19842b43 sp=0x00000075c86fe3f0 mode 0

Classes loaded (20 events):
Event: 74.029 Loading class javax/swing/JInternalFrame
Event: 74.029 Loading class javax/swing/JInternalFrame done
Event: 74.030 Loading class javax/swing/KeyboardManager
Event: 74.030 Loading class javax/swing/KeyboardManager done
Event: 74.030 Loading class javax/swing/Popup$HeavyWeightWindow
Event: 74.030 Loading class sun/awt/ModalExclude
Event: 74.030 Loading class sun/awt/ModalExclude done
Event: 74.030 Loading class javax/swing/JWindow
Event: 74.030 Loading class javax/swing/JWindow done
Event: 74.031 Loading class javax/swing/Popup$HeavyWeightWindow done
Event: 263.271 Loading class java/security/DomainCombiner
Event: 263.271 Loading class java/security/DomainCombiner done
Event: 410.148 Loading class java/util/WeakHashMap$KeyIterator
Event: 410.148 Loading class java/util/WeakHashMap$HashIterator
Event: 410.148 Loading class java/util/WeakHashMap$HashIterator done
Event: 410.148 Loading class java/util/WeakHashMap$KeyIterator done
Event: 410.149 Loading class javax/swing/RepaintManager$DisplayChangedRunnable
Event: 410.149 Loading class javax/swing/RepaintManager$DisplayChangedRunnable done
Event: 591.275 Loading class jdk/internal/misc/Signal$1
Event: 591.275 Loading class jdk/internal/misc/Signal$1 done

Classes unloaded (0 events):
No events

Classes redefined (0 events):
No events

Internal exceptions (16 events):
Event: 0.091 Thread 0x0000024f106cf500 Exception <a 'java/lang/NoSuchMethodError'{0x00000006995da540}: 'void java.lang.invoke.DirectMethodHandle$Holder.invokeStatic(java.lang.Object, java.lang.Object, java.lang.Object)'> (0x00000006995da540) 
thrown [s\open\src\hotspot\share\interpreter\linkResolver.cpp, line 766]
Event: 0.096 Thread 0x0000024f106cf500 Exception <a 'java/lang/NoSuchMethodError'{0x00000006995f34a0}: 'java.lang.Object java.lang.invoke.Invokers$Holder.invokeExact_MT(java.lang.Object, java.lang.Object, java.lang.Object, java.lang.Object, java.lang.Object)'> (0x00000006995f34a0) 
thrown [s\open\src\hotspot\share\interpreter\linkResolver.cpp, line 766]
Event: 0.106 Thread 0x0000024f3da77940 Exception <a 'java/lang/NoSuchMethodError'{0x0000000699644460}: 'void java.lang.invoke.DirectMethodHandle$Holder.invokeStatic(java.lang.Object, java.lang.Object)'> (0x0000000699644460) 
thrown [s\open\src\hotspot\share\interpreter\linkResolver.cpp, line 766]
Event: 0.107 Thread 0x0000024f106cf500 Exception <a 'java/lang/ClassNotFoundException'{0x0000000699609650}: sun/awt/resources/spi/awtProvider> (0x0000000699609650) 
thrown [s\open\src\hotspot\share\classfile\systemDictionary.cpp, line 255]
Event: 0.126 Thread 0x0000024f106cf500 Exception <a 'java/io/FileNotFoundException'{0x00000006996ae7e0}> (0x00000006996ae7e0) 
thrown [s\open\src\hotspot\share\prims\jni.cpp, line 516]
Event: 0.133 Thread 0x0000024f106cf500 Exception <a 'java/io/FileNotFoundException'{0x00000006996db620}> (0x00000006996db620) 
thrown [s\open\src\hotspot\share\prims\jni.cpp, line 516]
Event: 0.159 Thread 0x0000024f106cf500 Exception <a 'java/lang/NoSuchMethodError'{0x000000069971c8f8}: 'java.lang.Object java.lang.invoke.DirectMethodHandle$Holder.invokeStaticInit(java.lang.Object)'> (0x000000069971c8f8) 
thrown [s\open\src\hotspot\share\interpreter\linkResolver.cpp, line 766]
Event: 0.208 Thread 0x0000024f3dbfebb0 Exception <a 'java/lang/NoSuchMethodError'{0x00000006997c9c10}: 'void java.lang.invoke.DirectMethodHandle$Holder.invokeSpecial(java.lang.Object, java.lang.Object, java.lang.Object)'> (0x00000006997c9c10) 
thrown [s\open\src\hotspot\share\interpreter\linkResolver.cpp, line 766]
Event: 0.215 Thread 0x0000024f3dbfebb0 Exception <a 'java/lang/NoSuchMethodError'{0x000000069901dad0}: 'java.lang.Object java.lang.invoke.DirectMethodHandle$Holder.newInvokeSpecial(java.lang.Object, java.lang.Object, java.lang.Object, java.lang.Object, java.lang.Object)'> (0x000000069901dad0) 
thrown [s\open\src\hotspot\share\interpreter\linkResolver.cpp, line 766]
Event: 0.220 Thread 0x0000024f3dbfebb0 Exception <a 'java/lang/NoSuchMethodError'{0x000000069904f3e0}: 'java.lang.Object java.lang.invoke.DirectMethodHandle$Holder.invokeStatic(java.lang.Object, int, java.lang.Object)'> (0x000000069904f3e0) 
thrown [s\open\src\hotspot\share\interpreter\linkResolver.cpp, line 766]
Event: 0.240 Thread 0x0000024f3dbfebb0 Exception <a 'java/lang/ClassNotFoundException'{0x000000069910bfe0}: com/sun/swing/internal/plaf/metal/resources/spi/metalProvider> (0x000000069910bfe0) 
thrown [s\open\src\hotspot\share\classfile\systemDictionary.cpp, line 255]
Event: 0.241 Thread 0x0000024f3dbfebb0 Exception <a 'java/lang/ClassNotFoundException'{0x0000000699110068}: com/sun/swing/internal/plaf/basic/resources/spi/basicProvider> (0x0000000699110068) 
thrown [s\open\src\hotspot\share\classfile\systemDictionary.cpp, line 255]
Event: 0.247 Thread 0x0000024f3dbfebb0 Exception <a 'java/lang/NoSuchMethodError'{0x000000069912c310}: 'int java.lang.invoke.Invokers$Holder.invokeExact_MT(java.lang.Object, java.lang.Object)'> (0x000000069912c310) 
thrown [s\open\src\hotspot\share\interpreter\linkResolver.cpp, line 766]
Event: 0.284 Thread 0x0000024f3dbfebb0 Exception <a 'java/lang/NoSuchMethodError'{0x0000000699172600}: 'void java.lang.invoke.DirectMethodHandle$Holder.invokeStaticInit(java.lang.Object)'> (0x0000000699172600) 
thrown [s\open\src\hotspot\share\interpreter\linkResolver.cpp, line 766]
Event: 0.338 Thread 0x0000024f3dbbf490 Exception <a 'java/lang/NoSuchMethodError'{0x000000069973bc70}: 'void java.lang.invoke.DirectMethodHandle$Holder.invokeVirtual(java.lang.Object, java.lang.Object)'> (0x000000069973bc70) 
thrown [s\open\src\hotspot\share\interpreter\linkResolver.cpp, line 766]
Event: 1.098 Thread 0x0000024f39731b40 Exception <a 'java/lang/NoSuchMethodError'{0x00000006993bba78}: 'java.lang.Object java.lang.invoke.Invokers$Holder.invokeExact_MT(java.lang.Object, java.lang.Object, java.lang.Object, java.lang.Object, java.lang.Object, java.lang.Object)'> (0x00000006993bba78) 
thrown [s\open\src\hotspot\share\interpreter\linkResolver.cpp, line 766]

VM Operations (20 events):
Event: 458.614 Executing VM operation: Cleanup done
Event: 464.670 Executing VM operation: Cleanup
Event: 464.670 Executing VM operation: Cleanup done
Event: 467.707 Executing VM operation: Cleanup
Event: 467.707 Executing VM operation: Cleanup done
Event: 468.717 Executing VM operation: Cleanup
Event: 468.718 Executing VM operation: Cleanup done
Event: 472.763 Executing VM operation: Cleanup
Event: 472.763 Executing VM operation: Cleanup done
Event: 475.792 Executing VM operation: Cleanup
Event: 475.792 Executing VM operation: Cleanup done
Event: 478.818 Executing VM operation: Cleanup
Event: 478.819 Executing VM operation: Cleanup done
Event: 489.880 Executing VM operation: Cleanup
Event: 489.881 Executing VM operation: Cleanup done
Event: 533.252 Executing VM operation: Cleanup
Event: 533.252 Executing VM operation: Cleanup done
Event: 534.265 Executing VM operation: Cleanup
Event: 534.265 Executing VM operation: Cleanup done
Event: 591.385 Executing VM operation: Exit

Events (20 events):
Event: 0.113 Loaded shared library E:\Program Files\Java\jdk-18.0.1\bin\jimage.dll
Event: 0.117 Loaded shared library E:\Program Files\Java\jdk-18.0.1\bin\awt.dll
Event: 0.160 Thread 0x0000024f3dbcd5d0 Thread added: 0x0000024f3dbcd5d0
Event: 0.161 Thread 0x0000024f3dbbe340 Thread added: 0x0000024f3dbbe340
Event: 0.162 Thread 0x0000024f3dbbf490 Thread added: 0x0000024f3dbbf490
Event: 0.172 Thread 0x0000024f3dbfebb0 Thread added: 0x0000024f3dbfebb0
Event: 0.173 Thread 0x0000024f106cf500 Thread exited: 0x0000024f106cf500
Event: 0.173 Thread 0x0000024f106cf500 Thread added: 0x0000024f106cf500
Event: 0.288 Loaded shared library E:\Program Files\Java\jdk-18.0.1\bin\freetype.dll
Event: 0.288 Loaded shared library E:\Program Files\Java\jdk-18.0.1\bin\fontmanager.dll
Event: 0.379 Thread 0x0000024f3ee77ed0 Thread added: 0x0000024f3ee77ed0
Event: 1.091 Thread 0x0000024f3ee8ba30 Thread added: 0x0000024f3ee8ba30
Event: 3.464 Thread 0x0000024f3ee8ba30 Thread exited: 0x0000024f3ee8ba30
Event: 591.275 Thread 0x0000024f3ee796e0 Thread added: 0x0000024f3ee796e0
Event: 591.275 Thread 0x0000024f3ee77a00 Thread added: 0x0000024f3ee77a00
Event: 591.275 Thread 0x0000024f3ee78d40 Thread added: 0x0000024f3ee78d40
Event: 591.278 Thread 0x0000024f3ee77a00 Thread exited: 0x0000024f3ee77a00
Event: 591.286 Thread 0x0000024f3dbbf490 Thread exited: 0x0000024f3dbbf490
Event: 591.385 Thread 0x0000024f3ee78d40 Thread exited: 0x0000024f3ee78d40
Event: 591.385 Thread 0x0000024f39731290 Thread exited: 0x0000024f39731290


Dynamic libraries:
0x00007ff6ecb80000 - 0x00007ff6ecb90000 	E:\Program Files\Java\jdk-18.0.1\bin\java.exe
0x00007ffa37b50000 - 0x00007ffa37d48000 	C:\WINDOWS\SYSTEM32\ntdll.dll
0x00007ffa36be0000 - 0x00007ffa36c9f000 	C:\WINDOWS\System32\KERNEL32.DLL
0x00007ffa35290000 - 0x00007ffa3556a000 	C:\WINDOWS\System32\KERNELBASE.dll
0x00007ffa355a0000 - 0x00007ffa356a0000 	C:\WINDOWS\System32\ucrtbase.dll
0x00007ffa30d10000 - 0x00007ffa30d2a000 	E:\Program Files\Java\jdk-18.0.1\bin\VCRUNTIME140.dll
0x00007ffa30c30000 - 0x00007ffa30c48000 	E:\Program Files\Java\jdk-18.0.1\bin\jli.dll
0x00007ffa37600000 - 0x00007ffa376ae000 	C:\WINDOWS\System32\ADVAPI32.dll
0x00007ffa36b10000 - 0x00007ffa36bae000 	C:\WINDOWS\System32\msvcrt.dll
0x00007ffa37a60000 - 0x00007ffa37afc000 	C:\WINDOWS\System32\sechost.dll
0x00007ffa35c20000 - 0x00007ffa35d46000 	C:\WINDOWS\System32\RPCRT4.dll
0x00007ffa37860000 - 0x00007ffa379fd000 	C:\WINDOWS\System32\USER32.dll
0x00007ffa35260000 - 0x00007ffa35282000 	C:\WINDOWS\System32\win32u.dll
0x00007ffa374d0000 - 0x00007ffa374fb000 	C:\WINDOWS\System32\GDI32.dll
0x00007ffa357d0000 - 0x00007ffa358e0000 	C:\WINDOWS\System32\gdi32full.dll
0x00007ffa356a0000 - 0x00007ffa3573d000 	C:\WINDOWS\System32\msvcp_win.dll
0x00007ffa27d50000 - 0x00007ffa27fea000 	C:\WINDOWS\WinSxS\amd64_microsoft.windows.common-controls_6595b64144ccf1df_6.0.19041.1110_none_60b5254171f9507e\COMCTL32.dll
0x00007ffa2e0d0000 - 0x00007ffa2e0da000 	C:\WINDOWS\SYSTEM32\VERSION.dll
0x00007ffa36bb0000 - 0x00007ffa36be0000 	C:\WINDOWS\System32\IMM32.DLL
0x00007ffa30d00000 - 0x00007ffa30d0c000 	E:\Program Files\Java\jdk-18.0.1\bin\vcruntime140_1.dll
0x00007ffa30c70000 - 0x00007ffa30cfd000 	E:\Program Files\Java\jdk-18.0.1\bin\msvcp140.dll
0x00007ff9d6e30000 - 0x00007ff9d7a40000 	E:\Program Files\Java\jdk-18.0.1\bin\server\jvm.dll
0x00007ffa35bb0000 - 0x00007ffa35bb8000 	C:\WINDOWS\System32\PSAPI.DLL
0x00007ffa2e2e0000 - 0x00007ffa2e2e9000 	C:\WINDOWS\SYSTEM32\WSOCK32.dll
0x00007ffa26ba0000 - 0x00007ffa26bc7000 	C:\WINDOWS\SYSTEM32\WINMM.dll
0x00007ffa37500000 - 0x00007ffa3756b000 	C:\WINDOWS\System32\WS2_32.dll
0x00007ffa33100000 - 0x00007ffa33112000 	C:\WINDOWS\SYSTEM32\kernel.appcore.dll
0x00007ffa30c60000 - 0x00007ffa30c6a000 	E:\Program Files\Java\jdk-18.0.1\bin\jimage.dll
0x00007ffa26960000 - 0x00007ffa26b44000 	C:\WINDOWS\SYSTEM32\DBGHELP.DLL
0x00007ffa26580000 - 0x00007ffa265b4000 	C:\WINDOWS\SYSTEM32\dbgcore.DLL
0x00007ffa35740000 - 0x00007ffa357c2000 	C:\WINDOWS\System32\bcryptPrimitives.dll
0x00007ffa30c50000 - 0x00007ffa30c5e000 	E:\Program Files\Java\jdk-18.0.1\bin\instrument.dll
0x00007ff9fcb70000 - 0x00007ff9fcb95000 	E:\Program Files\Java\jdk-18.0.1\bin\java.dll
0x00007ff9dae70000 - 0x00007ff9daf46000 	E:\Program Files\Java\jdk-18.0.1\bin\jsvml.dll
0x00007ffa35e00000 - 0x00007ffa36544000 	C:\WINDOWS\System32\SHELL32.dll
0x00007ffa33300000 - 0x00007ffa33a93000 	C:\WINDOWS\SYSTEM32\windows.storage.dll
0x00007ffa37170000 - 0x00007ffa374c4000 	C:\WINDOWS\System32\combase.dll
0x00007ffa34b00000 - 0x00007ffa34b2e000 	C:\WINDOWS\SYSTEM32\Wldp.dll
0x00007ffa36e00000 - 0x00007ffa36ead000 	C:\WINDOWS\System32\SHCORE.dll
0x00007ffa36eb0000 - 0x00007ffa36f05000 	C:\WINDOWS\System32\shlwapi.dll
0x00007ffa351a0000 - 0x00007ffa351bf000 	C:\WINDOWS\SYSTEM32\profapi.dll
0x00007ff9fcb50000 - 0x00007ff9fcb68000 	E:\Program Files\Java\jdk-18.0.1\bin\zip.dll
0x00007ff9fcb30000 - 0x00007ff9fcb43000 	E:\Program Files\Java\jdk-18.0.1\bin\net.dll
0x00007ffa2e760000 - 0x00007ffa2e86a000 	C:\WINDOWS\SYSTEM32\WINHTTP.dll
0x00007ffa348e0000 - 0x00007ffa3494a000 	C:\WINDOWS\system32\mswsock.dll
0x00007ff9fcb10000 - 0x00007ff9fcb26000 	E:\Program Files\Java\jdk-18.0.1\bin\nio.dll
0x00007ff9fcaf0000 - 0x00007ff9fcb0a000 	D:\Programe Files\IntelliJ IDEA Community Edition 2022.3.3\bin\breakgen64.dll
0x00007ff9d2e60000 - 0x00007ff9d2fef000 	E:\Program Files\Java\jdk-18.0.1\bin\awt.dll
0x00007ffa36550000 - 0x00007ffa3661d000 	C:\WINDOWS\System32\OLEAUT32.dll
0x00007ffa32b30000 - 0x00007ffa32bc0000 	C:\WINDOWS\SYSTEM32\apphelp.dll
0x00007ffa32c30000 - 0x00007ffa32cce000 	C:\WINDOWS\system32\uxtheme.dll
0x00007ff9f0d40000 - 0x00007ff9f0d62000 	C:\Users\LENOVO~1\AppData\Local\Temp\7CA2.tmp
0x00007ffa36cc0000 - 0x00007ffa36dea000 	C:\WINDOWS\System32\ole32.dll
0x00007ffa34a70000 - 0x00007ffa34a7c000 	C:\WINDOWS\SYSTEM32\CRYPTBASE.DLL
0x00007ff9f2620000 - 0x00007ff9f2630000 	D:\Programe Files\RBTray-4_3\64\RBHook.dll
0x00007ffa36ff0000 - 0x00007ffa37104000 	C:\WINDOWS\System32\MSCTF.dll
0x00007ffa32f20000 - 0x00007ffa32f4f000 	C:\WINDOWS\system32\DWMAPI.DLL
0x00007ffa0ecc0000 - 0x00007ffa0ede5000 	C:\WINDOWS\system32\opengl32.dll
0x00007ffa0ec90000 - 0x00007ffa0ecbc000 	C:\WINDOWS\SYSTEM32\GLU32.dll
0x00007ffa35570000 - 0x00007ffa35597000 	C:\WINDOWS\System32\bcrypt.dll
0x00007ffa2f780000 - 0x00007ffa2f7bb000 	C:\WINDOWS\SYSTEM32\dxcore.dll
0x00007ffa35990000 - 0x00007ffa359de000 	C:\WINDOWS\System32\cfgmgr32.dll
0x00007ff9dade0000 - 0x00007ff9dae69000 	E:\Program Files\Java\jdk-18.0.1\bin\freetype.dll
0x00007ff9d6ca0000 - 0x00007ff9d6d48000 	E:\Program Files\Java\jdk-18.0.1\bin\fontmanager.dll
0x00007ffa35d50000 - 0x00007ffa35df9000 	C:\WINDOWS\System32\clbcatq.dll
0x00007ffa2c8d0000 - 0x00007ffa2ca84000 	C:\WINDOWS\SYSTEM32\WindowsCodecs.dll
0x00007ffa123b0000 - 0x00007ffa124a9000 	C:\WINDOWS\SYSTEM32\textinputframework.dll
0x00007ffa325a0000 - 0x00007ffa328fe000 	C:\WINDOWS\System32\CoreUIComponents.dll
0x00007ffa32950000 - 0x00007ffa32a42000 	C:\WINDOWS\System32\CoreMessaging.dll
0x00007ffa34360000 - 0x00007ffa34393000 	C:\WINDOWS\SYSTEM32\ntmarta.dll
0x00007ffa32410000 - 0x00007ffa32564000 	C:\WINDOWS\SYSTEM32\wintypes.dll
0x00007ffa0d9b0000 - 0x00007ffa0da16000 	C:\WINDOWS\system32\Oleacc.dll
0x00007ffa125c0000 - 0x00007ffa1266c000 	C:\WINDOWS\SYSTEM32\TextShaping.dll
0x00007ffa30dd0000 - 0x00007ffa30ec6000 	C:\Windows\System32\PROPSYS.dll

dbghelp: loaded successfully - version: 4.0.5 - missing functions: none
symbol engine: initialized successfully - sym options: 0x614 - pdb path: .;E:\Program Files\Java\jdk-18.0.1\bin;C:\WINDOWS\SYSTEM32;C:\WINDOWS\WinSxS\amd64_microsoft.windows.common-controls_6595b64144ccf1df_6.0.19041.1110_none_60b5254171f9507e;E:\Program Files\Java\jdk-18.0.1\bin\server;D:\Programe Files\IntelliJ IDEA Community Edition 2022.3.3\bin;C:\Users\LENOVO~1\AppData\Local\Temp;D:\Programe Files\RBTray-4_3\64

VM Arguments:
jvm_args: -javaagent:D:\Programe Files\IntelliJ IDEA Community Edition 2022.3.3\lib\idea_rt.jar=50091:D:\Programe Files\IntelliJ IDEA Community Edition 2022.3.3\bin -Dfile.encoding=UTF-8 -Dsun.stdout.encoding=UTF-8 -Dsun.stderr.encoding=UTF-8 
java_command: VoiceTypingApp
java_class_path (initial): C:\Users\Lenovo 2\IdeaProjects\tesst\out\production\tesst
Launcher Type: SUN_STANDARD

[Global flags]
     intx CICompilerCount                          = 3                                         {product} {ergonomic}
     uint ConcGCThreads                            = 1                                         {product} {ergonomic}
     uint G1ConcRefinementThreads                  = 4                                         {product} {ergonomic}
   size_t G1HeapRegionSize                         = 4194304                                   {product} {ergonomic}
    uintx GCDrainStackTargetSize                   = 64                                        {product} {ergonomic}
   size_t InitialHeapSize                          = 402653184                                 {product} {ergonomic}
   size_t MarkStackSize                            = 4194304                                   {product} {ergonomic}
   size_t MaxHeapSize                              = 6417285120                                {product} {ergonomic}
   size_t MaxNewSize                               = 3850371072                                {product} {ergonomic}
   size_t MinHeapDeltaBytes                        = 4194304                                   {product} {ergonomic}
   size_t MinHeapSize                              = 8388608                                   {product} {ergonomic}
    uintx NonNMethodCodeHeapSize                   = 5832780                                {pd product} {ergonomic}
    uintx NonProfiledCodeHeapSize                  = 122912730                              {pd product} {ergonomic}
    uintx ProfiledCodeHeapSize                     = 122912730                              {pd product} {ergonomic}
    uintx ReservedCodeCacheSize                    = 251658240                              {pd product} {ergonomic}
     bool SegmentedCodeCache                       = true                                      {product} {ergonomic}
   size_t SoftMaxHeapSize                          = 6417285120                             {manageable} {ergonomic}
     bool UseCompressedClassPointers               = true                           {product lp64_product} {ergonomic}
     bool UseCompressedOops                        = true                           {product lp64_product} {ergonomic}
     bool UseG1GC                                  = true                                      {product} {ergonomic}
     bool UseLargePagesIndividualAllocation        = false                                  {pd product} {ergonomic}

Logging:
Log output configuration:
 #0: stdout all=off uptime,level,tags foldmultilines=false
 #1: stderr all=off uptime,level,tags foldmultilines=false

Environment Variables:
PATH=C:\Program Files (x86)\Common Files\Oracle\Java\javapath;C:\WINDOWS\system32;C:\WINDOWS;C:\WINDOWS\System32\Wbem;C:\WINDOWS\System32\WindowsPowerShell\v1.0\;C:\WINDOWS\System32\OpenSSH\;C:\Program Files (x86)\nodejs\;C:\Program Files\Git\cmd;C:\Program Files\Docker\Docker\resources\bin;C:\Users\Lenovo 2\AppData\Local\Microsoft\WindowsApps;C:\Users\Lenovo 2\AppData\Local\Programs\Espanso;D:\Programe Files\adb;C:\Users\Lenovo 2\AppData\Local\Programs\Microsoft VS Code\bin;C:\FlutterSdk\flutter\bin;C:\Users\Lenovo 2\AppData\Roaming\npm;D:\Programe Files\IntelliJ IDEA Community Edition 2022.3.3\bin;D:\Programe Files\scrcpy;C:\Users\Lenovo 2\AppData\Local\Programs\mongosh\;C:\Program Files\MongoDB\Server\6.0\bin;C:\Program Files\Java\jre1.8.0_251\bin
USERNAME=Lenovo 2
OS=Windows_NT
PROCESSOR_IDENTIFIER=Intel64 Family 6 Model 60 Stepping 3, GenuineIntel



---------------  S Y S T E M  ---------------

OS:
 Windows 10 , 64 bit Build 19041 (10.0.19041.2788)
OS uptime: 0 days 0:20 hours
Hyper-V role detected

CPU: total 4 (initial active 4) (4 cores per cpu, 1 threads per core) family 6 model 60 stepping 3 microcode 0x27, cx8, cmov, fxsr, mmx, sse, sse2, sse3, ssse3, sse4.1, sse4.2, popcnt, lzcnt, tsc, tscinvbit, avx, avx2, aes, erms, clmul, bmi1, bmi2, fma, vzeroupper, clflush, hv

Memory: 4k page, system-wide physical 24465M (16691M free)
TotalPageFile size 28049M (AvailPageFile size 19135M)
current process WorkingSet (physical memory assigned to process): 75M, peak: 88M
current process commit charge ("private bytes"): 482M, peak: 494M

vm_info: Java HotSpot(TM) 64-Bit Server VM (18.0.1+10-24) for windows-amd64 JRE (18.0.1+10-24), built on Mar  9 2022 22:41:56 by "mach5one" with MS VC++ 16.8 / 16.9 (VS2019)

END.
