#
# A fatal error has been detected by the Java Runtime Environment:
#
#  EXCEPTION_ACCESS_VIOLATION (0xc0000005) at pc=0x00007ff817791f0f, pid=4832, tid=4024
#
# JRE version: Java(TM) SE Runtime Environment (18.0.1+10) (build 18.0.1+10-24)
# Java VM: Java HotSpot(TM) 64-Bit Server VM (18.0.1+10-24, mixed mode, sharing, tiered, compressed oops, compressed class ptrs, g1 gc, windows-amd64)
# Problematic frame:
# C  [E636.tmp+0x1f0f]
#
# No core dump will be written. Minidumps are not enabled by default on client versions of Windows
#
# If you would like to submit a bug report, please visit:
#   https://bugreport.java.com/bugreport/crash.jsp
#

---------------  S U M M A R Y ------------

Command Line: -javaagent:D:\Programe Files\IntelliJ IDEA Community Edition 2022.3.3\lib\idea_rt.jar=53107:D:\Programe Files\IntelliJ IDEA Community Edition 2022.3.3\bin -Dfile.encoding=UTF-8 -Dsun.stdout.encoding=UTF-8 -Dsun.stderr.encoding=UTF-8 VoiceTypingApp

Host: Intel(R) Core(TM) i5-4570 CPU @ 3.20GHz, 4 cores, 23G,  Windows 10 , 64 bit Build 19041 (10.0.19041.2788)
Time: Wed May 10 13:15:11 2023 India Standard Time elapsed time: 1164.096334 seconds (0d 0h 19m 24s)

---------------  T H R E A D  ---------------

Current thread (0x00000245febc4a50):  VMThread "VM Thread" [stack: 0x0000004d80000000,0x0000004d80100000] [id=4024]

Stack: [0x0000004d80000000,0x0000004d80100000],  sp=0x0000004d800ff3a0,  free space=1020k
Native frames: (J=compiled Java code, j=interpreted, Vv=VM code, C=native code)
C  [E636.tmp+0x1f0f]


siginfo: EXCEPTION_ACCESS_VIOLATION (0xc0000005), reading address 0x00007ff864cb9dd0


Register to memory mapping:

RIP=0x00007ff817791f0f E636.tmp
RAX=0x00007ff864cb9dc0 is an unknown value
RBX=0x000000007ffe0385 points into unknown readable memory: 00 00 00
RCX=0x0000024586f7f958 points into unknown readable memory: 0x00007ff864cb9dc0 | c0 9d cb 64 f8 7f 00 00
RDX=0x0 is NULL
RSP=0x0000004d800ff3a0 points into unknown readable memory: 0x0000000002360fb8 | b8 0f 36 02 00 00 00 00
RBP=0x0000004d800ff670 points into unknown readable memory: 0x00000245febc09f0 | f0 09 bc fe 45 02 00 00
RSI=0x00007ff817790000 E636.tmp
RDI=0x0 is NULL
R8 =0x0000000000000001 is an unknown value
R9 =0x0000000000000001 is an unknown value
R10=0x000000007ffe0384 points into unknown readable memory: 00 00 00 00
R11=0x0000004d800ff410 points into unknown readable memory: 0x00007ff817790000 | 00 00 79 17 f8 7f 00 00
R12=0x00007ff8177922e4 E636.tmp
R13=0x00007ff807a8fc00 jvm.dll
R14=0x0000000000000001 is an unknown value
R15=0x0000000000000001 is an unknown value


Registers:
RAX=0x00007ff864cb9dc0, RBX=0x000000007ffe0385, RCX=0x0000024586f7f958, RDX=0x0000000000000000
RSP=0x0000004d800ff3a0, RBP=0x0000004d800ff670, RSI=0x00007ff817790000, RDI=0x0000000000000000
R8 =0x0000000000000001, R9 =0x0000000000000001, R10=0x000000007ffe0384, R11=0x0000004d800ff410
R12=0x00007ff8177922e4, R13=0x00007ff807a8fc00, R14=0x0000000000000001, R15=0x0000000000000001
RIP=0x00007ff817791f0f, EFLAGS=0x0000000000010246

Top of Stack: (sp=0x0000004d800ff3a0)
0x0000004d800ff3a0:   0000000002360fb8 00007ff85ca70000
0x0000004d800ff3b0:   0000000000000001 00007ff86f429993
0x0000004d800ff3c0:   0000000000000001 00007ff8177921f9
0x0000004d800ff3d0:   0000000000000001 0000000000000000
0x0000004d800ff3e0:   0000000000000000 0000000000000001
0x0000004d800ff3f0:   0000000000000000 0000000000000000
0x0000004d800ff400:   0000000000000001 00000f44a17c5b36
0x0000004d800ff410:   00007ff817790000 000000007ffe0384
0x0000004d800ff420:   0000000000000000 00007ff86f429a1d
0x0000004d800ff430:   00007ff817790000 0000000000000000
0x0000004d800ff440:   0000000000000001 000000007ffe0385
0x0000004d800ff450:   0000000002360fb8 0000004d800ff670
0x0000004d800ff460:   00000f4400000000 0000000000000014
0x0000004d800ff470:   0000000000000000 00007ff8177922e4
0x0000004d800ff480:   00007ff8077fdfb8 00000245fefa1a60
0x0000004d800ff490:   0000004d803ff400 00007ff86f46dcec 

Instructions: (pc=0x00007ff817791f0f)
0x00007ff817791e0f:   50 49 83 38 00 75 4a b8 ff ff 00 00 66 41 39 40
0x00007ff817791e1f:   0a 75 3e 49 8b 48 18 48 83 ca ff e8 31 f9 ff ff
0x00007ff817791e2f:   eb 2f 2d 21 01 00 00 74 14 83 f8 04 75 23 49 8b
0x00007ff817791e3f:   50 08 49 8b 48 18 e8 16 f9 ff ff eb 14 49 83 78
0x00007ff817791e4f:   08 02 75 0d 48 83 ca ff 49 8b 48 18 e8 e0 f5 ff
0x00007ff817791e5f:   ff 4c 8b cb 4c 8b c6 8b d7 33 c9 48 8b 5c 24 30
0x00007ff817791e6f:   48 8b 74 24 38 48 83 c4 20 5f 48 ff 25 f8 f3 00
0x00007ff817791e7f:   00 48 89 5c 24 08 48 89 74 24 10 57 48 83 ec 20
0x00007ff817791e8f:   49 8b d8 48 8b f2 8b f9 85 c9 75 16 41 81 78 08
0x00007ff817791e9f:   12 01 00 00 75 0c 49 8b 10 49 8b 48 10 e8 4f fc
0x00007ff817791eaf:   ff ff 4c 8b cb 4c 8b c6 8b d7 33 c9 48 8b 5c 24
0x00007ff817791ebf:   30 48 8b 74 24 38 48 83 c4 20 5f 48 ff 25 a7 f3
0x00007ff817791ecf:   00 00 cc cc cc cc cc cc cc cc cc cc cc cc cc cc
0x00007ff817791edf:   cc 48 83 ec 28 83 fa 01 75 0f e8 62 f4 ff ff b8
0x00007ff817791eef:   01 00 00 00 48 83 c4 28 c3 85 d2 75 3a 83 3d 11
0x00007ff817791eff:   ac 01 00 01 75 31 48 8b 0d fc ab 01 00 48 8b 01
0x00007ff817791f0f:   ff 50 10 48 8b 0d ff ab 01 00 48 8b 01 ff 50 10
0x00007ff817791f1f:   48 8b 0d da ab 01 00 48 8b 01 ff 50 10 c7 05 de
0x00007ff817791f2f:   ab 01 00 00 00 00 00 b8 01 00 00 00 48 83 c4 28
0x00007ff817791f3f:   c3 cc cc cc cc cc cc 66 66 0f 1f 84 00 00 00 00
0x00007ff817791f4f:   00 48 3b 0d a9 90 01 00 f2 75 12 48 c1 c1 10 66
0x00007ff817791f5f:   f7 c1 ff ff f2 75 02 f2 c3 48 c1 c9 10 e9 e7 03
0x00007ff817791f6f:   00 00 cc cc cc 48 83 ec 28 85 d2 74 39 83 ea 01
0x00007ff817791f7f:   74 28 83 ea 01 74 16 83 fa 01 74 0a b8 01 00 00
0x00007ff817791f8f:   00 48 83 c4 28 c3 e8 d6 06 00 00 eb 05 e8 a7 06
0x00007ff817791f9f:   00 00 0f b6 c0 48 83 c4 28 c3 49 8b d0 48 83 c4
0x00007ff817791faf:   28 e9 0f 00 00 00 4d 85 c0 0f 95 c1 48 83 c4 28
0x00007ff817791fbf:   e9 2c 01 00 00 48 89 5c 24 08 48 89 74 24 10 48
0x00007ff817791fcf:   89 7c 24 20 41 56 48 83 ec 20 48 8b f2 4c 8b f1
0x00007ff817791fdf:   33 c9 e8 4a 07 00 00 84 c0 75 07 33 c0 e9 e8 00
0x00007ff817791fef:   00 00 e8 ca 05 00 00 8a d8 88 44 24 40 40 b7 01
0x00007ff817791fff:   83 3d ca 9e 01 00 00 74 0a b9 07 00 00 00 e8 86 


Stack slot to memory mapping:
stack at sp + 0 slots: 0x0000000002360fb8 is an unknown value
stack at sp + 1 slots: 0x00007ff85ca70000 RBHook.dll
stack at sp + 2 slots: 0x0000000000000001 is an unknown value
stack at sp + 3 slots: 0x00007ff86f429993 ntdll.dll
stack at sp + 4 slots: 0x0000000000000001 is an unknown value
stack at sp + 5 slots: 0x00007ff8177921f9 E636.tmp
stack at sp + 6 slots: 0x0000000000000001 is an unknown value
stack at sp + 7 slots: 0x0 is NULL

VM_Operation (0x0000004d803ff440): Exit, mode: safepoint, requested by thread 0x0000024586f30320


---------------  P R O C E S S  ---------------

Threads class SMR info:
_java_thread_list=0x00000245fefd0c00, length=20, elements={
0x00000245febc9970, 0x00000245febce4f0, 0x00000245febe3c60, 0x00000245febe4510,
0x00000245febe4dc0, 0x00000245febe5670, 0x00000245febe6390, 0x00000245febecd20,
0x00000245fec2c0b0, 0x00000245febb6e30, 0x00000245fef1fc00, 0x00000245fef1d270,
0x00000245feefea20, 0x00000245fef9ef60, 0x00000245ff06a590, 0x0000024586ee9170,
0x0000024586f28280, 0x0000024586f2d7d0, 0x0000024586f2fe50, 0x0000024586f30320
}

Java Threads: ( => current thread )
  0x00000245febc9970 JavaThread "Reference Handler" daemon [_thread_blocked, id=12128, stack(0x0000004d80100000,0x0000004d80200000)]
  0x00000245febce4f0 JavaThread "Finalizer" daemon [_thread_blocked, id=3056, stack(0x0000004d80200000,0x0000004d80300000)]
  0x00000245febe3c60 JavaThread "Signal Dispatcher" daemon [_thread_blocked, id=3220, stack(0x0000004d80400000,0x0000004d80500000)]
  0x00000245febe4510 JavaThread "Attach Listener" daemon [_thread_blocked, id=7032, stack(0x0000004d80500000,0x0000004d80600000)]
  0x00000245febe4dc0 JavaThread "Service Thread" daemon [_thread_blocked, id=5516, stack(0x0000004d80600000,0x0000004d80700000)]
  0x00000245febe5670 JavaThread "Monitor Deflation Thread" daemon [_thread_blocked, id=10652, stack(0x0000004d80700000,0x0000004d80800000)]
  0x00000245febe6390 JavaThread "C2 CompilerThread0" daemon [_thread_blocked, id=11108, stack(0x0000004d80800000,0x0000004d80900000)]
  0x00000245febecd20 JavaThread "C1 CompilerThread0" daemon [_thread_blocked, id=716, stack(0x0000004d80900000,0x0000004d80a00000)]
  0x00000245fec2c0b0 JavaThread "Sweeper thread" daemon [_thread_blocked, id=3944, stack(0x0000004d80a00000,0x0000004d80b00000)]
  0x00000245febb6e30 JavaThread "Common-Cleaner" daemon [_thread_blocked, id=1996, stack(0x0000004d80b00000,0x0000004d80c00000)]
  0x00000245fef1fc00 JavaThread "Monitor Ctrl-Break" daemon [_thread_in_native, id=3996, stack(0x0000004d80c00000,0x0000004d80d00000)]
  0x00000245fef1d270 JavaThread "Notification Thread" daemon [_thread_blocked, id=992, stack(0x0000004d80d00000,0x0000004d80e00000)]
  0x00000245feefea20 JavaThread "Java2D Disposer" daemon [_thread_blocked, id=1172, stack(0x0000004d80f00000,0x0000004d81000000)]
  0x00000245fef9ef60 JavaThread "AWT-Shutdown" [_thread_blocked, id=824, stack(0x0000004d81000000,0x0000004d81100000)]
  0x00000245ff06a590 JavaThread "AWT-EventQueue-0" [_thread_blocked, id=12764, stack(0x0000004d81200000,0x0000004d81300000)]
  0x0000024586ee9170 JavaThread "JNativeHook Hook Thread" [_thread_blocked, id=1400, stack(0x0000004d81700000,0x0000004d81800000)]
  0x0000024586f28280 JavaThread "JNativeHook Dispatch Thread" daemon [_thread_blocked, id=2036, stack(0x0000004d81800000,0x0000004d81900000)]
  0x0000024586f2d7d0 JavaThread "TimerQueue" daemon [_thread_blocked, id=5284, stack(0x0000004d81900000,0x0000004d81a00000)]
  0x0000024586f2fe50 JavaThread "DestroyJavaVM" [_thread_blocked, id=2856, stack(0x0000004dffa00000,0x0000004dffb00000)]
  0x0000024586f30320 JavaThread "SIGINT handler" daemon [_thread_blocked, id=5868, stack(0x0000004d80300000,0x0000004d80400000)]

Other Threads:
=>0x00000245febc4a50 VMThread "VM Thread" [stack: 0x0000004d80000000,0x0000004d80100000] [id=4024]
  0x00000245d7bde330 WorkerThread "GC Thread#0" [stack: 0x0000004dffb00000,0x0000004dffc00000] [id=12080]
  0x00000245ff0eeb30 WorkerThread "GC Thread#1" [stack: 0x0000004d81500000,0x0000004d81600000] [id=9244]
  0x00000245ff0ee5f0 WorkerThread "GC Thread#2" [stack: 0x0000004d81600000,0x0000004d81700000] [id=4632]
  0x00000245ff0ef5b0 WorkerThread "GC Thread#3" [stack: 0x0000004d81a00000,0x0000004d81b00000] [id=5668]
  0x00000245d7beb0b0 ConcurrentGCThread "G1 Main Marker" terminated
  0x00000245d7bee170 WorkerThread "G1 Conc#0" [stack: 0x0000004dffd00000,0x0000004dffe00000] [id=5760]
  0x00000245d7c1d000 ConcurrentGCThread "G1 Refine#0" terminated
  0x00000245d7c1d820 ConcurrentGCThread "G1 Service" terminated

Threads with active compile tasks:

VM state: at safepoint (shutting down)

VM Mutex/Monitor currently owned by a thread:  ([mutex/lock_event])
[0x00000245d7b4d190] Threads_lock - owner thread: 0x00000245febc4a50
[0x00000245d7b4da00] Heap_lock - owner thread: 0x0000024586f30320

Heap address: 0x0000000681800000, size: 6120 MB, Compressed Oops mode: Zero based, Oop shift amount: 3

CDS archive(s) mapped at: [0x0000000800000000-0x0000000800ba0000-0x0000000800ba0000), size 12189696, SharedBaseAddress: 0x0000000800000000, ArchiveRelocationMode: 0.
Compressed class space mapped at: 0x0000000800c00000-0x0000000840c00000, reserved size: 1073741824
Narrow klass base: 0x0000000800000000, Narrow klass shift: 0, Narrow klass range: 0x100000000

GC Precious Log:
 CardTable entry size: 512
 Card Set container configuration: InlinePtr #cards 4 size 8 Array Of Cards #cards 32 size 80 Howl #buckets 8 coarsen threshold 7372 Howl Bitmap #cards 1024 size 144 coarsen threshold 921 Card regions per heap region 1 cards per card region 8192
 CPUs: 4 total, 4 available
 Memory: 24465M
 Large Page Support: Disabled
 NUMA Support: Disabled
 Compressed Oops: Enabled (Zero based)
 Heap Region Size: 4M
 Heap Min Capacity: 8M
 Heap Initial Capacity: 384M
 Heap Max Capacity: 6120M
 Pre-touch: Disabled
 Parallel Workers: 4
 Concurrent Workers: 1
 Concurrent Refinement Workers: 4
 Periodic GC: Disabled

Heap:
 garbage-first heap   total 393216K, used 6924K [0x0000000681800000, 0x0000000800000000)
  region size 4096K, 3 young (12288K), 1 survivors (4096K)
 Metaspace       used 9414K, committed 9600K, reserved 1114112K
  class space    used 970K, committed 1088K, reserved 1048576K

Heap Regions: E=young(eden), S=young(survivor), O=old, HS=humongous(starts), HC=humongous(continues), CS=collection set, F=free, OA=open archive, CA=closed archive, TAMS=top-at-mark-start (previous, next)
|   0|0x0000000681800000, 0x0000000681800000, 0x0000000681c00000|  0%| F|  |TAMS 0x0000000681800000, 0x0000000681800000| Untracked 
|   1|0x0000000681c00000, 0x0000000681c00000, 0x0000000682000000|  0%| F|  |TAMS 0x0000000681c00000, 0x0000000681c00000| Untracked 
|   2|0x0000000682000000, 0x0000000682000000, 0x0000000682400000|  0%| F|  |TAMS 0x0000000682000000, 0x0000000682000000| Untracked 
|   3|0x0000000682400000, 0x0000000682400000, 0x0000000682800000|  0%| F|  |TAMS 0x0000000682400000, 0x0000000682400000| Untracked 
|   4|0x0000000682800000, 0x0000000682800000, 0x0000000682c00000|  0%| F|  |TAMS 0x0000000682800000, 0x0000000682800000| Untracked 
|   5|0x0000000682c00000, 0x0000000682c00000, 0x0000000683000000|  0%| F|  |TAMS 0x0000000682c00000, 0x0000000682c00000| Untracked 
|   6|0x0000000683000000, 0x0000000683000000, 0x0000000683400000|  0%| F|  |TAMS 0x0000000683000000, 0x0000000683000000| Untracked 
|   7|0x0000000683400000, 0x0000000683400000, 0x0000000683800000|  0%| F|  |TAMS 0x0000000683400000, 0x0000000683400000| Untracked 
|   8|0x0000000683800000, 0x0000000683800000, 0x0000000683c00000|  0%| F|  |TAMS 0x0000000683800000, 0x0000000683800000| Untracked 
|   9|0x0000000683c00000, 0x0000000683c00000, 0x0000000684000000|  0%| F|  |TAMS 0x0000000683c00000, 0x0000000683c00000| Untracked 
|  10|0x0000000684000000, 0x0000000684000000, 0x0000000684400000|  0%| F|  |TAMS 0x0000000684000000, 0x0000000684000000| Untracked 
|  11|0x0000000684400000, 0x0000000684400000, 0x0000000684800000|  0%| F|  |TAMS 0x0000000684400000, 0x0000000684400000| Untracked 
|  12|0x0000000684800000, 0x0000000684800000, 0x0000000684c00000|  0%| F|  |TAMS 0x0000000684800000, 0x0000000684800000| Untracked 
|  13|0x0000000684c00000, 0x0000000684c00000, 0x0000000685000000|  0%| F|  |TAMS 0x0000000684c00000, 0x0000000684c00000| Untracked 
|  14|0x0000000685000000, 0x0000000685000000, 0x0000000685400000|  0%| F|  |TAMS 0x0000000685000000, 0x0000000685000000| Untracked 
|  15|0x0000000685400000, 0x0000000685400000, 0x0000000685800000|  0%| F|  |TAMS 0x0000000685400000, 0x0000000685400000| Untracked 
|  16|0x0000000685800000, 0x0000000685800000, 0x0000000685c00000|  0%| F|  |TAMS 0x0000000685800000, 0x0000000685800000| Untracked 
|  17|0x0000000685c00000, 0x0000000685c00000, 0x0000000686000000|  0%| F|  |TAMS 0x0000000685c00000, 0x0000000685c00000| Untracked 
|  18|0x0000000686000000, 0x0000000686000000, 0x0000000686400000|  0%| F|  |TAMS 0x0000000686000000, 0x0000000686000000| Untracked 
|  19|0x0000000686400000, 0x0000000686400000, 0x0000000686800000|  0%| F|  |TAMS 0x0000000686400000, 0x0000000686400000| Untracked 
|  20|0x0000000686800000, 0x0000000686800000, 0x0000000686c00000|  0%| F|  |TAMS 0x0000000686800000, 0x0000000686800000| Untracked 
|  21|0x0000000686c00000, 0x0000000686c00000, 0x0000000687000000|  0%| F|  |TAMS 0x0000000686c00000, 0x0000000686c00000| Untracked 
|  22|0x0000000687000000, 0x0000000687000000, 0x0000000687400000|  0%| F|  |TAMS 0x0000000687000000, 0x0000000687000000| Untracked 
|  23|0x0000000687400000, 0x0000000687400000, 0x0000000687800000|  0%| F|  |TAMS 0x0000000687400000, 0x0000000687400000| Untracked 
|  24|0x0000000687800000, 0x0000000687800000, 0x0000000687c00000|  0%| F|  |TAMS 0x0000000687800000, 0x0000000687800000| Untracked 
|  25|0x0000000687c00000, 0x0000000687c00000, 0x0000000688000000|  0%| F|  |TAMS 0x0000000687c00000, 0x0000000687c00000| Untracked 
|  26|0x0000000688000000, 0x0000000688000000, 0x0000000688400000|  0%| F|  |TAMS 0x0000000688000000, 0x0000000688000000| Untracked 
|  27|0x0000000688400000, 0x0000000688400000, 0x0000000688800000|  0%| F|  |TAMS 0x0000000688400000, 0x0000000688400000| Untracked 
|  28|0x0000000688800000, 0x0000000688800000, 0x0000000688c00000|  0%| F|  |TAMS 0x0000000688800000, 0x0000000688800000| Untracked 
|  29|0x0000000688c00000, 0x0000000688c00000, 0x0000000689000000|  0%| F|  |TAMS 0x0000000688c00000, 0x0000000688c00000| Untracked 
|  30|0x0000000689000000, 0x0000000689000000, 0x0000000689400000|  0%| F|  |TAMS 0x0000000689000000, 0x0000000689000000| Untracked 
|  31|0x0000000689400000, 0x0000000689400000, 0x0000000689800000|  0%| F|  |TAMS 0x0000000689400000, 0x0000000689400000| Untracked 
|  32|0x0000000689800000, 0x0000000689800000, 0x0000000689c00000|  0%| F|  |TAMS 0x0000000689800000, 0x0000000689800000| Untracked 
|  33|0x0000000689c00000, 0x0000000689c00000, 0x000000068a000000|  0%| F|  |TAMS 0x0000000689c00000, 0x0000000689c00000| Untracked 
|  34|0x000000068a000000, 0x000000068a000000, 0x000000068a400000|  0%| F|  |TAMS 0x000000068a000000, 0x000000068a000000| Untracked 
|  35|0x000000068a400000, 0x000000068a400000, 0x000000068a800000|  0%| F|  |TAMS 0x000000068a400000, 0x000000068a400000| Untracked 
|  36|0x000000068a800000, 0x000000068a800000, 0x000000068ac00000|  0%| F|  |TAMS 0x000000068a800000, 0x000000068a800000| Untracked 
|  37|0x000000068ac00000, 0x000000068ac00000, 0x000000068b000000|  0%| F|  |TAMS 0x000000068ac00000, 0x000000068ac00000| Untracked 
|  38|0x000000068b000000, 0x000000068b000000, 0x000000068b400000|  0%| F|  |TAMS 0x000000068b000000, 0x000000068b000000| Untracked 
|  39|0x000000068b400000, 0x000000068b400000, 0x000000068b800000|  0%| F|  |TAMS 0x000000068b400000, 0x000000068b400000| Untracked 
|  40|0x000000068b800000, 0x000000068b800000, 0x000000068bc00000|  0%| F|  |TAMS 0x000000068b800000, 0x000000068b800000| Untracked 
|  41|0x000000068bc00000, 0x000000068bc00000, 0x000000068c000000|  0%| F|  |TAMS 0x000000068bc00000, 0x000000068bc00000| Untracked 
|  42|0x000000068c000000, 0x000000068c000000, 0x000000068c400000|  0%| F|  |TAMS 0x000000068c000000, 0x000000068c000000| Untracked 
|  43|0x000000068c400000, 0x000000068c400000, 0x000000068c800000|  0%| F|  |TAMS 0x000000068c400000, 0x000000068c400000| Untracked 
|  44|0x000000068c800000, 0x000000068c800000, 0x000000068cc00000|  0%| F|  |TAMS 0x000000068c800000, 0x000000068c800000| Untracked 
|  45|0x000000068cc00000, 0x000000068cc00000, 0x000000068d000000|  0%| F|  |TAMS 0x000000068cc00000, 0x000000068cc00000| Untracked 
|  46|0x000000068d000000, 0x000000068d000000, 0x000000068d400000|  0%| F|  |TAMS 0x000000068d000000, 0x000000068d000000| Untracked 
|  47|0x000000068d400000, 0x000000068d400000, 0x000000068d800000|  0%| F|  |TAMS 0x000000068d400000, 0x000000068d400000| Untracked 
|  48|0x000000068d800000, 0x000000068d800000, 0x000000068dc00000|  0%| F|  |TAMS 0x000000068d800000, 0x000000068d800000| Untracked 
|  49|0x000000068dc00000, 0x000000068dc00000, 0x000000068e000000|  0%| F|  |TAMS 0x000000068dc00000, 0x000000068dc00000| Untracked 
|  50|0x000000068e000000, 0x000000068e000000, 0x000000068e400000|  0%| F|  |TAMS 0x000000068e000000, 0x000000068e000000| Untracked 
|  51|0x000000068e400000, 0x000000068e400000, 0x000000068e800000|  0%| F|  |TAMS 0x000000068e400000, 0x000000068e400000| Untracked 
|  52|0x000000068e800000, 0x000000068e800000, 0x000000068ec00000|  0%| F|  |TAMS 0x000000068e800000, 0x000000068e800000| Untracked 
|  53|0x000000068ec00000, 0x000000068ec00000, 0x000000068f000000|  0%| F|  |TAMS 0x000000068ec00000, 0x000000068ec00000| Untracked 
|  54|0x000000068f000000, 0x000000068f000000, 0x000000068f400000|  0%| F|  |TAMS 0x000000068f000000, 0x000000068f000000| Untracked 
|  55|0x000000068f400000, 0x000000068f400000, 0x000000068f800000|  0%| F|  |TAMS 0x000000068f400000, 0x000000068f400000| Untracked 
|  56|0x000000068f800000, 0x000000068f800000, 0x000000068fc00000|  0%| F|  |TAMS 0x000000068f800000, 0x000000068f800000| Untracked 
|  57|0x000000068fc00000, 0x000000068fc00000, 0x0000000690000000|  0%| F|  |TAMS 0x000000068fc00000, 0x000000068fc00000| Untracked 
|  58|0x0000000690000000, 0x0000000690000000, 0x0000000690400000|  0%| F|  |TAMS 0x0000000690000000, 0x0000000690000000| Untracked 
|  59|0x0000000690400000, 0x0000000690400000, 0x0000000690800000|  0%| F|  |TAMS 0x0000000690400000, 0x0000000690400000| Untracked 
|  60|0x0000000690800000, 0x0000000690800000, 0x0000000690c00000|  0%| F|  |TAMS 0x0000000690800000, 0x0000000690800000| Untracked 
|  61|0x0000000690c00000, 0x0000000690c00000, 0x0000000691000000|  0%| F|  |TAMS 0x0000000690c00000, 0x0000000690c00000| Untracked 
|  62|0x0000000691000000, 0x0000000691000000, 0x0000000691400000|  0%| F|  |TAMS 0x0000000691000000, 0x0000000691000000| Untracked 
|  63|0x0000000691400000, 0x0000000691400000, 0x0000000691800000|  0%| F|  |TAMS 0x0000000691400000, 0x0000000691400000| Untracked 
|  64|0x0000000691800000, 0x0000000691800000, 0x0000000691c00000|  0%| F|  |TAMS 0x0000000691800000, 0x0000000691800000| Untracked 
|  65|0x0000000691c00000, 0x0000000691c00000, 0x0000000692000000|  0%| F|  |TAMS 0x0000000691c00000, 0x0000000691c00000| Untracked 
|  66|0x0000000692000000, 0x0000000692000000, 0x0000000692400000|  0%| F|  |TAMS 0x0000000692000000, 0x0000000692000000| Untracked 
|  67|0x0000000692400000, 0x0000000692400000, 0x0000000692800000|  0%| F|  |TAMS 0x0000000692400000, 0x0000000692400000| Untracked 
|  68|0x0000000692800000, 0x0000000692800000, 0x0000000692c00000|  0%| F|  |TAMS 0x0000000692800000, 0x0000000692800000| Untracked 
|  69|0x0000000692c00000, 0x0000000692c00000, 0x0000000693000000|  0%| F|  |TAMS 0x0000000692c00000, 0x0000000692c00000| Untracked 
|  70|0x0000000693000000, 0x0000000693000000, 0x0000000693400000|  0%| F|  |TAMS 0x0000000693000000, 0x0000000693000000| Untracked 
|  71|0x0000000693400000, 0x0000000693400000, 0x0000000693800000|  0%| F|  |TAMS 0x0000000693400000, 0x0000000693400000| Untracked 
|  72|0x0000000693800000, 0x0000000693800000, 0x0000000693c00000|  0%| F|  |TAMS 0x0000000693800000, 0x0000000693800000| Untracked 
|  73|0x0000000693c00000, 0x0000000693c00000, 0x0000000694000000|  0%| F|  |TAMS 0x0000000693c00000, 0x0000000693c00000| Untracked 
|  74|0x0000000694000000, 0x0000000694000000, 0x0000000694400000|  0%| F|  |TAMS 0x0000000694000000, 0x0000000694000000| Untracked 
|  75|0x0000000694400000, 0x0000000694400000, 0x0000000694800000|  0%| F|  |TAMS 0x0000000694400000, 0x0000000694400000| Untracked 
|  76|0x0000000694800000, 0x0000000694800000, 0x0000000694c00000|  0%| F|  |TAMS 0x0000000694800000, 0x0000000694800000| Untracked 
|  77|0x0000000694c00000, 0x0000000694c00000, 0x0000000695000000|  0%| F|  |TAMS 0x0000000694c00000, 0x0000000694c00000| Untracked 
|  78|0x0000000695000000, 0x0000000695000000, 0x0000000695400000|  0%| F|  |TAMS 0x0000000695000000, 0x0000000695000000| Untracked 
|  79|0x0000000695400000, 0x0000000695400000, 0x0000000695800000|  0%| F|  |TAMS 0x0000000695400000, 0x0000000695400000| Untracked 
|  80|0x0000000695800000, 0x0000000695800000, 0x0000000695c00000|  0%| F|  |TAMS 0x0000000695800000, 0x0000000695800000| Untracked 
|  81|0x0000000695c00000, 0x0000000695c00000, 0x0000000696000000|  0%| F|  |TAMS 0x0000000695c00000, 0x0000000695c00000| Untracked 
|  82|0x0000000696000000, 0x0000000696000000, 0x0000000696400000|  0%| F|  |TAMS 0x0000000696000000, 0x0000000696000000| Untracked 
|  83|0x0000000696400000, 0x0000000696400000, 0x0000000696800000|  0%| F|  |TAMS 0x0000000696400000, 0x0000000696400000| Untracked 
|  84|0x0000000696800000, 0x0000000696800000, 0x0000000696c00000|  0%| F|  |TAMS 0x0000000696800000, 0x0000000696800000| Untracked 
|  85|0x0000000696c00000, 0x0000000696c00000, 0x0000000697000000|  0%| F|  |TAMS 0x0000000696c00000, 0x0000000696c00000| Untracked 
|  86|0x0000000697000000, 0x0000000697000000, 0x0000000697400000|  0%| F|  |TAMS 0x0000000697000000, 0x0000000697000000| Untracked 
|  87|0x0000000697400000, 0x0000000697400000, 0x0000000697800000|  0%| F|  |TAMS 0x0000000697400000, 0x0000000697400000| Untracked 
|  88|0x0000000697800000, 0x0000000697800000, 0x0000000697c00000|  0%| F|  |TAMS 0x0000000697800000, 0x0000000697800000| Untracked 
|  89|0x0000000697c00000, 0x0000000697c00000, 0x0000000698000000|  0%| F|  |TAMS 0x0000000697c00000, 0x0000000697c00000| Untracked 
|  90|0x0000000698000000, 0x0000000698000000, 0x0000000698400000|  0%| F|  |TAMS 0x0000000698000000, 0x0000000698000000| Untracked 
|  91|0x0000000698400000, 0x00000006986c3368, 0x0000000698800000| 69%| S|CS|TAMS 0x0000000698400000, 0x0000000698400000| Complete 
|  92|0x0000000698800000, 0x0000000698800000, 0x0000000698c00000|  0%| F|  |TAMS 0x0000000698800000, 0x0000000698800000| Untracked 
|  93|0x0000000698c00000, 0x0000000698c00000, 0x0000000699000000|  0%| F|  |TAMS 0x0000000698c00000, 0x0000000698c00000| Untracked 
|  94|0x0000000699000000, 0x00000006992effa0, 0x0000000699400000| 73%| E|  |TAMS 0x0000000699000000, 0x0000000699000000| Complete 
|  95|0x0000000699400000, 0x0000000699800000, 0x0000000699800000|100%| E|CS|TAMS 0x0000000699400000, 0x0000000699400000| Complete 

Card table byte_map: [0x00000245f0ec0000,0x00000245f1ac0000] _byte_map_base: 0x00000245edab4000

Marking Bits (Prev, Next): (CMBitMap*) 0x00000245d7bde840, (CMBitMap*) 0x00000245d7bde880
 Prev Bits: [0x00000245f26c0000, 0x00000245f8660000)
 Next Bits: [0x00000245f8660000, 0x00000245fe600000)

Polling page: 0x00000245d7c20000

Metaspace:

Usage:
  Non-class:      8.25 MB used.
      Class:    970.29 KB used.
       Both:      9.19 MB used.

Virtual space:
  Non-class space:       64.00 MB reserved,       8.31 MB ( 13%) committed,  1 nodes.
      Class space:        1.00 GB reserved,       1.06 MB ( <1%) committed,  1 nodes.
             Both:        1.06 GB reserved,       9.38 MB ( <1%) committed. 

Chunk freelists:
   Non-Class:  3.00 MB
       Class:  2.75 MB
        Both:  5.75 MB

MaxMetaspaceSize: unlimited
CompressedClassSpaceSize: 1.00 GB
Initial GC threshold: 21.00 MB
Current GC threshold: 21.00 MB
CDS: on
MetaspaceReclaimPolicy: balanced
 - commit_granule_bytes: 65536.
 - commit_granule_words: 8192.
 - virtual_space_node_default_size: 8388608.
 - enlarge_chunks_in_place: 1.
 - new_chunks_are_fully_committed: 0.
 - uncommit_free_chunks: 1.
 - use_allocation_guard: 0.


Internal statistics:

num_allocs_failed_limit: 0.
num_arena_births: 188.
num_arena_deaths: 0.
num_vsnodes_births: 2.
num_vsnodes_deaths: 0.
num_space_committed: 150.
num_space_uncommitted: 0.
num_chunks_returned_to_freelist: 0.
num_chunks_taken_from_freelist: 262.
num_chunk_merges: 0.
num_chunk_splits: 150.
num_chunks_enlarged: 66.
num_inconsistent_stats: 0.

CodeHeap 'non-profiled nmethods': size=120000Kb used=699Kb max_used=699Kb free=119301Kb
 bounds [0x00000245e8770000, 0x00000245e89e0000, 0x00000245efca0000]
CodeHeap 'profiled nmethods': size=120000Kb used=3572Kb max_used=3572Kb free=116427Kb
 bounds [0x00000245e1240000, 0x00000245e15c0000, 0x00000245e8770000]
CodeHeap 'non-nmethods': size=5760Kb used=1293Kb max_used=1327Kb free=4467Kb
 bounds [0x00000245e0ca0000, 0x00000245e0f10000, 0x00000245e1240000]
 total_blobs=2609 nmethods=1998 adapters=523
 compilation: enabled
              stopped_count=0, restarted_count=0
 full_count=0

Compilation events (20 events):
Event: 1120.943 Thread 0x00000245febecd20 1989       3       sun.util.locale.LanguageTag::isRegion (36 bytes)
Event: 1120.947 Thread 0x00000245febecd20 nmethod 1989 0x00000245e15b9210 code [0x00000245e15b9500, 0x00000245e15ba8b8]
Event: 1120.947 Thread 0x00000245febecd20 1990       3       java.util.Locale::forLanguageTag (74 bytes)
Event: 1120.948 Thread 0x00000245febecd20 nmethod 1990 0x00000245e15baf90 code [0x00000245e15bb1c0, 0x00000245e15bb8d8]
Event: 1130.934 Thread 0x00000245febecd20 1991       3       java.io.OutputStream::flush (1 bytes)
Event: 1130.934 Thread 0x00000245febecd20 nmethod 1991 0x00000245e15bbb10 code [0x00000245e15bbca0, 0x00000245e15bbdb8]
Event: 1143.742 Thread 0x00000245febe6390 1992       4       java.security.ProtectionDomain$JavaSecurityAccessImpl::doIntersectionPrivilege (22 bytes)
Event: 1143.746 Thread 0x00000245febe6390 nmethod 1992 0x00000245e881d410 code [0x00000245e881d600, 0x00000245e881da90]
Event: 1143.746 Thread 0x00000245febe6390 1993       4       java.security.ProtectionDomain$JavaSecurityAccessImpl::getCombinedACC (30 bytes)
Event: 1143.750 Thread 0x00000245febe6390 nmethod 1993 0x00000245e881df90 code [0x00000245e881e160, 0x00000245e881e520]
Event: 1150.656 Thread 0x00000245febe6390 1994       4       java.awt.Component::getContainer (5 bytes)
Event: 1150.657 Thread 0x00000245febe6390 nmethod 1994 0x00000245e881e910 code [0x00000245e881ea80, 0x00000245e881eaf8]
Event: 1150.958 Thread 0x00000245febecd20 1995       3       java.io.PrintStream::ensureOpen (18 bytes)
Event: 1150.959 Thread 0x00000245febecd20 nmethod 1995 0x00000245e15bbe90 code [0x00000245e15bc040, 0x00000245e15bc248]
Event: 1150.959 Thread 0x00000245febecd20 1996  s    3       java.io.BufferedOutputStream::flush (12 bytes)
Event: 1150.959 Thread 0x00000245febecd20 nmethod 1996 0x00000245e15bc310 code [0x00000245e15bc4e0, 0x00000245e15bc8f8]
Event: 1150.959 Thread 0x00000245febecd20 1997       3       java.io.BufferedOutputStream::flushBuffer (29 bytes)
Event: 1150.960 Thread 0x00000245febecd20 nmethod 1997 0x00000245e15bca10 code [0x00000245e15bcbc0, 0x00000245e15bce08]
Event: 1163.406 Thread 0x00000245febecd20 1998       3       jdk.internal.misc.Unsafe::storeFence (5 bytes)
Event: 1163.406 Thread 0x00000245febecd20 nmethod 1998 0x00000245e15bcf10 code [0x00000245e15bd0a0, 0x00000245e15bd1b8]

GC Heap History (2 events):
Event: 621.060 GC heap before
{Heap before GC invocations=0 (full 0):
 garbage-first heap   total 393216K, used 16384K [0x0000000681800000, 0x0000000800000000)
  region size 4096K, 4 young (16384K), 0 survivors (0K)
 Metaspace       used 9289K, committed 9472K, reserved 1114112K
  class space    used 969K, committed 1088K, reserved 1048576K
}
Event: 621.065 GC heap after
{Heap after GC invocations=1 (full 0):
 garbage-first heap   total 393216K, used 2828K [0x0000000681800000, 0x0000000800000000)
  region size 4096K, 1 young (4096K), 1 survivors (4096K)
 Metaspace       used 9289K, committed 9472K, reserved 1114112K
  class space    used 969K, committed 1088K, reserved 1048576K
}

Deoptimization events (20 events):
Event: 630.057 Thread 0x00000245ff06a590 Uncommon trap: trap_request=0xffffff45 fr.pc=0x00000245e87fa6e4 relative=0x00000000000009a4
Event: 630.057 Thread 0x00000245ff06a590 Uncommon trap: reason=unstable_if action=reinterpret pc=0x00000245e87fa6e4 method=java.lang.ref.SoftReference.get()Ljava/lang/Object; @ 17 c2
Event: 630.057 Thread 0x00000245ff06a590 DEOPT PACKING pc=0x00000245e87fa6e4 sp=0x0000004d812fea50
Event: 630.057 Thread 0x00000245ff06a590 DEOPT UNPACKING pc=0x00000245e0cf23a3 sp=0x0000004d812fe980 mode 2
Event: 630.057 Thread 0x00000245ff06a590 Uncommon trap: trap_request=0xffffff45 fr.pc=0x00000245e87ee860 relative=0x00000000000000e0
Event: 630.057 Thread 0x00000245ff06a590 Uncommon trap: reason=unstable_if action=reinterpret pc=0x00000245e87ee860 method=java.lang.ref.SoftReference.get()Ljava/lang/Object; @ 17 c2
Event: 630.057 Thread 0x00000245ff06a590 DEOPT PACKING pc=0x00000245e87ee860 sp=0x0000004d812fd980
Event: 630.057 Thread 0x00000245ff06a590 DEOPT UNPACKING pc=0x00000245e0cf23a3 sp=0x0000004d812fd938 mode 2
Event: 818.161 Thread 0x0000024586f28280 Uncommon trap: trap_request=0xffffff45 fr.pc=0x00000245e87ceeac relative=0x0000000000000b0c
Event: 818.161 Thread 0x0000024586f28280 Uncommon trap: reason=unstable_if action=reinterpret pc=0x00000245e87ceeac method=java.util.concurrent.locks.AbstractQueuedSynchronizer.acquire(Ljava/util/concurrent/locks/AbstractQueuedSynchronizer$Node;IZZZJ)I @ 49 c2
Event: 818.161 Thread 0x0000024586f28280 DEOPT PACKING pc=0x00000245e87ceeac sp=0x0000004d818fefc0
Event: 818.161 Thread 0x0000024586f28280 DEOPT UNPACKING pc=0x00000245e0cf23a3 sp=0x0000004d818fef68 mode 2
Event: 1163.406 Thread 0x0000024586f30cc0 Uncommon trap: trap_request=0xffffffde fr.pc=0x00000245e87c7da4 relative=0x00000000000004e4
Event: 1163.406 Thread 0x0000024586f30cc0 Uncommon trap: reason=class_check action=maybe_recompile pc=0x00000245e87c7da4 method=java.util.logging.LogManager$LoggerContext.findLogger(Ljava/lang/String;)Ljava/util/logging/Logger; @ 24 c2
Event: 1163.406 Thread 0x0000024586f30cc0 DEOPT PACKING pc=0x00000245e87c7da4 sp=0x0000004d814ff370
Event: 1163.406 Thread 0x0000024586f30cc0 DEOPT UNPACKING pc=0x00000245e0cf23a3 sp=0x0000004d814ff330 mode 2
Event: 1163.406 Thread 0x0000024586f30cc0 Uncommon trap: trap_request=0xfffffff4 fr.pc=0x00000245e87c7df0 relative=0x0000000000000530
Event: 1163.406 Thread 0x0000024586f30cc0 Uncommon trap: reason=null_check action=make_not_entrant pc=0x00000245e87c7df0 method=java.util.logging.LogManager$LoggerContext.findLogger(Ljava/lang/String;)Ljava/util/logging/Logger; @ 24 c2
Event: 1163.406 Thread 0x0000024586f30cc0 DEOPT PACKING pc=0x00000245e87c7df0 sp=0x0000004d814ff370
Event: 1163.406 Thread 0x0000024586f30cc0 DEOPT UNPACKING pc=0x00000245e0cf23a3 sp=0x0000004d814ff330 mode 2

Classes loaded (20 events):
Event: 31.792 Loading class javax/swing/event/UndoableEditListener
Event: 31.792 Loading class javax/swing/event/UndoableEditListener done
Event: 31.813 Loading class javax/swing/text/JTextComponent$ComposedTextCaret
Event: 31.813 Loading class javax/swing/text/JTextComponent$ComposedTextCaret done
Event: 31.814 Loading class javax/swing/RepaintManager$3
Event: 31.814 Loading class javax/swing/RepaintManager$3 done
Event: 31.816 Loading class java/awt/print/PrinterGraphics
Event: 31.816 Loading class java/awt/print/PrinterGraphics done
Event: 31.816 Loading class java/awt/PrintGraphics
Event: 31.817 Loading class java/awt/PrintGraphics done
Event: 31.817 Loading class sun/java2d/loops/FontInfo
Event: 31.817 Loading class sun/java2d/loops/FontInfo done
Event: 33.829 Loading class java/util/regex/Pattern$Pos
Event: 33.829 Loading class java/util/regex/Pattern$Pos done
Event: 34.522 Loading class javax/swing/text/GapContent$RemoveUndo
Event: 34.522 Loading class javax/swing/text/GapContent$RemoveUndo done
Event: 34.522 Loading class javax/swing/text/GapContent$UndoPosRef
Event: 34.522 Loading class javax/swing/text/GapContent$UndoPosRef done
Event: 1163.404 Loading class jdk/internal/misc/Signal$1
Event: 1163.404 Loading class jdk/internal/misc/Signal$1 done

Classes unloaded (0 events):
No events

Classes redefined (0 events):
No events

Internal exceptions (18 events):
Event: 0.086 Thread 0x00000245d7b50650 Exception <a 'java/lang/NoSuchMethodError'{0x00000006995e5f58}: 'void java.lang.invoke.DirectMethodHandle$Holder.invokeStatic(java.lang.Object, java.lang.Object, java.lang.Object)'> (0x00000006995e5f58) 
thrown [s\open\src\hotspot\share\interpreter\linkResolver.cpp, line 766]
Event: 0.090 Thread 0x00000245d7b50650 Exception <a 'java/lang/NoSuchMethodError'{0x00000006995feeb0}: 'java.lang.Object java.lang.invoke.Invokers$Holder.invokeExact_MT(java.lang.Object, java.lang.Object, java.lang.Object, java.lang.Object, java.lang.Object)'> (0x00000006995feeb0) 
thrown [s\open\src\hotspot\share\interpreter\linkResolver.cpp, line 766]
Event: 0.100 Thread 0x00000245fef1fc00 Exception <a 'java/lang/NoSuchMethodError'{0x0000000699644298}: 'void java.lang.invoke.DirectMethodHandle$Holder.invokeStatic(java.lang.Object, java.lang.Object)'> (0x0000000699644298) 
thrown [s\open\src\hotspot\share\interpreter\linkResolver.cpp, line 766]
Event: 0.110 Thread 0x00000245d7b50650 Exception <a 'java/lang/ClassNotFoundException'{0x0000000699698368}: sun/awt/resources/spi/awtProvider> (0x0000000699698368) 
thrown [s\open\src\hotspot\share\classfile\systemDictionary.cpp, line 255]
Event: 0.126 Thread 0x00000245d7b50650 Exception <a 'java/io/FileNotFoundException'{0x00000006996e3970}> (0x00000006996e3970) 
thrown [s\open\src\hotspot\share\prims\jni.cpp, line 516]
Event: 0.131 Thread 0x00000245d7b50650 Exception <a 'java/io/FileNotFoundException'{0x00000006997108a0}> (0x00000006997108a0) 
thrown [s\open\src\hotspot\share\prims\jni.cpp, line 516]
Event: 0.154 Thread 0x00000245d7b50650 Exception <a 'java/lang/NoSuchMethodError'{0x0000000699738c38}: 'java.lang.Object java.lang.invoke.DirectMethodHandle$Holder.invokeStaticInit(java.lang.Object)'> (0x0000000699738c38) 
thrown [s\open\src\hotspot\share\interpreter\linkResolver.cpp, line 766]
Event: 0.204 Thread 0x00000245ff06a590 Exception <a 'java/lang/NoSuchMethodError'{0x00000006990194d8}: 'void java.lang.invoke.DirectMethodHandle$Holder.invokeSpecial(java.lang.Object, java.lang.Object, java.lang.Object)'> (0x00000006990194d8) 
thrown [s\open\src\hotspot\share\interpreter\linkResolver.cpp, line 766]
Event: 0.210 Thread 0x00000245ff06a590 Exception <a 'java/lang/NoSuchMethodError'{0x0000000699044250}: 'java.lang.Object java.lang.invoke.DirectMethodHandle$Holder.newInvokeSpecial(java.lang.Object, java.lang.Object, java.lang.Object, java.lang.Object, java.lang.Object)'> (0x0000000699044250) 
thrown [s\open\src\hotspot\share\interpreter\linkResolver.cpp, line 766]
Event: 0.216 Thread 0x00000245ff06a590 Exception <a 'java/lang/NoSuchMethodError'{0x0000000699075db0}: 'java.lang.Object java.lang.invoke.DirectMethodHandle$Holder.invokeStatic(java.lang.Object, int, java.lang.Object)'> (0x0000000699075db0) 
thrown [s\open\src\hotspot\share\interpreter\linkResolver.cpp, line 766]
Event: 0.236 Thread 0x00000245ff06a590 Exception <a 'java/lang/ClassNotFoundException'{0x00000006991328c8}: com/sun/swing/internal/plaf/metal/resources/spi/metalProvider> (0x00000006991328c8) 
thrown [s\open\src\hotspot\share\classfile\systemDictionary.cpp, line 255]
Event: 0.237 Thread 0x00000245ff06a590 Exception <a 'java/lang/ClassNotFoundException'{0x0000000699136950}: com/sun/swing/internal/plaf/basic/resources/spi/basicProvider> (0x0000000699136950) 
thrown [s\open\src\hotspot\share\classfile\systemDictionary.cpp, line 255]
Event: 0.243 Thread 0x00000245ff06a590 Exception <a 'java/lang/NoSuchMethodError'{0x0000000699152e38}: 'int java.lang.invoke.Invokers$Holder.invokeExact_MT(java.lang.Object, java.lang.Object)'> (0x0000000699152e38) 
thrown [s\open\src\hotspot\share\interpreter\linkResolver.cpp, line 766]
Event: 0.280 Thread 0x00000245ff06a590 Exception <a 'java/lang/NoSuchMethodError'{0x00000006991999d0}: 'void java.lang.invoke.DirectMethodHandle$Holder.invokeStaticInit(java.lang.Object)'> (0x00000006991999d0) 
thrown [s\open\src\hotspot\share\interpreter\linkResolver.cpp, line 766]
Event: 0.333 Thread 0x00000245fef9f8a0 Exception <a 'java/lang/NoSuchMethodError'{0x000000069978dcc0}: 'void java.lang.invoke.DirectMethodHandle$Holder.invokeVirtual(java.lang.Object, java.lang.Object)'> (0x000000069978dcc0) 
thrown [s\open\src\hotspot\share\interpreter\linkResolver.cpp, line 766]
Event: 0.375 Thread 0x00000245ff06a590 Exception <a 'java/lang/NoSuchMethodError'{0x00000006992b22a8}: 'void java.lang.invoke.DirectMethodHandle$Holder.invokeStatic(java.lang.Object, int, java.lang.Object)'> (0x00000006992b22a8) 
thrown [s\open\src\hotspot\share\interpreter\linkResolver.cpp, line 766]
Event: 1.213 Thread 0x00000245febe4510 Exception <a 'java/lang/NoSuchMethodError'{0x0000000698ceeff0}: 'java.lang.Object java.lang.invoke.Invokers$Holder.invokeExact_MT(java.lang.Object, java.lang.Object, java.lang.Object, java.lang.Object, java.lang.Object, java.lang.Object)'> (0x0000000698ceeff0) 
thrown [s\open\src\hotspot\share\interpreter\linkResolver.cpp, line 766]
Event: 1163.406 Thread 0x0000024586f30cc0 Implicit null exception at 0x00000245e87c7b91 to 0x00000245e87c7dcc

VM Operations (20 events):
Event: 934.929 Executing VM operation: Cleanup done
Event: 1018.781 Executing VM operation: Cleanup
Event: 1018.781 Executing VM operation: Cleanup done
Event: 1020.799 Executing VM operation: Cleanup
Event: 1020.799 Executing VM operation: Cleanup done
Event: 1021.809 Executing VM operation: Cleanup
Event: 1021.809 Executing VM operation: Cleanup done
Event: 1022.820 Executing VM operation: Cleanup
Event: 1022.821 Executing VM operation: Cleanup done
Event: 1057.131 Executing VM operation: Cleanup
Event: 1057.131 Executing VM operation: Cleanup done
Event: 1064.211 Executing VM operation: Cleanup
Event: 1064.211 Executing VM operation: Cleanup done
Event: 1151.035 Executing VM operation: Cleanup
Event: 1151.035 Executing VM operation: Cleanup done
Event: 1153.045 Executing VM operation: Cleanup
Event: 1153.045 Executing VM operation: Cleanup done
Event: 1155.070 Executing VM operation: Cleanup
Event: 1155.070 Executing VM operation: Cleanup done
Event: 1163.520 Executing VM operation: Exit

Events (20 events):
Event: 0.156 Thread 0x00000245fef9f8a0 Thread added: 0x00000245fef9f8a0
Event: 0.167 Thread 0x00000245ff06a590 Thread added: 0x00000245ff06a590
Event: 0.283 Loaded shared library E:\Program Files\Java\jdk-18.0.1\bin\freetype.dll
Event: 0.284 Loaded shared library E:\Program Files\Java\jdk-18.0.1\bin\fontmanager.dll
Event: 0.354 Thread 0x0000024586ec1990 Thread added: 0x0000024586ec1990
Event: 0.364 Loaded shared library C:\Users\Lenovo 2\Downloads\JNativeHook-2.2.2.x86_64.dll
Event: 0.371 Thread 0x0000024586ee9170 Thread added: 0x0000024586ee9170
Event: 0.373 Thread 0x0000024586f28280 Thread added: 0x0000024586f28280
Event: 0.410 Thread 0x0000024586f2d7d0 Thread added: 0x0000024586f2d7d0
Event: 0.700 Thread 0x0000024586ec1990 Thread exited: 0x0000024586ec1990
Event: 1.011 Thread 0x00000245d7b50650 Thread exited: 0x00000245d7b50650
Event: 1.012 Thread 0x0000024586f2fe50 Thread added: 0x0000024586f2fe50
Event: 1163.404 Thread 0x0000024586f30320 Thread added: 0x0000024586f30320
Event: 1163.404 Thread 0x0000024586f307f0 Thread added: 0x0000024586f307f0
Event: 1163.404 Thread 0x0000024586f30cc0 Thread added: 0x0000024586f30cc0
Event: 1163.404 Thread 0x0000024586f2eb10 Thread added: 0x0000024586f2eb10
Event: 1163.406 Thread 0x0000024586f2eb10 Thread exited: 0x0000024586f2eb10
Event: 1163.406 Thread 0x0000024586f30cc0 Thread exited: 0x0000024586f30cc0
Event: 1163.416 Thread 0x00000245fef9f8a0 Thread exited: 0x00000245fef9f8a0
Event: 1163.520 Thread 0x0000024586f307f0 Thread exited: 0x0000024586f307f0


Dynamic libraries:
0x00007ff7f8480000 - 0x00007ff7f8490000 	E:\Program Files\Java\jdk-18.0.1\bin\java.exe
0x00007ff86f410000 - 0x00007ff86f608000 	C:\WINDOWS\SYSTEM32\ntdll.dll
0x00007ff86f2b0000 - 0x00007ff86f36f000 	C:\WINDOWS\System32\KERNEL32.DLL
0x00007ff86cb70000 - 0x00007ff86ce4a000 	C:\WINDOWS\System32\KERNELBASE.dll
0x00007ff86d130000 - 0x00007ff86d230000 	C:\WINDOWS\System32\ucrtbase.dll
0x00007ff8685d0000 - 0x00007ff8685e8000 	E:\Program Files\Java\jdk-18.0.1\bin\jli.dll
0x00007ff86e850000 - 0x00007ff86e8fe000 	C:\WINDOWS\System32\ADVAPI32.dll
0x00007ff86e400000 - 0x00007ff86e49e000 	C:\WINDOWS\System32\msvcrt.dll
0x00007ff862470000 - 0x00007ff86248a000 	E:\Program Files\Java\jdk-18.0.1\bin\VCRUNTIME140.dll
0x00007ff86e2f0000 - 0x00007ff86e38c000 	C:\WINDOWS\System32\sechost.dll
0x00007ff86e900000 - 0x00007ff86ea26000 	C:\WINDOWS\System32\RPCRT4.dll
0x00007ff86e110000 - 0x00007ff86e2ad000 	C:\WINDOWS\System32\USER32.dll
0x00007ff86cee0000 - 0x00007ff86cf02000 	C:\WINDOWS\System32\win32u.dll
0x00007ff86de60000 - 0x00007ff86de8b000 	C:\WINDOWS\System32\GDI32.dll
0x00007ff86cf10000 - 0x00007ff86d020000 	C:\WINDOWS\System32\gdi32full.dll
0x00007ff86d020000 - 0x00007ff86d0bd000 	C:\WINDOWS\System32\msvcp_win.dll
0x00007ff85db30000 - 0x00007ff85ddca000 	C:\WINDOWS\WinSxS\amd64_microsoft.windows.common-controls_6595b64144ccf1df_6.0.19041.1110_none_60b5254171f9507e\COMCTL32.dll
0x00007ff865840000 - 0x00007ff86584a000 	C:\WINDOWS\SYSTEM32\VERSION.dll
0x00007ff86e2b0000 - 0x00007ff86e2e0000 	C:\WINDOWS\System32\IMM32.DLL
0x00007ff868560000 - 0x00007ff86856c000 	E:\Program Files\Java\jdk-18.0.1\bin\vcruntime140_1.dll
0x00007ff84a080000 - 0x00007ff84a10d000 	E:\Program Files\Java\jdk-18.0.1\bin\msvcp140.dll
0x00007ff806f20000 - 0x00007ff807b30000 	E:\Program Files\Java\jdk-18.0.1\bin\server\jvm.dll
0x00007ff86e2e0000 - 0x00007ff86e2e8000 	C:\WINDOWS\System32\PSAPI.DLL
0x00007ff8684d0000 - 0x00007ff8684d9000 	C:\WINDOWS\SYSTEM32\WSOCK32.dll
0x00007ff86e390000 - 0x00007ff86e3fb000 	C:\WINDOWS\System32\WS2_32.dll
0x00007ff85caa0000 - 0x00007ff85cac7000 	C:\WINDOWS\SYSTEM32\WINMM.dll
0x00007ff86a9c0000 - 0x00007ff86a9d2000 	C:\WINDOWS\SYSTEM32\kernel.appcore.dll
0x00007ff862090000 - 0x00007ff86209a000 	E:\Program Files\Java\jdk-18.0.1\bin\jimage.dll
0x00007ff85cb00000 - 0x00007ff85cce4000 	C:\WINDOWS\SYSTEM32\DBGHELP.DLL
0x00007ff85bf80000 - 0x00007ff85bfb4000 	C:\WINDOWS\SYSTEM32\dbgcore.DLL
0x00007ff86ce50000 - 0x00007ff86ced2000 	C:\WINDOWS\System32\bcryptPrimitives.dll
0x00007ff84a130000 - 0x00007ff84a13e000 	E:\Program Files\Java\jdk-18.0.1\bin\instrument.dll
0x00007ff84a5a0000 - 0x00007ff84a5c5000 	E:\Program Files\Java\jdk-18.0.1\bin\java.dll
0x00007ff849fa0000 - 0x00007ff84a076000 	E:\Program Files\Java\jdk-18.0.1\bin\jsvml.dll
0x00007ff86ea90000 - 0x00007ff86f1d4000 	C:\WINDOWS\System32\SHELL32.dll
0x00007ff86abc0000 - 0x00007ff86b353000 	C:\WINDOWS\SYSTEM32\windows.storage.dll
0x00007ff86d8f0000 - 0x00007ff86dc44000 	C:\WINDOWS\System32\combase.dll
0x00007ff86c3c0000 - 0x00007ff86c3ee000 	C:\WINDOWS\SYSTEM32\Wldp.dll
0x00007ff86e7a0000 - 0x00007ff86e84d000 	C:\WINDOWS\System32\SHCORE.dll
0x00007ff86dff0000 - 0x00007ff86e045000 	C:\WINDOWS\System32\shlwapi.dll
0x00007ff86ca60000 - 0x00007ff86ca7f000 	C:\WINDOWS\SYSTEM32\profapi.dll
0x00007ff84a4d0000 - 0x00007ff84a4e8000 	E:\Program Files\Java\jdk-18.0.1\bin\zip.dll
0x00007ff84a540000 - 0x00007ff84a553000 	E:\Program Files\Java\jdk-18.0.1\bin\net.dll
0x00007ff865990000 - 0x00007ff865a9a000 	C:\WINDOWS\SYSTEM32\WINHTTP.dll
0x00007ff86c1a0000 - 0x00007ff86c20a000 	C:\WINDOWS\system32\mswsock.dll
0x00007ff84a4f0000 - 0x00007ff84a506000 	E:\Program Files\Java\jdk-18.0.1\bin\nio.dll
0x00007ff849f80000 - 0x00007ff849f9a000 	D:\Programe Files\IntelliJ IDEA Community Edition 2022.3.3\bin\breakgen64.dll
0x00007ff847fc0000 - 0x00007ff84814f000 	E:\Program Files\Java\jdk-18.0.1\bin\awt.dll
0x00007ff86f1e0000 - 0x00007ff86f2ad000 	C:\WINDOWS\System32\OLEAUT32.dll
0x00007ff86a3c0000 - 0x00007ff86a450000 	C:\WINDOWS\SYSTEM32\apphelp.dll
0x00007ff86a4f0000 - 0x00007ff86a58e000 	C:\WINDOWS\system32\uxtheme.dll
0x00007ff817790000 - 0x00007ff8177b2000 	C:\Users\LENOVO~1\AppData\Local\Temp\E636.tmp
0x00007ff86e550000 - 0x00007ff86e67a000 	C:\WINDOWS\System32\ole32.dll
0x00007ff86c330000 - 0x00007ff86c33c000 	C:\WINDOWS\SYSTEM32\CRYPTBASE.DLL
0x00007ff85ca70000 - 0x00007ff85ca80000 	D:\Programe Files\RBTray-4_3\64\RBHook.dll
0x00007ff86e680000 - 0x00007ff86e794000 	C:\WINDOWS\System32\MSCTF.dll
0x00007ff86a7e0000 - 0x00007ff86a80f000 	C:\WINDOWS\system32\DWMAPI.DLL
0x00007ff818b30000 - 0x00007ff818c55000 	C:\WINDOWS\system32\opengl32.dll
0x00007ff846de0000 - 0x00007ff846e0c000 	C:\WINDOWS\SYSTEM32\GLU32.dll
0x00007ff86d230000 - 0x00007ff86d257000 	C:\WINDOWS\System32\bcrypt.dll
0x00007ff867c80000 - 0x00007ff867cbb000 	C:\WINDOWS\SYSTEM32\dxcore.dll
0x00007ff86cb20000 - 0x00007ff86cb6e000 	C:\WINDOWS\System32\cfgmgr32.dll
0x00007ff849ef0000 - 0x00007ff849f79000 	E:\Program Files\Java\jdk-18.0.1\bin\freetype.dll
0x00007ff849ca0000 - 0x00007ff849d48000 	E:\Program Files\Java\jdk-18.0.1\bin\fontmanager.dll
0x00007ff86e050000 - 0x00007ff86e0f9000 	C:\WINDOWS\System32\clbcatq.dll
0x00007ff866730000 - 0x00007ff8668e4000 	C:\WINDOWS\SYSTEM32\WindowsCodecs.dll
0x00007ff863690000 - 0x00007ff863789000 	C:\WINDOWS\SYSTEM32\textinputframework.dll
0x00007ff86a1e0000 - 0x00007ff86a2d2000 	C:\WINDOWS\System32\CoreMessaging.dll
0x00007ff869e80000 - 0x00007ff86a1de000 	C:\WINDOWS\System32\CoreUIComponents.dll
0x00007ff86bc20000 - 0x00007ff86bc53000 	C:\WINDOWS\SYSTEM32\ntmarta.dll
0x00007ff869d20000 - 0x00007ff869e74000 	C:\WINDOWS\SYSTEM32\wintypes.dll
0x00007ff8411d0000 - 0x00007ff841236000 	C:\WINDOWS\system32\Oleacc.dll
0x00007ff849ed0000 - 0x00007ff849eea000 	C:\Users\Lenovo 2\Downloads\JNativeHook-2.2.2.x86_64.dll
0x00007ff83ae60000 - 0x00007ff83ae69000 	C:\WINDOWS\system32\KBDUS.DLL
0x00007ff84a120000 - 0x00007ff84a126000 	C:\WINDOWS\system32\KBDINEN.DLL
0x00007ff849ec0000 - 0x00007ff849ec5000 	C:\WINDOWS\system32\KBDUK.DLL
0x00007ff868670000 - 0x00007ff868766000 	C:\Windows\System32\PROPSYS.dll

dbghelp: loaded successfully - version: 4.0.5 - missing functions: none
symbol engine: initialized successfully - sym options: 0x614 - pdb path: .;E:\Program Files\Java\jdk-18.0.1\bin;C:\WINDOWS\SYSTEM32;C:\WINDOWS\WinSxS\amd64_microsoft.windows.common-controls_6595b64144ccf1df_6.0.19041.1110_none_60b5254171f9507e;E:\Program Files\Java\jdk-18.0.1\bin\server;D:\Programe Files\IntelliJ IDEA Community Edition 2022.3.3\bin;C:\Users\LENOVO~1\AppData\Local\Temp;D:\Programe Files\RBTray-4_3\64;C:\Users\Lenovo 2\Downloads

VM Arguments:
jvm_args: -javaagent:D:\Programe Files\IntelliJ IDEA Community Edition 2022.3.3\lib\idea_rt.jar=53107:D:\Programe Files\IntelliJ IDEA Community Edition 2022.3.3\bin -Dfile.encoding=UTF-8 -Dsun.stdout.encoding=UTF-8 -Dsun.stderr.encoding=UTF-8 
java_command: VoiceTypingApp
java_class_path (initial): C:\Users\Lenovo 2\AppData\Local\JetBrains\IdeaIC2022.3\compile-server\tesst_1b32ba3f\scratches\out;C:\Users\Lenovo 2\IdeaProjects\tesst\out\production\tesst;C:\Users\Lenovo 2\Downloads\jnativehook-2.2.2.jar
Launcher Type: SUN_STANDARD

[Global flags]
     intx CICompilerCount                          = 3                                         {product} {ergonomic}
     uint ConcGCThreads                            = 1                                         {product} {ergonomic}
     uint G1ConcRefinementThreads                  = 4                                         {product} {ergonomic}
   size_t G1HeapRegionSize                         = 4194304                                   {product} {ergonomic}
    uintx GCDrainStackTargetSize                   = 64                                        {product} {ergonomic}
   size_t InitialHeapSize                          = 402653184                                 {product} {ergonomic}
   size_t MarkStackSize                            = 4194304                                   {product} {ergonomic}
   size_t MaxHeapSize                              = 6417285120                                {product} {ergonomic}
   size_t MaxNewSize                               = 3850371072                                {product} {ergonomic}
   size_t MinHeapDeltaBytes                        = 4194304                                   {product} {ergonomic}
   size_t MinHeapSize                              = 8388608                                   {product} {ergonomic}
    uintx NonNMethodCodeHeapSize                   = 5832780                                {pd product} {ergonomic}
    uintx NonProfiledCodeHeapSize                  = 122912730                              {pd product} {ergonomic}
    uintx ProfiledCodeHeapSize                     = 122912730                              {pd product} {ergonomic}
    uintx ReservedCodeCacheSize                    = 251658240                              {pd product} {ergonomic}
     bool SegmentedCodeCache                       = true                                      {product} {ergonomic}
   size_t SoftMaxHeapSize                          = 6417285120                             {manageable} {ergonomic}
     bool UseCompressedClassPointers               = true                           {product lp64_product} {ergonomic}
     bool UseCompressedOops                        = true                           {product lp64_product} {ergonomic}
     bool UseG1GC                                  = true                                      {product} {ergonomic}
     bool UseLargePagesIndividualAllocation        = false                                  {pd product} {ergonomic}

Logging:
Log output configuration:
 #0: stdout all=off uptime,level,tags foldmultilines=false
 #1: stderr all=off uptime,level,tags foldmultilines=false

Environment Variables:
PATH=C:\Program Files (x86)\Common Files\Oracle\Java\javapath;C:\WINDOWS\system32;C:\WINDOWS;C:\WINDOWS\System32\Wbem;C:\WINDOWS\System32\WindowsPowerShell\v1.0\;C:\WINDOWS\System32\OpenSSH\;C:\Program Files (x86)\nodejs\;C:\Program Files\Git\cmd;C:\Program Files\Docker\Docker\resources\bin;C:\Users\Lenovo 2\AppData\Local\Microsoft\WindowsApps;C:\Users\Lenovo 2\AppData\Local\Programs\Espanso;D:\Programe Files\adb;C:\Users\Lenovo 2\AppData\Local\Programs\Microsoft VS Code\bin;C:\FlutterSdk\flutter\bin;C:\Users\Lenovo 2\AppData\Roaming\npm;D:\Programe Files\IntelliJ IDEA Community Edition 2022.3.3\bin;;D:\Programe Files\scrcpy;C:\Users\Lenovo 2\AppData\Local\Programs\mongosh\;C:\Program Files\MongoDB\Server\6.0\bin;C:\Program Files\Java\jre1.8.0_251\bin;D:\AndroidStudioProjects\apktool;
USERNAME=Lenovo 2
OS=Windows_NT
PROCESSOR_IDENTIFIER=Intel64 Family 6 Model 60 Stepping 3, GenuineIntel



---------------  S Y S T E M  ---------------

OS:
 Windows 10 , 64 bit Build 19041 (10.0.19041.2788)
OS uptime: 0 days 0:59 hours
Hyper-V role detected

CPU: total 4 (initial active 4) (4 cores per cpu, 1 threads per core) family 6 model 60 stepping 3 microcode 0x27, cx8, cmov, fxsr, mmx, sse, sse2, sse3, ssse3, sse4.1, sse4.2, popcnt, lzcnt, tsc, tscinvbit, avx, avx2, aes, erms, clmul, bmi1, bmi2, fma, vzeroupper, clflush, hv

Memory: 4k page, system-wide physical 24465M (14174M free)
TotalPageFile size 28049M (AvailPageFile size 16779M)
current process WorkingSet (physical memory assigned to process): 79M, peak: 93M
current process commit charge ("private bytes"): 484M, peak: 495M

vm_info: Java HotSpot(TM) 64-Bit Server VM (18.0.1+10-24) for windows-amd64 JRE (18.0.1+10-24), built on Mar  9 2022 22:41:56 by "mach5one" with MS VC++ 16.8 / 16.9 (VS2019)

END.
